   Compiling librocksdb-sys v0.11.0+8.1.1
warning: librocksdb-sys@0.11.0+8.1.1: In file included from rocksdb/db/blob/blob_file_meta.cc:6:
warning: librocksdb-sys@0.11.0+8.1.1: rocksdb/db/blob/blob_file_meta.h:28:7: error: 'uint64_t' has not been declared
warning: librocksdb-sys@0.11.0+8.1.1:    28 |       uint64_t blob_file_number, uint64_t total_blob_count,
warning: librocksdb-sys@0.11.0+8.1.1:       |       ^~~~~~~~
warning: librocksdb-sys@0.11.0+8.1.1: rocksdb/db/blob/blob_file_meta.h:15:1: note: 'uint64_t' is defined in header '<cstdint>'; this is probably fixable by adding '#include <cstdint>'
warning: librocksdb-sys@0.11.0+8.1.1:    14 | #include "rocksdb/rocksdb_namespace.h"
warning: librocksdb-sys@0.11.0+8.1.1:   +++ |+#include <cstdint>
warning: librocksdb-sys@0.11.0+8.1.1:    15 | 
warning: librocksdb-sys@0.11.0+8.1.1: rocksdb/db/blob/blob_file_meta.h:28:34: error: 'uint64_t' has not been declared
warning: librocksdb-sys@0.11.0+8.1.1:    28 |       uint64_t blob_file_number, uint64_t total_blob_count,
warning: librocksdb-sys@0.11.0+8.1.1:       |                                  ^~~~~~~~
warning: librocksdb-sys@0.11.0+8.1.1: rocksdb/db/blob/blob_file_meta.h:28:34: note: 'uint64_t' is defined in header '<cstdint>'; this is probably fixable by adding '#include <cstdint>'
warning: librocksdb-sys@0.11.0+8.1.1: rocksdb/db/blob/blob_file_meta.h:29:7: error: 'uint64_t' has not been declared
warning: librocksdb-sys@0.11.0+8.1.1:    29 |       uint64_t total_blob_bytes, std::string checksum_method,
warning: librocksdb-sys@0.11.0+8.1.1:       |       ^~~~~~~~
warning: librocksdb-sys@0.11.0+8.1.1: rocksdb/db/blob/blob_file_meta.h:29:7: note: 'uint64_t' is defined in header '<cstdint>'; this is probably fixable by adding '#include <cstdint>'
warning: librocksdb-sys@0.11.0+8.1.1: rocksdb/db/blob/blob_file_meta.h:38:7: error: 'uint64_t' has not been declared
warning: librocksdb-sys@0.11.0+8.1.1:    38 |       uint64_t blob_file_number, uint64_t total_blob_count,
warning: librocksdb-sys@0.11.0+8.1.1:       |       ^~~~~~~~
warning: librocksdb-sys@0.11.0+8.1.1: rocksdb/db/blob/blob_file_meta.h:38:7: note: 'uint64_t' is defined in header '<cstdint>'; this is probably fixable by adding '#include <cstdint>'
warning: librocksdb-sys@0.11.0+8.1.1: rocksdb/db/blob/blob_file_meta.h:38:34: error: 'uint64_t' has not been declared
warning: librocksdb-sys@0.11.0+8.1.1:    38 |       uint64_t blob_file_number, uint64_t total_blob_count,
warning: librocksdb-sys@0.11.0+8.1.1:       |                                  ^~~~~~~~
warning: librocksdb-sys@0.11.0+8.1.1: rocksdb/db/blob/blob_file_meta.h:38:34: note: 'uint64_t' is defined in header '<cstdint>'; this is probably fixable by adding '#include <cstdint>'
warning: librocksdb-sys@0.11.0+8.1.1: rocksdb/db/blob/blob_file_meta.h:39:7: error: 'uint64_t' has not been declared
warning: librocksdb-sys@0.11.0+8.1.1:    39 |       uint64_t total_blob_bytes, std::string checksum_method,
warning: librocksdb-sys@0.11.0+8.1.1:       |       ^~~~~~~~
warning: librocksdb-sys@0.11.0+8.1.1: rocksdb/db/blob/blob_file_meta.h:39:7: note: 'uint64_t' is defined in header '<cstdint>'; this is probably fixable by adding '#include <cstdint>'
warning: librocksdb-sys@0.11.0+8.1.1: rocksdb/db/blob/blob_file_meta.h:54:3: error: 'uint64_t' does not name a type
warning: librocksdb-sys@0.11.0+8.1.1:    54 |   uint64_t GetBlobFileSize() const;
warning: librocksdb-sys@0.11.0+8.1.1:       |   ^~~~~~~~
warning: librocksdb-sys@0.11.0+8.1.1: rocksdb/db/blob/blob_file_meta.h:54:3: note: 'uint64_t' is defined in header '<cstdint>'; this is probably fixable by adding '#include <cstdint>'
warning: librocksdb-sys@0.11.0+8.1.1: rocksdb/db/blob/blob_file_meta.h:55:3: error: 'uint64_t' does not name a type
warning: librocksdb-sys@0.11.0+8.1.1:    55 |   uint64_t GetBlobFileNumber() const { return blob_file_number_; }
warning: librocksdb-sys@0.11.0+8.1.1:       |   ^~~~~~~~
warning: librocksdb-sys@0.11.0+8.1.1: rocksdb/db/blob/blob_file_meta.h:55:3: note: 'uint64_t' is defined in header '<cstdint>'; this is probably fixable by adding '#include <cstdint>'
warning: librocksdb-sys@0.11.0+8.1.1: rocksdb/db/blob/blob_file_meta.h:56:3: error: 'uint64_t' does not name a type
warning: librocksdb-sys@0.11.0+8.1.1:    56 |   uint64_t GetTotalBlobCount() const { return total_blob_count_; }
warning: librocksdb-sys@0.11.0+8.1.1:       |   ^~~~~~~~
warning: librocksdb-sys@0.11.0+8.1.1: rocksdb/db/blob/blob_file_meta.h:56:3: note: 'uint64_t' is defined in header '<cstdint>'; this is probably fixable by adding '#include <cstdint>'
warning: librocksdb-sys@0.11.0+8.1.1: rocksdb/db/blob/blob_file_meta.h:57:3: error: 'uint64_t' does not name a type
warning: librocksdb-sys@0.11.0+8.1.1:    57 |   uint64_t GetTotalBlobBytes() const { return total_blob_bytes_; }
warning: librocksdb-sys@0.11.0+8.1.1:       |   ^~~~~~~~
warning: librocksdb-sys@0.11.0+8.1.1: rocksdb/db/blob/blob_file_meta.h:57:3: note: 'uint64_t' is defined in header '<cstdint>'; this is probably fixable by adding '#include <cstdint>'
warning: librocksdb-sys@0.11.0+8.1.1: rocksdb/db/blob/blob_file_meta.h:64:34: error: expected ')' before 'blob_file_number'
warning: librocksdb-sys@0.11.0+8.1.1:    64 |   SharedBlobFileMetaData(uint64_t blob_file_number, uint64_t total_blob_count,
warning: librocksdb-sys@0.11.0+8.1.1:       |                         ~        ^~~~~~~~~~~~~~~~~
warning: librocksdb-sys@0.11.0+8.1.1:       |                                  )
warning: librocksdb-sys@0.11.0+8.1.1: rocksdb/db/blob/blob_file_meta.h:75:3: error: 'uint64_t' does not name a type
warning: librocksdb-sys@0.11.0+8.1.1:    75 |   uint64_t blob_file_number_;
warning: librocksdb-sys@0.11.0+8.1.1:       |   ^~~~~~~~
warning: librocksdb-sys@0.11.0+8.1.1: rocksdb/db/blob/blob_file_meta.h:75:3: note: 'uint64_t' is defined in header '<cstdint>'; this is probably fixable by adding '#include <cstdint>'
warning: librocksdb-sys@0.11.0+8.1.1: rocksdb/db/blob/blob_file_meta.h:76:3: error: 'uint64_t' does not name a type
warning: librocksdb-sys@0.11.0+8.1.1:    76 |   uint64_t total_blob_count_;
warning: librocksdb-sys@0.11.0+8.1.1:       |   ^~~~~~~~
warning: librocksdb-sys@0.11.0+8.1.1: rocksdb/db/blob/blob_file_meta.h:76:3: note: 'uint64_t' is defined in header '<cstdint>'; this is probably fixable by adding '#include <cstdint>'
warning: librocksdb-sys@0.11.0+8.1.1: rocksdb/db/blob/blob_file_meta.h:77:3: error: 'uint64_t' does not name a type
warning: librocksdb-sys@0.11.0+8.1.1:    77 |   uint64_t total_blob_bytes_;
warning: librocksdb-sys@0.11.0+8.1.1:       |   ^~~~~~~~
warning: librocksdb-sys@0.11.0+8.1.1: rocksdb/db/blob/blob_file_meta.h:77:3: note: 'uint64_t' is defined in header '<cstdint>'; this is probably fixable by adding '#include <cstdint>'
warning: librocksdb-sys@0.11.0+8.1.1: rocksdb/db/blob/blob_file_meta.h: In static member function 'static std::shared_ptr<rocksdb::SharedBlobFileMetaData> rocksdb::SharedBlobFileMetaData::Create(int, int, int, std::string, std::string)':
warning: librocksdb-sys@0.11.0+8.1.1: rocksdb/db/blob/blob_file_meta.h:33:62: error: no matching function for call to 'rocksdb::SharedBlobFileMetaData::SharedBlobFileMetaData(int&, int&, int&, std::remove_reference<std::__cxx11::basic_string<char>&>::type, std::remove_reference<std::__cxx11::basic_string<char>&>::type)'
warning: librocksdb-sys@0.11.0+8.1.1:    33 |         std::move(checksum_method), std::move(checksum_value)));
warning: librocksdb-sys@0.11.0+8.1.1:       |                                                              ^
warning: librocksdb-sys@0.11.0+8.1.1: rocksdb/db/blob/blob_file_meta.h:33:62: note: there are 2 candidates
warning: librocksdb-sys@0.11.0+8.1.1: rocksdb/db/blob/blob_file_meta.h:51:3: note: candidate 1: 'rocksdb::SharedBlobFileMetaData::SharedBlobFileMetaData(rocksdb::SharedBlobFileMetaData&&)' (deleted)
warning: librocksdb-sys@0.11.0+8.1.1:    51 |   SharedBlobFileMetaData(SharedBlobFileMetaData&&) = delete;
warning: librocksdb-sys@0.11.0+8.1.1:       |   ^~~~~~~~~~~~~~~~~~~~~~
warning: librocksdb-sys@0.11.0+8.1.1: rocksdb/db/blob/blob_file_meta.h:51:3: note: candidate expects 1 argument, 5 provided
warning: librocksdb-sys@0.11.0+8.1.1: rocksdb/db/blob/blob_file_meta.h:48:3: note: candidate 2: 'rocksdb::SharedBlobFileMetaData::SharedBlobFileMetaData(const rocksdb::SharedBlobFileMetaData&)' (deleted)
warning: librocksdb-sys@0.11.0+8.1.1:    48 |   SharedBlobFileMetaData(const SharedBlobFileMetaData&) = delete;
warning: librocksdb-sys@0.11.0+8.1.1:       |   ^~~~~~~~~~~~~~~~~~~~~~
warning: librocksdb-sys@0.11.0+8.1.1: rocksdb/db/blob/blob_file_meta.h:48:3: note: candidate expects 1 argument, 5 provided
warning: librocksdb-sys@0.11.0+8.1.1: rocksdb/db/blob/blob_file_meta.h: In static member function 'static std::shared_ptr<rocksdb::SharedBlobFileMetaData> rocksdb::SharedBlobFileMetaData::Create(int, int, int, std::string, std::string, Deleter)':
warning: librocksdb-sys@0.11.0+8.1.1: rocksdb/db/blob/blob_file_meta.h:44:61: error: no matching function for call to 'rocksdb::SharedBlobFileMetaData::SharedBlobFileMetaData(int&, int&, int&, std::remove_reference<std::__cxx11::basic_string<char>&>::type, std::remove_reference<std::__cxx11::basic_string<char>&>::type)' [-Wtemplate-body]
warning: librocksdb-sys@0.11.0+8.1.1:    44 |                                    std::move(checksum_value)),
warning: librocksdb-sys@0.11.0+8.1.1:       |                                                             ^
warning: librocksdb-sys@0.11.0+8.1.1: rocksdb/db/blob/blob_file_meta.h:44:61: note: there are 2 candidates
warning: librocksdb-sys@0.11.0+8.1.1: rocksdb/db/blob/blob_file_meta.h:51:3: note: candidate 1: 'rocksdb::SharedBlobFileMetaData::SharedBlobFileMetaData(rocksdb::SharedBlobFileMetaData&&)' (deleted)
warning: librocksdb-sys@0.11.0+8.1.1:    51 |   SharedBlobFileMetaData(SharedBlobFileMetaData&&) = delete;
warning: librocksdb-sys@0.11.0+8.1.1:       |   ^~~~~~~~~~~~~~~~~~~~~~
warning: librocksdb-sys@0.11.0+8.1.1: rocksdb/db/blob/blob_file_meta.h:51:3: note: candidate expects 1 argument, 5 provided
warning: librocksdb-sys@0.11.0+8.1.1: rocksdb/db/blob/blob_file_meta.h:48:3: note: candidate 2: 'rocksdb::SharedBlobFileMetaData::SharedBlobFileMetaData(const rocksdb::SharedBlobFileMetaData&)' (deleted)
warning: librocksdb-sys@0.11.0+8.1.1:    48 |   SharedBlobFileMetaData(const SharedBlobFileMetaData&) = delete;
warning: librocksdb-sys@0.11.0+8.1.1:       |   ^~~~~~~~~~~~~~~~~~~~~~
warning: librocksdb-sys@0.11.0+8.1.1: rocksdb/db/blob/blob_file_meta.h:48:3: note: candidate expects 1 argument, 5 provided
warning: librocksdb-sys@0.11.0+8.1.1: rocksdb/db/blob/blob_file_meta.h: At global scope:
warning: librocksdb-sys@0.11.0+8.1.1: rocksdb/db/blob/blob_file_meta.h:95:41: error: 'uint64_t' was not declared in this scope
warning: librocksdb-sys@0.11.0+8.1.1:    95 |   using LinkedSsts = std::unordered_set<uint64_t>;
warning: librocksdb-sys@0.11.0+8.1.1:       |                                         ^~~~~~~~
warning: librocksdb-sys@0.11.0+8.1.1: rocksdb/db/blob/blob_file_meta.h:95:41: note: 'uint64_t' is defined in header '<cstdint>'; this is probably fixable by adding '#include <cstdint>'
warning: librocksdb-sys@0.11.0+8.1.1: rocksdb/db/blob/blob_file_meta.h:95:49: error: template argument 1 is invalid
warning: librocksdb-sys@0.11.0+8.1.1:    95 |   using LinkedSsts = std::unordered_set<uint64_t>;
warning: librocksdb-sys@0.11.0+8.1.1:       |                                                 ^
warning: librocksdb-sys@0.11.0+8.1.1: rocksdb/db/blob/blob_file_meta.h:95:49: error: template argument 2 is invalid
warning: librocksdb-sys@0.11.0+8.1.1: rocksdb/db/blob/blob_file_meta.h:95:49: error: template argument 3 is invalid
warning: librocksdb-sys@0.11.0+8.1.1: rocksdb/db/blob/blob_file_meta.h:95:49: error: template argument 4 is invalid
warning: librocksdb-sys@0.11.0+8.1.1: rocksdb/db/blob/blob_file_meta.h:99:7: error: 'LinkedSsts' has not been declared
warning: librocksdb-sys@0.11.0+8.1.1:    99 |       LinkedSsts linked_ssts, uint64_t garbage_blob_count,
warning: librocksdb-sys@0.11.0+8.1.1:       |       ^~~~~~~~~~
warning: librocksdb-sys@0.11.0+8.1.1: rocksdb/db/blob/blob_file_meta.h:99:31: error: 'uint64_t' has not been declared
warning: librocksdb-sys@0.11.0+8.1.1:    99 |       LinkedSsts linked_ssts, uint64_t garbage_blob_count,
warning: librocksdb-sys@0.11.0+8.1.1:       |                               ^~~~~~~~
warning: librocksdb-sys@0.11.0+8.1.1: rocksdb/db/blob/blob_file_meta.h:99:31: note: 'uint64_t' is defined in header '<cstdint>'; this is probably fixable by adding '#include <cstdint>'
warning: librocksdb-sys@0.11.0+8.1.1: rocksdb/db/blob/blob_file_meta.h:100:7: error: 'uint64_t' has not been declared
warning: librocksdb-sys@0.11.0+8.1.1:   100 |       uint64_t garbage_blob_bytes) {
warning: librocksdb-sys@0.11.0+8.1.1:       |       ^~~~~~~~
warning: librocksdb-sys@0.11.0+8.1.1: rocksdb/db/blob/blob_file_meta.h:100:7: note: 'uint64_t' is defined in header '<cstdint>'; this is probably fixable by adding '#include <cstdint>'
warning: librocksdb-sys@0.11.0+8.1.1: rocksdb/db/blob/blob_file_meta.h:116:3: error: 'uint64_t' does not name a type
warning: librocksdb-sys@0.11.0+8.1.1:   116 |   uint64_t GetBlobFileSize() const {
warning: librocksdb-sys@0.11.0+8.1.1:       |   ^~~~~~~~
warning: librocksdb-sys@0.11.0+8.1.1: rocksdb/db/blob/blob_file_meta.h:116:3: note: 'uint64_t' is defined in header '<cstdint>'; this is probably fixable by adding '#include <cstdint>'
warning: librocksdb-sys@0.11.0+8.1.1: rocksdb/db/blob/blob_file_meta.h:121:3: error: 'uint64_t' does not name a type
warning: librocksdb-sys@0.11.0+8.1.1:   121 |   uint64_t GetBlobFileNumber() const {
warning: librocksdb-sys@0.11.0+8.1.1:       |   ^~~~~~~~
warning: librocksdb-sys@0.11.0+8.1.1: rocksdb/db/blob/blob_file_meta.h:121:3: note: 'uint64_t' is defined in header '<cstdint>'; this is probably fixable by adding '#include <cstdint>'
warning: librocksdb-sys@0.11.0+8.1.1: rocksdb/db/blob/blob_file_meta.h:125:3: error: 'uint64_t' does not name a type
warning: librocksdb-sys@0.11.0+8.1.1:   125 |   uint64_t GetTotalBlobCount() const {
warning: librocksdb-sys@0.11.0+8.1.1:       |   ^~~~~~~~
warning: librocksdb-sys@0.11.0+8.1.1: rocksdb/db/blob/blob_file_meta.h:125:3: note: 'uint64_t' is defined in header '<cstdint>'; this is probably fixable by adding '#include <cstdint>'
warning: librocksdb-sys@0.11.0+8.1.1: rocksdb/db/blob/blob_file_meta.h:129:3: error: 'uint64_t' does not name a type
warning: librocksdb-sys@0.11.0+8.1.1:   129 |   uint64_t GetTotalBlobBytes() const {
warning: librocksdb-sys@0.11.0+8.1.1:       |   ^~~~~~~~
warning: librocksdb-sys@0.11.0+8.1.1: rocksdb/db/blob/blob_file_meta.h:129:3: note: 'uint64_t' is defined in header '<cstdint>'; this is probably fixable by adding '#include <cstdint>'
warning: librocksdb-sys@0.11.0+8.1.1: rocksdb/db/blob/blob_file_meta.h:142:9: error: 'LinkedSsts' does not name a type
warning: librocksdb-sys@0.11.0+8.1.1:   142 |   const LinkedSsts& GetLinkedSsts() const { return linked_ssts_; }
warning: librocksdb-sys@0.11.0+8.1.1:       |         ^~~~~~~~~~
warning: librocksdb-sys@0.11.0+8.1.1: rocksdb/db/blob/blob_file_meta.h:144:3: error: 'uint64_t' does not name a type
warning: librocksdb-sys@0.11.0+8.1.1:   144 |   uint64_t GetGarbageBlobCount() const { return garbage_blob_count_; }
warning: librocksdb-sys@0.11.0+8.1.1:       |   ^~~~~~~~
warning: librocksdb-sys@0.11.0+8.1.1: rocksdb/db/blob/blob_file_meta.h:144:3: note: 'uint64_t' is defined in header '<cstdint>'; this is probably fixable by adding '#include <cstdint>'
warning: librocksdb-sys@0.11.0+8.1.1: rocksdb/db/blob/blob_file_meta.h:145:3: error: 'uint64_t' does not name a type
warning: librocksdb-sys@0.11.0+8.1.1:   145 |   uint64_t GetGarbageBlobBytes() const { return garbage_blob_bytes_; }
warning: librocksdb-sys@0.11.0+8.1.1:       |   ^~~~~~~~
warning: librocksdb-sys@0.11.0+8.1.1: rocksdb/db/blob/blob_file_meta.h:145:3: note: 'uint64_t' is defined in header '<cstdint>'; this is probably fixable by adding '#include <cstdint>'
warning: librocksdb-sys@0.11.0+8.1.1: rocksdb/db/blob/blob_file_meta.h:151:20: error: 'LinkedSsts' has not been declared
warning: librocksdb-sys@0.11.0+8.1.1:   151 |                    LinkedSsts linked_ssts, uint64_t garbage_blob_count,
warning: librocksdb-sys@0.11.0+8.1.1:       |                    ^~~~~~~~~~
warning: librocksdb-sys@0.11.0+8.1.1: rocksdb/db/blob/blob_file_meta.h:151:44: error: 'uint64_t' has not been declared
warning: librocksdb-sys@0.11.0+8.1.1:   151 |                    LinkedSsts linked_ssts, uint64_t garbage_blob_count,
warning: librocksdb-sys@0.11.0+8.1.1:       |                                            ^~~~~~~~
warning: librocksdb-sys@0.11.0+8.1.1: rocksdb/db/blob/blob_file_meta.h:151:44: note: 'uint64_t' is defined in header '<cstdint>'; this is probably fixable by adding '#include <cstdint>'
warning: librocksdb-sys@0.11.0+8.1.1: rocksdb/db/blob/blob_file_meta.h:152:20: error: 'uint64_t' has not been declared
warning: librocksdb-sys@0.11.0+8.1.1:   152 |                    uint64_t garbage_blob_bytes)
warning: librocksdb-sys@0.11.0+8.1.1:       |                    ^~~~~~~~
warning: librocksdb-sys@0.11.0+8.1.1: rocksdb/db/blob/blob_file_meta.h:152:20: note: 'uint64_t' is defined in header '<cstdint>'; this is probably fixable by adding '#include <cstdint>'
warning: librocksdb-sys@0.11.0+8.1.1: rocksdb/db/blob/blob_file_meta.h:163:3: error: 'LinkedSsts' does not name a type
warning: librocksdb-sys@0.11.0+8.1.1:   163 |   LinkedSsts linked_ssts_;
warning: librocksdb-sys@0.11.0+8.1.1:       |   ^~~~~~~~~~
warning: librocksdb-sys@0.11.0+8.1.1: rocksdb/db/blob/blob_file_meta.h:164:3: error: 'uint64_t' does not name a type
warning: librocksdb-sys@0.11.0+8.1.1:   164 |   uint64_t garbage_blob_count_;
warning: librocksdb-sys@0.11.0+8.1.1:       |   ^~~~~~~~
warning: librocksdb-sys@0.11.0+8.1.1: rocksdb/db/blob/blob_file_meta.h:164:3: note: 'uint64_t' is defined in header '<cstdint>'; this is probably fixable by adding '#include <cstdint>'
warning: librocksdb-sys@0.11.0+8.1.1: rocksdb/db/blob/blob_file_meta.h:165:3: error: 'uint64_t' does not name a type
warning: librocksdb-sys@0.11.0+8.1.1:   165 |   uint64_t garbage_blob_bytes_;
warning: librocksdb-sys@0.11.0+8.1.1:       |   ^~~~~~~~
warning: librocksdb-sys@0.11.0+8.1.1: rocksdb/db/blob/blob_file_meta.h:165:3: note: 'uint64_t' is defined in header '<cstdint>'; this is probably fixable by adding '#include <cstdint>'
warning: librocksdb-sys@0.11.0+8.1.1: rocksdb/db/blob/blob_file_meta.h: In constructor 'rocksdb::BlobFileMetaData::BlobFileMetaData(std::shared_ptr<rocksdb::SharedBlobFileMetaData>, int, int, int)':
warning: librocksdb-sys@0.11.0+8.1.1: rocksdb/db/blob/blob_file_meta.h:154:9: error: class 'rocksdb::BlobFileMetaData' does not have any field named 'linked_ssts_'
warning: librocksdb-sys@0.11.0+8.1.1:   154 |         linked_ssts_(std::move(linked_ssts)),
warning: librocksdb-sys@0.11.0+8.1.1:       |         ^~~~~~~~~~~~
warning: librocksdb-sys@0.11.0+8.1.1: rocksdb/db/blob/blob_file_meta.h:155:9: error: class 'rocksdb::BlobFileMetaData' does not have any field named 'garbage_blob_count_'
warning: librocksdb-sys@0.11.0+8.1.1:   155 |         garbage_blob_count_(garbage_blob_count),
warning: librocksdb-sys@0.11.0+8.1.1:       |         ^~~~~~~~~~~~~~~~~~~
warning: librocksdb-sys@0.11.0+8.1.1: rocksdb/db/blob/blob_file_meta.h:156:9: error: class 'rocksdb::BlobFileMetaData' does not have any field named 'garbage_blob_bytes_'
warning: librocksdb-sys@0.11.0+8.1.1:   156 |         garbage_blob_bytes_(garbage_blob_bytes) {
warning: librocksdb-sys@0.11.0+8.1.1:       |         ^~~~~~~~~~~~~~~~~~~
warning: librocksdb-sys@0.11.0+8.1.1: rocksdb/db/blob/blob_file_meta.cc: At global scope:
warning: librocksdb-sys@0.11.0+8.1.1: rocksdb/db/blob/blob_file_meta.cc:15:10: error: no declaration matches 'uint64_t rocksdb::SharedBlobFileMetaData::GetBlobFileSize() const'
warning: librocksdb-sys@0.11.0+8.1.1:    15 | uint64_t SharedBlobFileMetaData::GetBlobFileSize() const {
warning: librocksdb-sys@0.11.0+8.1.1:       |          ^~~~~~~~~~~~~~~~~~~~~~
warning: librocksdb-sys@0.11.0+8.1.1: rocksdb/db/blob/blob_file_meta.cc:15:10: note: no functions named 'uint64_t rocksdb::SharedBlobFileMetaData::GetBlobFileSize() const'
warning: librocksdb-sys@0.11.0+8.1.1: rocksdb/db/blob/blob_file_meta.h:25:7: note: 'class rocksdb::SharedBlobFileMetaData' defined here
warning: librocksdb-sys@0.11.0+8.1.1:    25 | class SharedBlobFileMetaData {
warning: librocksdb-sys@0.11.0+8.1.1:       |       ^~~~~~~~~~~~~~~~~~~~~~
warning: librocksdb-sys@0.11.0+8.1.1: rocksdb/db/blob/blob_file_meta.cc: In function 'std::ostream& rocksdb::operator<<(std::ostream&, const SharedBlobFileMetaData&)':
warning: librocksdb-sys@0.11.0+8.1.1: rocksdb/db/blob/blob_file_meta.cc:28:45: error: 'const class rocksdb::SharedBlobFileMetaData' has no member named 'GetBlobFileNumber'
warning: librocksdb-sys@0.11.0+8.1.1:    28 |   os << "blob_file_number: " << shared_meta.GetBlobFileNumber()
warning: librocksdb-sys@0.11.0+8.1.1:       |                                             ^~~~~~~~~~~~~~~~~
warning: librocksdb-sys@0.11.0+8.1.1: rocksdb/db/blob/blob_file_meta.cc:29:46: error: 'const class rocksdb::SharedBlobFileMetaData' has no member named 'GetTotalBlobCount'
warning: librocksdb-sys@0.11.0+8.1.1:    29 |      << " total_blob_count: " << shared_meta.GetTotalBlobCount()
warning: librocksdb-sys@0.11.0+8.1.1:       |                                              ^~~~~~~~~~~~~~~~~
warning: librocksdb-sys@0.11.0+8.1.1: rocksdb/db/blob/blob_file_meta.cc:30:46: error: 'const class rocksdb::SharedBlobFileMetaData' has no member named 'GetTotalBlobBytes'
warning: librocksdb-sys@0.11.0+8.1.1:    30 |      << " total_blob_bytes: " << shared_meta.GetTotalBlobBytes()
warning: librocksdb-sys@0.11.0+8.1.1:       |                                              ^~~~~~~~~~~~~~~~~
warning: librocksdb-sys@0.11.0+8.1.1: rocksdb/db/blob/blob_file_meta.cc: In function 'std::ostream& rocksdb::operator<<(std::ostream&, const BlobFileMetaData&)':
warning: librocksdb-sys@0.11.0+8.1.1: rocksdb/db/blob/blob_file_meta.cc:51:36: error: 'const class rocksdb::BlobFileMetaData' has no member named 'GetLinkedSsts'
warning: librocksdb-sys@0.11.0+8.1.1:    51 |   for (uint64_t file_number : meta.GetLinkedSsts()) {
warning: librocksdb-sys@0.11.0+8.1.1:       |                                    ^~~~~~~~~~~~~
warning: librocksdb-sys@0.11.0+8.1.1: rocksdb/db/blob/blob_file_meta.cc:56:41: error: 'const class rocksdb::BlobFileMetaData' has no member named 'GetGarbageBlobCount'
warning: librocksdb-sys@0.11.0+8.1.1:    56 |   os << " garbage_blob_count: " << meta.GetGarbageBlobCount()
warning: librocksdb-sys@0.11.0+8.1.1:       |                                         ^~~~~~~~~~~~~~~~~~~
warning: librocksdb-sys@0.11.0+8.1.1: rocksdb/db/blob/blob_file_meta.cc:57:41: error: 'const class rocksdb::BlobFileMetaData' has no member named 'GetGarbageBlobBytes'
warning: librocksdb-sys@0.11.0+8.1.1:    57 |      << " garbage_blob_bytes: " << meta.GetGarbageBlobBytes();
warning: librocksdb-sys@0.11.0+8.1.1:       |                                         ^~~~~~~~~~~~~~~~~~~
warning: librocksdb-sys@0.11.0+8.1.1: ToolExecError: command did not execute successfully (status code exit status: 1): LC_ALL="C" "c++" "-O0" "-ffunction-sections" "-fdata-sections" "-fPIC" "-gdwarf-4" "-fno-omit-frame-pointer" "-m64" "-I" "rocksdb/include/" "-I" "rocksdb/" "-I" "rocksdb/third-party/gtest-1.8.1/fused-src/" "-I" "snappy/" "-I" "/home/bruno/projects/atlasDb/target/debug/build/lz4-sys-ce6294e8d7090448/out/include" "-I" "/home/bruno/.cargo/registry/src/index.crates.io-1949cf8c6b5b557f/zstd-sys-2.0.16+zstd.1.5.7/zstd/lib" "-I" "/home/bruno/projects/atlasDb/target/debug/build/libz-sys-9281dd73ab8e6346/out/include" "-I" "/home/bruno/projects/atlasDb/target/debug/build/bzip2-sys-39f611a8c5d4f030/out/include" "-I" "." "-Wall" "-Wextra" "-std=c++17" "-Wsign-compare" "-Wshadow" "-Wno-unused-parameter" "-Wno-unused-variable" "-Woverloaded-virtual" "-Wnon-virtual-dtor" "-Wno-missing-field-initializers" "-Wno-strict-aliasing" "-Wno-invalid-offsetof" "-msse2" "-std=c++17" "-DSNAPPY=1" "-DLZ4=1" "-DZSTD=1" "-DZLIB=1" "-DBZIP2=1" "-DNDEBUG=1" "-DOS_LINUX" "-DROCKSDB_PLATFORM_POSIX" "-DROCKSDB_LIB_IO_POSIX" "-DROCKSDB_SUPPORT_THREAD_LOCAL" "-o" "/home/bruno/projects/atlasDb/target/debug/build/librocksdb-sys-ce9d7f62af75fe0e/out/644b6a24ae2ff5c1-blob_file_meta.o" "-c" "rocksdb/db/blob/blob_file_meta.cc"
warning: librocksdb-sys@0.11.0+8.1.1: In file included from rocksdb/include/rocksdb/trace_record_result.h:14,
warning: librocksdb-sys@0.11.0+8.1.1:                  from rocksdb/trace_replay/trace_record_result.cc:6:
warning: librocksdb-sys@0.11.0+8.1.1: rocksdb/include/rocksdb/trace_record.h:55:32: error: expected ')' before 'timestamp'
warning: librocksdb-sys@0.11.0+8.1.1:    55 |   explicit TraceRecord(uint64_t timestamp);
warning: librocksdb-sys@0.11.0+8.1.1:       |                       ~        ^~~~~~~~~~
warning: librocksdb-sys@0.11.0+8.1.1:       |                                )
warning: librocksdb-sys@0.11.0+8.1.1: rocksdb/include/rocksdb/trace_record.h:63:11: error: 'uint64_t' does not name a type
warning: librocksdb-sys@0.11.0+8.1.1:    63 |   virtual uint64_t GetTimestamp() const;
warning: librocksdb-sys@0.11.0+8.1.1:       |           ^~~~~~~~
warning: librocksdb-sys@0.11.0+8.1.1: rocksdb/include/rocksdb/trace_record.h:1:1: note: 'uint64_t' is defined in header '<cstdint>'; this is probably fixable by adding '#include <cstdint>'
warning: librocksdb-sys@0.11.0+8.1.1:   +++ |+#include <cstdint>
warning: librocksdb-sys@0.11.0+8.1.1:     1 | //  Copyright (c) 2011-present, Facebook, Inc.  All rights reserved.
warning: librocksdb-sys@0.11.0+8.1.1: rocksdb/include/rocksdb/trace_record.h:91:3: error: 'uint64_t' does not name a type
warning: librocksdb-sys@0.11.0+8.1.1:    91 |   uint64_t timestamp_;
warning: librocksdb-sys@0.11.0+8.1.1:       |   ^~~~~~~~
warning: librocksdb-sys@0.11.0+8.1.1: rocksdb/include/rocksdb/trace_record.h:91:3: note: 'uint64_t' is defined in header '<cstdint>'; this is probably fixable by adding '#include <cstdint>'
warning: librocksdb-sys@0.11.0+8.1.1: rocksdb/include/rocksdb/trace_record.h:97:37: error: expected ')' before 'timestamp'
warning: librocksdb-sys@0.11.0+8.1.1:    97 |   explicit QueryTraceRecord(uint64_t timestamp);
warning: librocksdb-sys@0.11.0+8.1.1:       |                            ~        ^~~~~~~~~~
warning: librocksdb-sys@0.11.0+8.1.1:       |                                     )
warning: librocksdb-sys@0.11.0+8.1.1: rocksdb/include/rocksdb/trace_record.h:103:58: error: 'uint64_t' has not been declared
warning: librocksdb-sys@0.11.0+8.1.1:   103 |   WriteQueryTraceRecord(PinnableSlice&& write_batch_rep, uint64_t timestamp);
warning: librocksdb-sys@0.11.0+8.1.1:       |                                                          ^~~~~~~~
warning: librocksdb-sys@0.11.0+8.1.1: rocksdb/include/rocksdb/trace_record.h:103:58: note: 'uint64_t' is defined in header '<cstdint>'; this is probably fixable by adding '#include <cstdint>'
warning: librocksdb-sys@0.11.0+8.1.1: rocksdb/include/rocksdb/trace_record.h:105:61: error: 'uint64_t' has not been declared
warning: librocksdb-sys@0.11.0+8.1.1:   105 |   WriteQueryTraceRecord(const std::string& write_batch_rep, uint64_t timestamp);
warning: librocksdb-sys@0.11.0+8.1.1:       |                                                             ^~~~~~~~
warning: librocksdb-sys@0.11.0+8.1.1: rocksdb/include/rocksdb/trace_record.h:105:61: note: 'uint64_t' is defined in header '<cstdint>'; this is probably fixable by adding '#include <cstdint>'
warning: librocksdb-sys@0.11.0+8.1.1: rocksdb/include/rocksdb/trace_record.h:124:31: error: expected ')' before 'column_family_id'
warning: librocksdb-sys@0.11.0+8.1.1:   124 |   GetQueryTraceRecord(uint32_t column_family_id, PinnableSlice&& key,
warning: librocksdb-sys@0.11.0+8.1.1:       |                      ~        ^~~~~~~~~~~~~~~~~
warning: librocksdb-sys@0.11.0+8.1.1:       |                               )
warning: librocksdb-sys@0.11.0+8.1.1: rocksdb/include/rocksdb/trace_record.h:127:31: error: expected ')' before 'column_family_id'
warning: librocksdb-sys@0.11.0+8.1.1:   127 |   GetQueryTraceRecord(uint32_t column_family_id, const std::string& key,
warning: librocksdb-sys@0.11.0+8.1.1:       |                      ~        ^~~~~~~~~~~~~~~~~
warning: librocksdb-sys@0.11.0+8.1.1:       |                               )
warning: librocksdb-sys@0.11.0+8.1.1: rocksdb/include/rocksdb/trace_record.h:135:11: error: 'uint32_t' does not name a type
warning: librocksdb-sys@0.11.0+8.1.1:   135 |   virtual uint32_t GetColumnFamilyID() const;
warning: librocksdb-sys@0.11.0+8.1.1:       |           ^~~~~~~~
warning: librocksdb-sys@0.11.0+8.1.1: rocksdb/include/rocksdb/trace_record.h:135:11: note: 'uint32_t' is defined in header '<cstdint>'; this is probably fixable by adding '#include <cstdint>'
warning: librocksdb-sys@0.11.0+8.1.1: rocksdb/include/rocksdb/trace_record.h:144:3: error: 'uint32_t' does not name a type
warning: librocksdb-sys@0.11.0+8.1.1:   144 |   uint32_t cf_id_;
warning: librocksdb-sys@0.11.0+8.1.1:       |   ^~~~~~~~
warning: librocksdb-sys@0.11.0+8.1.1: rocksdb/include/rocksdb/trace_record.h:144:3: note: 'uint32_t' is defined in header '<cstdint>'; this is probably fixable by adding '#include <cstdint>'
warning: librocksdb-sys@0.11.0+8.1.1: rocksdb/include/rocksdb/trace_record.h:151:45: error: expected ')' before 'timestamp'
warning: librocksdb-sys@0.11.0+8.1.1:   151 |   explicit IteratorQueryTraceRecord(uint64_t timestamp);
warning: librocksdb-sys@0.11.0+8.1.1:       |                                    ~        ^~~~~~~~~~
warning: librocksdb-sys@0.11.0+8.1.1:       |                                             )
warning: librocksdb-sys@0.11.0+8.1.1: rocksdb/include/rocksdb/trace_record.h:154:57: error: 'uint64_t' has not been declared
warning: librocksdb-sys@0.11.0+8.1.1:   154 |                            PinnableSlice&& upper_bound, uint64_t timestamp);
warning: librocksdb-sys@0.11.0+8.1.1:       |                                                         ^~~~~~~~
warning: librocksdb-sys@0.11.0+8.1.1: rocksdb/include/rocksdb/trace_record.h:154:57: note: 'uint64_t' is defined in header '<cstdint>'; this is probably fixable by adding '#include <cstdint>'
warning: librocksdb-sys@0.11.0+8.1.1: rocksdb/include/rocksdb/trace_record.h:157:60: error: 'uint64_t' has not been declared
warning: librocksdb-sys@0.11.0+8.1.1:   157 |                            const std::string& upper_bound, uint64_t timestamp);
warning: librocksdb-sys@0.11.0+8.1.1:       |                                                            ^~~~~~~~
warning: librocksdb-sys@0.11.0+8.1.1: rocksdb/include/rocksdb/trace_record.h:157:60: note: 'uint64_t' is defined in header '<cstdint>'; this is probably fixable by adding '#include <cstdint>'
warning: librocksdb-sys@0.11.0+8.1.1: rocksdb/include/rocksdb/trace_record.h:180:51: error: 'uint32_t' has not been declared
warning: librocksdb-sys@0.11.0+8.1.1:   180 |   IteratorSeekQueryTraceRecord(SeekType seekType, uint32_t column_family_id,
warning: librocksdb-sys@0.11.0+8.1.1:       |                                                   ^~~~~~~~
warning: librocksdb-sys@0.11.0+8.1.1: rocksdb/include/rocksdb/trace_record.h:180:51: note: 'uint32_t' is defined in header '<cstdint>'; this is probably fixable by adding '#include <cstdint>'
warning: librocksdb-sys@0.11.0+8.1.1: rocksdb/include/rocksdb/trace_record.h:181:53: error: 'uint64_t' has not been declared
warning: librocksdb-sys@0.11.0+8.1.1:   181 |                                PinnableSlice&& key, uint64_t timestamp);
warning: librocksdb-sys@0.11.0+8.1.1:       |                                                     ^~~~~~~~
warning: librocksdb-sys@0.11.0+8.1.1: rocksdb/include/rocksdb/trace_record.h:181:53: note: 'uint64_t' is defined in header '<cstdint>'; this is probably fixable by adding '#include <cstdint>'
warning: librocksdb-sys@0.11.0+8.1.1: rocksdb/include/rocksdb/trace_record.h:183:51: error: 'uint32_t' has not been declared
warning: librocksdb-sys@0.11.0+8.1.1:   183 |   IteratorSeekQueryTraceRecord(SeekType seekType, uint32_t column_family_id,
warning: librocksdb-sys@0.11.0+8.1.1:       |                                                   ^~~~~~~~
warning: librocksdb-sys@0.11.0+8.1.1: rocksdb/include/rocksdb/trace_record.h:183:51: note: 'uint32_t' is defined in header '<cstdint>'; this is probably fixable by adding '#include <cstdint>'
warning: librocksdb-sys@0.11.0+8.1.1: rocksdb/include/rocksdb/trace_record.h:184:56: error: 'uint64_t' has not been declared
warning: librocksdb-sys@0.11.0+8.1.1:   184 |                                const std::string& key, uint64_t timestamp);
warning: librocksdb-sys@0.11.0+8.1.1:       |                                                        ^~~~~~~~
warning: librocksdb-sys@0.11.0+8.1.1: rocksdb/include/rocksdb/trace_record.h:184:56: note: 'uint64_t' is defined in header '<cstdint>'; this is probably fixable by adding '#include <cstdint>'
warning: librocksdb-sys@0.11.0+8.1.1: rocksdb/include/rocksdb/trace_record.h:186:51: error: 'uint32_t' has not been declared
warning: librocksdb-sys@0.11.0+8.1.1:   186 |   IteratorSeekQueryTraceRecord(SeekType seekType, uint32_t column_family_id,
warning: librocksdb-sys@0.11.0+8.1.1:       |                                                   ^~~~~~~~
warning: librocksdb-sys@0.11.0+8.1.1: rocksdb/include/rocksdb/trace_record.h:186:51: note: 'uint32_t' is defined in header '<cstdint>'; this is probably fixable by adding '#include <cstdint>'
warning: librocksdb-sys@0.11.0+8.1.1: rocksdb/include/rocksdb/trace_record.h:188:61: error: 'uint64_t' has not been declared
warning: librocksdb-sys@0.11.0+8.1.1:   188 |                                PinnableSlice&& upper_bound, uint64_t timestamp);
warning: librocksdb-sys@0.11.0+8.1.1:       |                                                             ^~~~~~~~
warning: librocksdb-sys@0.11.0+8.1.1: rocksdb/include/rocksdb/trace_record.h:188:61: note: 'uint64_t' is defined in header '<cstdint>'; this is probably fixable by adding '#include <cstdint>'
warning: librocksdb-sys@0.11.0+8.1.1: rocksdb/include/rocksdb/trace_record.h:190:51: error: 'uint32_t' has not been declared
warning: librocksdb-sys@0.11.0+8.1.1:   190 |   IteratorSeekQueryTraceRecord(SeekType seekType, uint32_t column_family_id,
warning: librocksdb-sys@0.11.0+8.1.1:       |                                                   ^~~~~~~~
warning: librocksdb-sys@0.11.0+8.1.1: rocksdb/include/rocksdb/trace_record.h:190:51: note: 'uint32_t' is defined in header '<cstdint>'; this is probably fixable by adding '#include <cstdint>'
warning: librocksdb-sys@0.11.0+8.1.1: rocksdb/include/rocksdb/trace_record.h:194:32: error: 'uint64_t' has not been declared
warning: librocksdb-sys@0.11.0+8.1.1:   194 |                                uint64_t timestamp);
warning: librocksdb-sys@0.11.0+8.1.1:       |                                ^~~~~~~~
warning: librocksdb-sys@0.11.0+8.1.1: rocksdb/include/rocksdb/trace_record.h:194:32: note: 'uint64_t' is defined in header '<cstdint>'; this is probably fixable by adding '#include <cstdint>'
warning: librocksdb-sys@0.11.0+8.1.1: rocksdb/include/rocksdb/trace_record.h:205:11: error: 'uint32_t' does not name a type
warning: librocksdb-sys@0.11.0+8.1.1:   205 |   virtual uint32_t GetColumnFamilyID() const;
warning: librocksdb-sys@0.11.0+8.1.1:       |           ^~~~~~~~
warning: librocksdb-sys@0.11.0+8.1.1: rocksdb/include/rocksdb/trace_record.h:205:11: note: 'uint32_t' is defined in header '<cstdint>'; this is probably fixable by adding '#include <cstdint>'
warning: librocksdb-sys@0.11.0+8.1.1: rocksdb/include/rocksdb/trace_record.h:215:3: error: 'uint32_t' does not name a type
warning: librocksdb-sys@0.11.0+8.1.1:   215 |   uint32_t cf_id_;
warning: librocksdb-sys@0.11.0+8.1.1:       |   ^~~~~~~~
warning: librocksdb-sys@0.11.0+8.1.1: rocksdb/include/rocksdb/trace_record.h:215:3: note: 'uint32_t' is defined in header '<cstdint>'; this is probably fixable by adding '#include <cstdint>'
warning: librocksdb-sys@0.11.0+8.1.1: rocksdb/include/rocksdb/trace_record.h:222:40: error: 'uint32_t' was not declared in this scope
warning: librocksdb-sys@0.11.0+8.1.1:   222 |   MultiGetQueryTraceRecord(std::vector<uint32_t> column_family_ids,
warning: librocksdb-sys@0.11.0+8.1.1:       |                                        ^~~~~~~~
warning: librocksdb-sys@0.11.0+8.1.1: rocksdb/include/rocksdb/trace_record.h:222:40: note: 'uint32_t' is defined in header '<cstdint>'; this is probably fixable by adding '#include <cstdint>'
warning: librocksdb-sys@0.11.0+8.1.1: rocksdb/include/rocksdb/trace_record.h:222:48: error: template argument 1 is invalid
warning: librocksdb-sys@0.11.0+8.1.1:   222 |   MultiGetQueryTraceRecord(std::vector<uint32_t> column_family_ids,
warning: librocksdb-sys@0.11.0+8.1.1:       |                                                ^
warning: librocksdb-sys@0.11.0+8.1.1: rocksdb/include/rocksdb/trace_record.h:222:48: error: template argument 2 is invalid
warning: librocksdb-sys@0.11.0+8.1.1: rocksdb/include/rocksdb/trace_record.h:224:28: error: 'uint64_t' has not been declared
warning: librocksdb-sys@0.11.0+8.1.1:   224 |                            uint64_t timestamp);
warning: librocksdb-sys@0.11.0+8.1.1:       |                            ^~~~~~~~
warning: librocksdb-sys@0.11.0+8.1.1: rocksdb/include/rocksdb/trace_record.h:224:28: note: 'uint64_t' is defined in header '<cstdint>'; this is probably fixable by adding '#include <cstdint>'
warning: librocksdb-sys@0.11.0+8.1.1: rocksdb/include/rocksdb/trace_record.h:226:40: error: 'uint32_t' was not declared in this scope
warning: librocksdb-sys@0.11.0+8.1.1:   226 |   MultiGetQueryTraceRecord(std::vector<uint32_t> column_family_ids,
warning: librocksdb-sys@0.11.0+8.1.1:       |                                        ^~~~~~~~
warning: librocksdb-sys@0.11.0+8.1.1: rocksdb/include/rocksdb/trace_record.h:226:40: note: 'uint32_t' is defined in header '<cstdint>'; this is probably fixable by adding '#include <cstdint>'
warning: librocksdb-sys@0.11.0+8.1.1: rocksdb/include/rocksdb/trace_record.h:226:48: error: template argument 1 is invalid
warning: librocksdb-sys@0.11.0+8.1.1:   226 |   MultiGetQueryTraceRecord(std::vector<uint32_t> column_family_ids,
warning: librocksdb-sys@0.11.0+8.1.1:       |                                                ^
warning: librocksdb-sys@0.11.0+8.1.1: rocksdb/include/rocksdb/trace_record.h:226:48: error: template argument 2 is invalid
warning: librocksdb-sys@0.11.0+8.1.1: rocksdb/include/rocksdb/trace_record.h:228:28: error: 'uint64_t' has not been declared
warning: librocksdb-sys@0.11.0+8.1.1:   228 |                            uint64_t timestamp);
warning: librocksdb-sys@0.11.0+8.1.1:       |                            ^~~~~~~~
warning: librocksdb-sys@0.11.0+8.1.1: rocksdb/include/rocksdb/trace_record.h:228:28: note: 'uint64_t' is defined in header '<cstdint>'; this is probably fixable by adding '#include <cstdint>'
warning: librocksdb-sys@0.11.0+8.1.1: rocksdb/include/rocksdb/trace_record.h:235:23: error: 'uint32_t' was not declared in this scope
warning: librocksdb-sys@0.11.0+8.1.1:   235 |   virtual std::vector<uint32_t> GetColumnFamilyIDs() const;
warning: librocksdb-sys@0.11.0+8.1.1:       |                       ^~~~~~~~
warning: librocksdb-sys@0.11.0+8.1.1: rocksdb/include/rocksdb/trace_record.h:235:23: note: 'uint32_t' is defined in header '<cstdint>'; this is probably fixable by adding '#include <cstdint>'
warning: librocksdb-sys@0.11.0+8.1.1: rocksdb/include/rocksdb/trace_record.h:235:31: error: template argument 1 is invalid
warning: librocksdb-sys@0.11.0+8.1.1:   235 |   virtual std::vector<uint32_t> GetColumnFamilyIDs() const;
warning: librocksdb-sys@0.11.0+8.1.1:       |                               ^
warning: librocksdb-sys@0.11.0+8.1.1: rocksdb/include/rocksdb/trace_record.h:235:31: error: template argument 2 is invalid
warning: librocksdb-sys@0.11.0+8.1.1: rocksdb/include/rocksdb/trace_record.h:244:15: error: 'uint32_t' was not declared in this scope
warning: librocksdb-sys@0.11.0+8.1.1:   244 |   std::vector<uint32_t> cf_ids_;
warning: librocksdb-sys@0.11.0+8.1.1:       |               ^~~~~~~~
warning: librocksdb-sys@0.11.0+8.1.1: rocksdb/include/rocksdb/trace_record.h:244:15: note: 'uint32_t' is defined in header '<cstdint>'; this is probably fixable by adding '#include <cstdint>'
warning: librocksdb-sys@0.11.0+8.1.1: rocksdb/include/rocksdb/trace_record.h:244:23: error: template argument 1 is invalid
warning: librocksdb-sys@0.11.0+8.1.1:   244 |   std::vector<uint32_t> cf_ids_;
warning: librocksdb-sys@0.11.0+8.1.1:       |                       ^
warning: librocksdb-sys@0.11.0+8.1.1: rocksdb/include/rocksdb/trace_record.h:244:23: error: template argument 2 is invalid
warning: librocksdb-sys@0.11.0+8.1.1: rocksdb/include/rocksdb/trace_record_result.h:67:32: error: expected ')' before 'start_timestamp'
warning: librocksdb-sys@0.11.0+8.1.1:    67 |   TraceExecutionResult(uint64_t start_timestamp, uint64_t end_timestamp,
warning: librocksdb-sys@0.11.0+8.1.1:       |                       ~        ^~~~~~~~~~~~~~~~
warning: librocksdb-sys@0.11.0+8.1.1:       |                                )
warning: librocksdb-sys@0.11.0+8.1.1: rocksdb/include/rocksdb/trace_record_result.h:71:11: error: 'uint64_t' does not name a type
warning: librocksdb-sys@0.11.0+8.1.1:    71 |   virtual uint64_t GetStartTimestamp() const;
warning: librocksdb-sys@0.11.0+8.1.1:       |           ^~~~~~~~
warning: librocksdb-sys@0.11.0+8.1.1: rocksdb/include/rocksdb/trace_record_result.h:15:1: note: 'uint64_t' is defined in header '<cstdint>'; this is probably fixable by adding '#include <cstdint>'
warning: librocksdb-sys@0.11.0+8.1.1:    14 | #include "rocksdb/trace_record.h"
warning: librocksdb-sys@0.11.0+8.1.1:   +++ |+#include <cstdint>
warning: librocksdb-sys@0.11.0+8.1.1:    15 | 
warning: librocksdb-sys@0.11.0+8.1.1: rocksdb/include/rocksdb/trace_record_result.h:72:11: error: 'uint64_t' does not name a type
warning: librocksdb-sys@0.11.0+8.1.1:    72 |   virtual uint64_t GetEndTimestamp() const;
warning: librocksdb-sys@0.11.0+8.1.1:       |           ^~~~~~~~
warning: librocksdb-sys@0.11.0+8.1.1: rocksdb/include/rocksdb/trace_record_result.h:72:11: note: 'uint64_t' is defined in header '<cstdint>'; this is probably fixable by adding '#include <cstdint>'
warning: librocksdb-sys@0.11.0+8.1.1: rocksdb/include/rocksdb/trace_record_result.h:73:10: error: 'uint64_t' does not name a type
warning: librocksdb-sys@0.11.0+8.1.1:    73 |   inline uint64_t GetLatency() const {
warning: librocksdb-sys@0.11.0+8.1.1:       |          ^~~~~~~~
warning: librocksdb-sys@0.11.0+8.1.1: rocksdb/include/rocksdb/trace_record_result.h:73:10: note: 'uint64_t' is defined in header '<cstdint>'; this is probably fixable by adding '#include <cstdint>'
warning: librocksdb-sys@0.11.0+8.1.1: rocksdb/include/rocksdb/trace_record_result.h:78:3: error: 'uint64_t' does not name a type
warning: librocksdb-sys@0.11.0+8.1.1:    78 |   uint64_t ts_start_;
warning: librocksdb-sys@0.11.0+8.1.1:       |   ^~~~~~~~
warning: librocksdb-sys@0.11.0+8.1.1: rocksdb/include/rocksdb/trace_record_result.h:78:3: note: 'uint64_t' is defined in header '<cstdint>'; this is probably fixable by adding '#include <cstdint>'
warning: librocksdb-sys@0.11.0+8.1.1: rocksdb/include/rocksdb/trace_record_result.h:79:3: error: 'uint64_t' does not name a type
warning: librocksdb-sys@0.11.0+8.1.1:    79 |   uint64_t ts_end_;
warning: librocksdb-sys@0.11.0+8.1.1:       |   ^~~~~~~~
warning: librocksdb-sys@0.11.0+8.1.1: rocksdb/include/rocksdb/trace_record_result.h:79:3: note: 'uint64_t' is defined in header '<cstdint>'; this is probably fixable by adding '#include <cstdint>'
warning: librocksdb-sys@0.11.0+8.1.1: rocksdb/include/rocksdb/trace_record_result.h:86:49: error: 'uint64_t' has not been declared
warning: librocksdb-sys@0.11.0+8.1.1:    86 |   StatusOnlyTraceExecutionResult(Status status, uint64_t start_timestamp,
warning: librocksdb-sys@0.11.0+8.1.1:       |                                                 ^~~~~~~~
warning: librocksdb-sys@0.11.0+8.1.1: rocksdb/include/rocksdb/trace_record_result.h:86:49: note: 'uint64_t' is defined in header '<cstdint>'; this is probably fixable by adding '#include <cstdint>'
warning: librocksdb-sys@0.11.0+8.1.1: rocksdb/include/rocksdb/trace_record_result.h:87:34: error: 'uint64_t' has not been declared
warning: librocksdb-sys@0.11.0+8.1.1:    87 |                                  uint64_t end_timestamp, TraceType trace_type);
warning: librocksdb-sys@0.11.0+8.1.1:       |                                  ^~~~~~~~
warning: librocksdb-sys@0.11.0+8.1.1: rocksdb/include/rocksdb/trace_record_result.h:87:34: note: 'uint64_t' is defined in header '<cstdint>'; this is probably fixable by adding '#include <cstdint>'
warning: librocksdb-sys@0.11.0+8.1.1: rocksdb/include/rocksdb/trace_record_result.h:105:35: error: 'uint64_t' has not been declared
warning: librocksdb-sys@0.11.0+8.1.1:   105 |                                   uint64_t start_timestamp,
warning: librocksdb-sys@0.11.0+8.1.1:       |                                   ^~~~~~~~
warning: librocksdb-sys@0.11.0+8.1.1: rocksdb/include/rocksdb/trace_record_result.h:105:35: note: 'uint64_t' is defined in header '<cstdint>'; this is probably fixable by adding '#include <cstdint>'
warning: librocksdb-sys@0.11.0+8.1.1: rocksdb/include/rocksdb/trace_record_result.h:106:35: error: 'uint64_t' has not been declared
warning: librocksdb-sys@0.11.0+8.1.1:   106 |                                   uint64_t end_timestamp, TraceType trace_type);
warning: librocksdb-sys@0.11.0+8.1.1:       |                                   ^~~~~~~~
warning: librocksdb-sys@0.11.0+8.1.1: rocksdb/include/rocksdb/trace_record_result.h:106:35: note: 'uint64_t' is defined in header '<cstdint>'; this is probably fixable by adding '#include <cstdint>'
warning: librocksdb-sys@0.11.0+8.1.1: rocksdb/include/rocksdb/trace_record_result.h:109:35: error: 'uint64_t' has not been declared
warning: librocksdb-sys@0.11.0+8.1.1:   109 |                                   uint64_t start_timestamp,
warning: librocksdb-sys@0.11.0+8.1.1:       |                                   ^~~~~~~~
warning: librocksdb-sys@0.11.0+8.1.1: rocksdb/include/rocksdb/trace_record_result.h:109:35: note: 'uint64_t' is defined in header '<cstdint>'; this is probably fixable by adding '#include <cstdint>'
warning: librocksdb-sys@0.11.0+8.1.1: rocksdb/include/rocksdb/trace_record_result.h:110:35: error: 'uint64_t' has not been declared
warning: librocksdb-sys@0.11.0+8.1.1:   110 |                                   uint64_t end_timestamp, TraceType trace_type);
warning: librocksdb-sys@0.11.0+8.1.1:       |                                   ^~~~~~~~
warning: librocksdb-sys@0.11.0+8.1.1: rocksdb/include/rocksdb/trace_record_result.h:110:35: note: 'uint64_t' is defined in header '<cstdint>'; this is probably fixable by adding '#include <cstdint>'
warning: librocksdb-sys@0.11.0+8.1.1: rocksdb/include/rocksdb/trace_record_result.h:133:35: error: 'uint64_t' has not been declared
warning: librocksdb-sys@0.11.0+8.1.1:   133 |                                   uint64_t start_timestamp,
warning: librocksdb-sys@0.11.0+8.1.1:       |                                   ^~~~~~~~
warning: librocksdb-sys@0.11.0+8.1.1: rocksdb/include/rocksdb/trace_record_result.h:133:35: note: 'uint64_t' is defined in header '<cstdint>'; this is probably fixable by adding '#include <cstdint>'
warning: librocksdb-sys@0.11.0+8.1.1: rocksdb/include/rocksdb/trace_record_result.h:134:35: error: 'uint64_t' has not been declared
warning: librocksdb-sys@0.11.0+8.1.1:   134 |                                   uint64_t end_timestamp, TraceType trace_type);
warning: librocksdb-sys@0.11.0+8.1.1:       |                                   ^~~~~~~~
warning: librocksdb-sys@0.11.0+8.1.1: rocksdb/include/rocksdb/trace_record_result.h:134:35: note: 'uint64_t' is defined in header '<cstdint>'; this is probably fixable by adding '#include <cstdint>'
warning: librocksdb-sys@0.11.0+8.1.1: In file included from rocksdb/trace_replay/trace_record.cc:6:
warning: librocksdb-sys@0.11.0+8.1.1: rocksdb/include/rocksdb/trace_record.h:55:32: error: expected ')' before 'timestamp'
warning: librocksdb-sys@0.11.0+8.1.1:    55 |   explicit TraceRecord(uint64_t timestamp);
warning: librocksdb-sys@0.11.0+8.1.1:       |                       ~        ^~~~~~~~~~
warning: librocksdb-sys@0.11.0+8.1.1:       |                                )
warning: librocksdb-sys@0.11.0+8.1.1: rocksdb/include/rocksdb/trace_record.h:63:11: error: 'uint64_t' does not name a type
warning: librocksdb-sys@0.11.0+8.1.1:    63 |   virtual uint64_t GetTimestamp() const;
warning: librocksdb-sys@0.11.0+8.1.1:       |           ^~~~~~~~
warning: librocksdb-sys@0.11.0+8.1.1: rocksdb/include/rocksdb/trace_record.h:15:1: note: 'uint64_t' is defined in header '<cstdint>'; this is probably fixable by adding '#include <cstdint>'
warning: librocksdb-sys@0.11.0+8.1.1:    14 | #include "rocksdb/status.h"
warning: librocksdb-sys@0.11.0+8.1.1:   +++ |+#include <cstdint>
warning: librocksdb-sys@0.11.0+8.1.1:    15 | 
warning: librocksdb-sys@0.11.0+8.1.1: rocksdb/include/rocksdb/trace_record.h:91:3: error: 'uint64_t' does not name a type
warning: librocksdb-sys@0.11.0+8.1.1:    91 |   uint64_t timestamp_;
warning: librocksdb-sys@0.11.0+8.1.1:       |   ^~~~~~~~
warning: librocksdb-sys@0.11.0+8.1.1: rocksdb/include/rocksdb/trace_record.h:91:3: note: 'uint64_t' is defined in header '<cstdint>'; this is probably fixable by adding '#include <cstdint>'
warning: librocksdb-sys@0.11.0+8.1.1: rocksdb/include/rocksdb/trace_record.h:97:37: error: expected ')' before 'timestamp'
warning: librocksdb-sys@0.11.0+8.1.1:    97 |   explicit QueryTraceRecord(uint64_t timestamp);
warning: librocksdb-sys@0.11.0+8.1.1:       |                            ~        ^~~~~~~~~~
warning: librocksdb-sys@0.11.0+8.1.1:       |                                     )
warning: librocksdb-sys@0.11.0+8.1.1: rocksdb/include/rocksdb/trace_record.h:103:58: error: 'uint64_t' has not been declared
warning: librocksdb-sys@0.11.0+8.1.1:   103 |   WriteQueryTraceRecord(PinnableSlice&& write_batch_rep, uint64_t timestamp);
warning: librocksdb-sys@0.11.0+8.1.1:       |                                                          ^~~~~~~~
warning: librocksdb-sys@0.11.0+8.1.1: rocksdb/include/rocksdb/trace_record.h:103:58: note: 'uint64_t' is defined in header '<cstdint>'; this is probably fixable by adding '#include <cstdint>'
warning: librocksdb-sys@0.11.0+8.1.1: rocksdb/include/rocksdb/trace_record.h:105:61: error: 'uint64_t' has not been declared
warning: librocksdb-sys@0.11.0+8.1.1:   105 |   WriteQueryTraceRecord(const std::string& write_batch_rep, uint64_t timestamp);
warning: librocksdb-sys@0.11.0+8.1.1:       |                                                             ^~~~~~~~
warning: librocksdb-sys@0.11.0+8.1.1: rocksdb/include/rocksdb/trace_record.h:105:61: note: 'uint64_t' is defined in header '<cstdint>'; this is probably fixable by adding '#include <cstdint>'
warning: librocksdb-sys@0.11.0+8.1.1: rocksdb/include/rocksdb/trace_record.h:124:31: error: expected ')' before 'column_family_id'
warning: librocksdb-sys@0.11.0+8.1.1:   124 |   GetQueryTraceRecord(uint32_t column_family_id, PinnableSlice&& key,
warning: librocksdb-sys@0.11.0+8.1.1:       |                      ~        ^~~~~~~~~~~~~~~~~
warning: librocksdb-sys@0.11.0+8.1.1:       |                               )
warning: librocksdb-sys@0.11.0+8.1.1: rocksdb/include/rocksdb/trace_record.h:127:31: error: expected ')' before 'column_family_id'
warning: librocksdb-sys@0.11.0+8.1.1:   127 |   GetQueryTraceRecord(uint32_t column_family_id, const std::string& key,
warning: librocksdb-sys@0.11.0+8.1.1:       |                      ~        ^~~~~~~~~~~~~~~~~
warning: librocksdb-sys@0.11.0+8.1.1:       |                               )
warning: librocksdb-sys@0.11.0+8.1.1: rocksdb/include/rocksdb/trace_record.h:135:11: error: 'uint32_t' does not name a type
warning: librocksdb-sys@0.11.0+8.1.1:   135 |   virtual uint32_t GetColumnFamilyID() const;
warning: librocksdb-sys@0.11.0+8.1.1:       |           ^~~~~~~~
warning: librocksdb-sys@0.11.0+8.1.1: rocksdb/include/rocksdb/trace_record.h:135:11: note: 'uint32_t' is defined in header '<cstdint>'; this is probably fixable by adding '#include <cstdint>'
warning: librocksdb-sys@0.11.0+8.1.1: rocksdb/include/rocksdb/trace_record.h:144:3: error: 'uint32_t' does not name a type
warning: librocksdb-sys@0.11.0+8.1.1:   144 |   uint32_t cf_id_;
warning: librocksdb-sys@0.11.0+8.1.1:       |   ^~~~~~~~
warning: librocksdb-sys@0.11.0+8.1.1: rocksdb/include/rocksdb/trace_record.h:144:3: note: 'uint32_t' is defined in header '<cstdint>'; this is probably fixable by adding '#include <cstdint>'
warning: librocksdb-sys@0.11.0+8.1.1: rocksdb/include/rocksdb/trace_record.h:151:45: error: expected ')' before 'timestamp'
warning: librocksdb-sys@0.11.0+8.1.1:   151 |   explicit IteratorQueryTraceRecord(uint64_t timestamp);
warning: librocksdb-sys@0.11.0+8.1.1:       |                                    ~        ^~~~~~~~~~
warning: librocksdb-sys@0.11.0+8.1.1:       |                                             )
warning: librocksdb-sys@0.11.0+8.1.1: rocksdb/include/rocksdb/trace_record.h:154:57: error: 'uint64_t' has not been declared
warning: librocksdb-sys@0.11.0+8.1.1:   154 |                            PinnableSlice&& upper_bound, uint64_t timestamp);
warning: librocksdb-sys@0.11.0+8.1.1:       |                                                         ^~~~~~~~
warning: librocksdb-sys@0.11.0+8.1.1: rocksdb/include/rocksdb/trace_record.h:154:57: note: 'uint64_t' is defined in header '<cstdint>'; this is probably fixable by adding '#include <cstdint>'
warning: librocksdb-sys@0.11.0+8.1.1: rocksdb/include/rocksdb/trace_record.h:157:60: error: 'uint64_t' has not been declared
warning: librocksdb-sys@0.11.0+8.1.1:   157 |                            const std::string& upper_bound, uint64_t timestamp);
warning: librocksdb-sys@0.11.0+8.1.1:       |                                                            ^~~~~~~~
warning: librocksdb-sys@0.11.0+8.1.1: rocksdb/include/rocksdb/trace_record.h:157:60: note: 'uint64_t' is defined in header '<cstdint>'; this is probably fixable by adding '#include <cstdint>'
warning: librocksdb-sys@0.11.0+8.1.1: rocksdb/include/rocksdb/trace_record.h:180:51: error: 'uint32_t' has not been declared
warning: librocksdb-sys@0.11.0+8.1.1:   180 |   IteratorSeekQueryTraceRecord(SeekType seekType, uint32_t column_family_id,
warning: librocksdb-sys@0.11.0+8.1.1:       |                                                   ^~~~~~~~
warning: librocksdb-sys@0.11.0+8.1.1: rocksdb/include/rocksdb/trace_record.h:180:51: note: 'uint32_t' is defined in header '<cstdint>'; this is probably fixable by adding '#include <cstdint>'
warning: librocksdb-sys@0.11.0+8.1.1: rocksdb/include/rocksdb/trace_record.h:181:53: error: 'uint64_t' has not been declared
warning: librocksdb-sys@0.11.0+8.1.1:   181 |                                PinnableSlice&& key, uint64_t timestamp);
warning: librocksdb-sys@0.11.0+8.1.1:       |                                                     ^~~~~~~~
warning: librocksdb-sys@0.11.0+8.1.1: rocksdb/include/rocksdb/trace_record.h:181:53: note: 'uint64_t' is defined in header '<cstdint>'; this is probably fixable by adding '#include <cstdint>'
warning: librocksdb-sys@0.11.0+8.1.1: rocksdb/include/rocksdb/trace_record.h:183:51: error: 'uint32_t' has not been declared
warning: librocksdb-sys@0.11.0+8.1.1:   183 |   IteratorSeekQueryTraceRecord(SeekType seekType, uint32_t column_family_id,
warning: librocksdb-sys@0.11.0+8.1.1:       |                                                   ^~~~~~~~
warning: librocksdb-sys@0.11.0+8.1.1: rocksdb/include/rocksdb/trace_record.h:183:51: note: 'uint32_t' is defined in header '<cstdint>'; this is probably fixable by adding '#include <cstdint>'
warning: librocksdb-sys@0.11.0+8.1.1: rocksdb/include/rocksdb/trace_record.h:184:56: error: 'uint64_t' has not been declared
warning: librocksdb-sys@0.11.0+8.1.1:   184 |                                const std::string& key, uint64_t timestamp);
warning: librocksdb-sys@0.11.0+8.1.1:       |                                                        ^~~~~~~~
warning: librocksdb-sys@0.11.0+8.1.1: rocksdb/include/rocksdb/trace_record.h:184:56: note: 'uint64_t' is defined in header '<cstdint>'; this is probably fixable by adding '#include <cstdint>'
warning: librocksdb-sys@0.11.0+8.1.1: rocksdb/include/rocksdb/trace_record.h:186:51: error: 'uint32_t' has not been declared
warning: librocksdb-sys@0.11.0+8.1.1:   186 |   IteratorSeekQueryTraceRecord(SeekType seekType, uint32_t column_family_id,
warning: librocksdb-sys@0.11.0+8.1.1:       |                                                   ^~~~~~~~
warning: librocksdb-sys@0.11.0+8.1.1: rocksdb/include/rocksdb/trace_record.h:186:51: note: 'uint32_t' is defined in header '<cstdint>'; this is probably fixable by adding '#include <cstdint>'
warning: librocksdb-sys@0.11.0+8.1.1: rocksdb/include/rocksdb/trace_record.h:188:61: error: 'uint64_t' has not been declared
warning: librocksdb-sys@0.11.0+8.1.1:   188 |                                PinnableSlice&& upper_bound, uint64_t timestamp);
warning: librocksdb-sys@0.11.0+8.1.1:       |                                                             ^~~~~~~~
warning: librocksdb-sys@0.11.0+8.1.1: rocksdb/include/rocksdb/trace_record.h:188:61: note: 'uint64_t' is defined in header '<cstdint>'; this is probably fixable by adding '#include <cstdint>'
warning: librocksdb-sys@0.11.0+8.1.1: rocksdb/include/rocksdb/trace_record.h:190:51: error: 'uint32_t' has not been declared
warning: librocksdb-sys@0.11.0+8.1.1:   190 |   IteratorSeekQueryTraceRecord(SeekType seekType, uint32_t column_family_id,
warning: librocksdb-sys@0.11.0+8.1.1:       |                                                   ^~~~~~~~
warning: librocksdb-sys@0.11.0+8.1.1: rocksdb/include/rocksdb/trace_record.h:190:51: note: 'uint32_t' is defined in header '<cstdint>'; this is probably fixable by adding '#include <cstdint>'
warning: librocksdb-sys@0.11.0+8.1.1: rocksdb/include/rocksdb/trace_record.h:194:32: error: 'uint64_t' has not been declared
warning: librocksdb-sys@0.11.0+8.1.1:   194 |                                uint64_t timestamp);
warning: librocksdb-sys@0.11.0+8.1.1:       |                                ^~~~~~~~
warning: librocksdb-sys@0.11.0+8.1.1: rocksdb/include/rocksdb/trace_record.h:194:32: note: 'uint64_t' is defined in header '<cstdint>'; this is probably fixable by adding '#include <cstdint>'
warning: librocksdb-sys@0.11.0+8.1.1: rocksdb/include/rocksdb/trace_record.h:205:11: error: 'uint32_t' does not name a type
warning: librocksdb-sys@0.11.0+8.1.1:   205 |   virtual uint32_t GetColumnFamilyID() const;
warning: librocksdb-sys@0.11.0+8.1.1:       |           ^~~~~~~~
warning: librocksdb-sys@0.11.0+8.1.1: rocksdb/include/rocksdb/trace_record.h:205:11: note: 'uint32_t' is defined in header '<cstdint>'; this is probably fixable by adding '#include <cstdint>'
warning: librocksdb-sys@0.11.0+8.1.1: rocksdb/include/rocksdb/trace_record.h:215:3: error: 'uint32_t' does not name a type
warning: librocksdb-sys@0.11.0+8.1.1:   215 |   uint32_t cf_id_;
warning: librocksdb-sys@0.11.0+8.1.1:       |   ^~~~~~~~
warning: librocksdb-sys@0.11.0+8.1.1: rocksdb/include/rocksdb/trace_record.h:215:3: note: 'uint32_t' is defined in header '<cstdint>'; this is probably fixable by adding '#include <cstdint>'
warning: librocksdb-sys@0.11.0+8.1.1: rocksdb/include/rocksdb/trace_record.h:222:40: error: 'uint32_t' was not declared in this scope
warning: librocksdb-sys@0.11.0+8.1.1:   222 |   MultiGetQueryTraceRecord(std::vector<uint32_t> column_family_ids,
warning: librocksdb-sys@0.11.0+8.1.1:       |                                        ^~~~~~~~
warning: librocksdb-sys@0.11.0+8.1.1: rocksdb/include/rocksdb/trace_record.h:222:40: note: 'uint32_t' is defined in header '<cstdint>'; this is probably fixable by adding '#include <cstdint>'
warning: librocksdb-sys@0.11.0+8.1.1: rocksdb/include/rocksdb/trace_record.h:222:48: error: template argument 1 is invalid
warning: librocksdb-sys@0.11.0+8.1.1:   222 |   MultiGetQueryTraceRecord(std::vector<uint32_t> column_family_ids,
warning: librocksdb-sys@0.11.0+8.1.1:       |                                                ^
warning: librocksdb-sys@0.11.0+8.1.1: rocksdb/include/rocksdb/trace_record.h:222:48: error: template argument 2 is invalid
warning: librocksdb-sys@0.11.0+8.1.1: rocksdb/include/rocksdb/trace_record.h:224:28: error: 'uint64_t' has not been declared
warning: librocksdb-sys@0.11.0+8.1.1:   224 |                            uint64_t timestamp);
warning: librocksdb-sys@0.11.0+8.1.1:       |                            ^~~~~~~~
warning: librocksdb-sys@0.11.0+8.1.1: rocksdb/include/rocksdb/trace_record.h:224:28: note: 'uint64_t' is defined in header '<cstdint>'; this is probably fixable by adding '#include <cstdint>'
warning: librocksdb-sys@0.11.0+8.1.1: rocksdb/include/rocksdb/trace_record.h:226:40: error: 'uint32_t' was not declared in this scope
warning: librocksdb-sys@0.11.0+8.1.1:   226 |   MultiGetQueryTraceRecord(std::vector<uint32_t> column_family_ids,
warning: librocksdb-sys@0.11.0+8.1.1:       |                                        ^~~~~~~~
warning: librocksdb-sys@0.11.0+8.1.1: rocksdb/include/rocksdb/trace_record.h:226:40: note: 'uint32_t' is defined in header '<cstdint>'; this is probably fixable by adding '#include <cstdint>'
warning: librocksdb-sys@0.11.0+8.1.1: rocksdb/include/rocksdb/trace_record.h:226:48: error: template argument 1 is invalid
warning: librocksdb-sys@0.11.0+8.1.1:   226 |   MultiGetQueryTraceRecord(std::vector<uint32_t> column_family_ids,
warning: librocksdb-sys@0.11.0+8.1.1:       |                                                ^
warning: librocksdb-sys@0.11.0+8.1.1: rocksdb/include/rocksdb/trace_record.h:226:48: error: template argument 2 is invalid
warning: librocksdb-sys@0.11.0+8.1.1: rocksdb/include/rocksdb/trace_record.h:228:28: error: 'uint64_t' has not been declared
warning: librocksdb-sys@0.11.0+8.1.1:   228 |                            uint64_t timestamp);
warning: librocksdb-sys@0.11.0+8.1.1:       |                            ^~~~~~~~
warning: librocksdb-sys@0.11.0+8.1.1: rocksdb/include/rocksdb/trace_record.h:228:28: note: 'uint64_t' is defined in header '<cstdint>'; this is probably fixable by adding '#include <cstdint>'
warning: librocksdb-sys@0.11.0+8.1.1: rocksdb/include/rocksdb/trace_record.h:235:23: error: 'uint32_t' was not declared in this scope
warning: librocksdb-sys@0.11.0+8.1.1:   235 |   virtual std::vector<uint32_t> GetColumnFamilyIDs() const;
warning: librocksdb-sys@0.11.0+8.1.1:       |                       ^~~~~~~~
warning: librocksdb-sys@0.11.0+8.1.1: rocksdb/include/rocksdb/trace_record.h:235:23: note: 'uint32_t' is defined in header '<cstdint>'; this is probably fixable by adding '#include <cstdint>'
warning: librocksdb-sys@0.11.0+8.1.1: rocksdb/include/rocksdb/trace_record.h:235:31: error: template argument 1 is invalid
warning: librocksdb-sys@0.11.0+8.1.1:   235 |   virtual std::vector<uint32_t> GetColumnFamilyIDs() const;
warning: librocksdb-sys@0.11.0+8.1.1:       |                               ^
warning: librocksdb-sys@0.11.0+8.1.1: rocksdb/include/rocksdb/trace_record.h:235:31: error: template argument 2 is invalid
warning: librocksdb-sys@0.11.0+8.1.1: rocksdb/include/rocksdb/trace_record.h:244:15: error: 'uint32_t' was not declared in this scope
warning: librocksdb-sys@0.11.0+8.1.1:   244 |   std::vector<uint32_t> cf_ids_;
warning: librocksdb-sys@0.11.0+8.1.1:       |               ^~~~~~~~
warning: librocksdb-sys@0.11.0+8.1.1: rocksdb/include/rocksdb/trace_record.h:244:15: note: 'uint32_t' is defined in header '<cstdint>'; this is probably fixable by adding '#include <cstdint>'
warning: librocksdb-sys@0.11.0+8.1.1: rocksdb/include/rocksdb/trace_record.h:244:23: error: template argument 1 is invalid
warning: librocksdb-sys@0.11.0+8.1.1:   244 |   std::vector<uint32_t> cf_ids_;
warning: librocksdb-sys@0.11.0+8.1.1:       |                       ^
warning: librocksdb-sys@0.11.0+8.1.1: rocksdb/include/rocksdb/trace_record.h:244:23: error: template argument 2 is invalid
warning: librocksdb-sys@0.11.0+8.1.1: rocksdb/include/rocksdb/trace_record_result.h:156:55: error: 'uint64_t' has not been declared
warning: librocksdb-sys@0.11.0+8.1.1:   156 |                                PinnableSlice&& value, uint64_t start_timestamp,
warning: librocksdb-sys@0.11.0+8.1.1:       |                                                       ^~~~~~~~
warning: librocksdb-sys@0.11.0+8.1.1: rocksdb/include/rocksdb/trace_record_result.h:156:55: note: 'uint64_t' is defined in header '<cstdint>'; this is probably fixable by adding '#include <cstdint>'
warning: librocksdb-sys@0.11.0+8.1.1: rocksdb/include/rocksdb/trace_record_result.h:157:32: error: 'uint64_t' has not been declared
warning: librocksdb-sys@0.11.0+8.1.1:   157 |                                uint64_t end_timestamp, TraceType trace_type);
warning: librocksdb-sys@0.11.0+8.1.1:       |                                ^~~~~~~~
warning: librocksdb-sys@0.11.0+8.1.1: rocksdb/include/rocksdb/trace_record_result.h:157:32: note: 'uint64_t' is defined in header '<cstdint>'; this is probably fixable by adding '#include <cstdint>'
warning: librocksdb-sys@0.11.0+8.1.1: rocksdb/include/rocksdb/trace_record_result.h:161:32: error: 'uint64_t' has not been declared
warning: librocksdb-sys@0.11.0+8.1.1:   161 |                                uint64_t start_timestamp, uint64_t end_timestamp,
warning: librocksdb-sys@0.11.0+8.1.1:       |                                ^~~~~~~~
warning: librocksdb-sys@0.11.0+8.1.1: rocksdb/include/rocksdb/trace_record_result.h:161:32: note: 'uint64_t' is defined in header '<cstdint>'; this is probably fixable by adding '#include <cstdint>'
warning: librocksdb-sys@0.11.0+8.1.1: rocksdb/include/rocksdb/trace_record_result.h:161:58: error: 'uint64_t' has not been declared
warning: librocksdb-sys@0.11.0+8.1.1:   161 |                                uint64_t start_timestamp, uint64_t end_timestamp,
warning: librocksdb-sys@0.11.0+8.1.1:       |                                                          ^~~~~~~~
warning: librocksdb-sys@0.11.0+8.1.1: rocksdb/include/rocksdb/trace_record_result.h:161:58: note: 'uint64_t' is defined in header '<cstdint>'; this is probably fixable by adding '#include <cstdint>'
warning: librocksdb-sys@0.11.0+8.1.1: rocksdb/trace_replay/trace_record_result.cc:17:43: error: expected constructor, destructor, or type conversion before '(' token
warning: librocksdb-sys@0.11.0+8.1.1:    17 | TraceExecutionResult::TraceExecutionResult(uint64_t start_timestamp,
warning: librocksdb-sys@0.11.0+8.1.1:       |                                           ^
warning: librocksdb-sys@0.11.0+8.1.1: rocksdb/trace_replay/trace_record_result.cc:26:1: error: 'uint64_t' does not name a type
warning: librocksdb-sys@0.11.0+8.1.1:    26 | uint64_t TraceExecutionResult::GetStartTimestamp() const { return ts_start_; }
warning: librocksdb-sys@0.11.0+8.1.1:       | ^~~~~~~~
warning: librocksdb-sys@0.11.0+8.1.1: rocksdb/trace_replay/trace_record_result.cc:7:1: note: 'uint64_t' is defined in header '<cstdint>'; this is probably fixable by adding '#include <cstdint>'
warning: librocksdb-sys@0.11.0+8.1.1:     6 | #include "rocksdb/trace_record_result.h"
warning: librocksdb-sys@0.11.0+8.1.1:   +++ |+#include <cstdint>
warning: librocksdb-sys@0.11.0+8.1.1:     7 | 
warning: librocksdb-sys@0.11.0+8.1.1: rocksdb/trace_replay/trace_record_result.cc:28:1: error: 'uint64_t' does not name a type
warning: librocksdb-sys@0.11.0+8.1.1:    28 | uint64_t TraceExecutionResult::GetEndTimestamp() const { return ts_end_; }
warning: librocksdb-sys@0.11.0+8.1.1:       | ^~~~~~~~
warning: librocksdb-sys@0.11.0+8.1.1: rocksdb/trace_replay/trace_record_result.cc:28:1: note: 'uint64_t' is defined in header '<cstdint>'; this is probably fixable by adding '#include <cstdint>'
warning: librocksdb-sys@0.11.0+8.1.1: rocksdb/trace_replay/trace_record_result.cc:32:20: error: 'uint64_t' has not been declared
warning: librocksdb-sys@0.11.0+8.1.1:    32 |     Status status, uint64_t start_timestamp, uint64_t end_timestamp,
warning: librocksdb-sys@0.11.0+8.1.1:       |                    ^~~~~~~~
warning: librocksdb-sys@0.11.0+8.1.1: rocksdb/trace_replay/trace_record_result.cc:32:20: note: 'uint64_t' is defined in header '<cstdint>'; this is probably fixable by adding '#include <cstdint>'
warning: librocksdb-sys@0.11.0+8.1.1: rocksdb/trace_replay/trace_record_result.cc:32:46: error: 'uint64_t' has not been declared
warning: librocksdb-sys@0.11.0+8.1.1:    32 |     Status status, uint64_t start_timestamp, uint64_t end_timestamp,
warning: librocksdb-sys@0.11.0+8.1.1:       |                                              ^~~~~~~~
warning: librocksdb-sys@0.11.0+8.1.1: rocksdb/trace_replay/trace_record_result.cc:32:46: note: 'uint64_t' is defined in header '<cstdint>'; this is probably fixable by adding '#include <cstdint>'
warning: librocksdb-sys@0.11.0+8.1.1: rocksdb/trace_replay/trace_record_result.cc: In constructor 'rocksdb::StatusOnlyTraceExecutionResult::StatusOnlyTraceExecutionResult(rocksdb::Status, int, int, rocksdb::TraceType)':
warning: librocksdb-sys@0.11.0+8.1.1: rocksdb/trace_replay/trace_record_result.cc:35:32: error: no matching function for call to 'rocksdb::TraceExecutionResult::TraceExecutionResult(int&, int&, rocksdb::TraceType&)'
warning: librocksdb-sys@0.11.0+8.1.1:    35 |       status_(std::move(status)) {}
warning: librocksdb-sys@0.11.0+8.1.1:       |                                ^
warning: librocksdb-sys@0.11.0+8.1.1: rocksdb/trace_replay/trace_record_result.cc:35:32: note: there are 2 candidates
warning: librocksdb-sys@0.11.0+8.1.1: rocksdb/include/rocksdb/trace_record_result.h:65:7: note: candidate 1: 'constexpr rocksdb::TraceExecutionResult::TraceExecutionResult(const rocksdb::TraceExecutionResult&)'
warning: librocksdb-sys@0.11.0+8.1.1:    65 | class TraceExecutionResult : public TraceRecordResult {
warning: librocksdb-sys@0.11.0+8.1.1:       |       ^~~~~~~~~~~~~~~~~~~~
warning: librocksdb-sys@0.11.0+8.1.1: rocksdb/include/rocksdb/trace_record_result.h:65:7: note: candidate expects 1 argument, 3 provided
warning: librocksdb-sys@0.11.0+8.1.1: rocksdb/include/rocksdb/trace_record_result.h:65:7: note: candidate 2: 'constexpr rocksdb::TraceExecutionResult::TraceExecutionResult(rocksdb::TraceExecutionResult&&)'
warning: librocksdb-sys@0.11.0+8.1.1: rocksdb/include/rocksdb/trace_record_result.h:65:7: note: candidate expects 1 argument, 3 provided
warning: librocksdb-sys@0.11.0+8.1.1: rocksdb/trace_replay/trace_record_result.cc: At global scope:
warning: librocksdb-sys@0.11.0+8.1.1: rocksdb/trace_replay/trace_record_result.cc:48:46: error: 'uint64_t' has not been declared
warning: librocksdb-sys@0.11.0+8.1.1:    48 |     Status status, const std::string& value, uint64_t start_timestamp,
warning: librocksdb-sys@0.11.0+8.1.1:       |                                              ^~~~~~~~
warning: librocksdb-sys@0.11.0+8.1.1: rocksdb/trace_replay/trace_record_result.cc:48:46: note: 'uint64_t' is defined in header '<cstdint>'; this is probably fixable by adding '#include <cstdint>'
warning: librocksdb-sys@0.11.0+8.1.1: rocksdb/trace_replay/trace_record_result.cc:49:5: error: 'uint64_t' has not been declared
warning: librocksdb-sys@0.11.0+8.1.1:    49 |     uint64_t end_timestamp, TraceType trace_type)
warning: librocksdb-sys@0.11.0+8.1.1:       |     ^~~~~~~~
warning: librocksdb-sys@0.11.0+8.1.1: rocksdb/trace_replay/trace_record_result.cc:49:5: note: 'uint64_t' is defined in header '<cstdint>'; this is probably fixable by adding '#include <cstdint>'
warning: librocksdb-sys@0.11.0+8.1.1: rocksdb/trace_replay/trace_record_result.cc: In constructor 'rocksdb::SingleValueTraceExecutionResult::SingleValueTraceExecutionResult(rocksdb::Status, const std::string&, int, int, rocksdb::TraceType)':
warning: librocksdb-sys@0.11.0+8.1.1: rocksdb/trace_replay/trace_record_result.cc:52:19: error: no matching function for call to 'rocksdb::TraceExecutionResult::TraceExecutionResult(int&, int&, rocksdb::TraceType&)'
warning: librocksdb-sys@0.11.0+8.1.1:    52 |       value_(value) {}
warning: librocksdb-sys@0.11.0+8.1.1:       |                   ^
warning: librocksdb-sys@0.11.0+8.1.1: rocksdb/trace_replay/trace_record_result.cc:52:19: note: there are 2 candidates
warning: librocksdb-sys@0.11.0+8.1.1: rocksdb/include/rocksdb/trace_record_result.h:65:7: note: candidate 1: 'constexpr rocksdb::TraceExecutionResult::TraceExecutionResult(const rocksdb::TraceExecutionResult&)'
warning: librocksdb-sys@0.11.0+8.1.1:    65 | class TraceExecutionResult : public TraceRecordResult {
warning: librocksdb-sys@0.11.0+8.1.1:       |       ^~~~~~~~~~~~~~~~~~~~
warning: librocksdb-sys@0.11.0+8.1.1: rocksdb/include/rocksdb/trace_record_result.h:65:7: note: candidate expects 1 argument, 3 provided
warning: librocksdb-sys@0.11.0+8.1.1: rocksdb/include/rocksdb/trace_record_result.h:65:7: note: candidate 2: 'constexpr rocksdb::TraceExecutionResult::TraceExecutionResult(rocksdb::TraceExecutionResult&&)'
warning: librocksdb-sys@0.11.0+8.1.1: rocksdb/include/rocksdb/trace_record_result.h:65:7: note: candidate expects 1 argument, 3 provided
warning: librocksdb-sys@0.11.0+8.1.1: rocksdb/trace_replay/trace_record_result.cc: At global scope:
warning: librocksdb-sys@0.11.0+8.1.1: rocksdb/trace_replay/trace_record_result.cc:55:41: error: 'uint64_t' has not been declared
warning: librocksdb-sys@0.11.0+8.1.1:    55 |     Status status, std::string&& value, uint64_t start_timestamp,
warning: librocksdb-sys@0.11.0+8.1.1:       |                                         ^~~~~~~~
warning: librocksdb-sys@0.11.0+8.1.1: rocksdb/trace_replay/trace_record_result.cc:55:41: note: 'uint64_t' is defined in header '<cstdint>'; this is probably fixable by adding '#include <cstdint>'
warning: librocksdb-sys@0.11.0+8.1.1: rocksdb/trace_replay/trace_record_result.cc:56:5: error: 'uint64_t' has not been declared
warning: librocksdb-sys@0.11.0+8.1.1:    56 |     uint64_t end_timestamp, TraceType trace_type)
warning: librocksdb-sys@0.11.0+8.1.1:       |     ^~~~~~~~
warning: librocksdb-sys@0.11.0+8.1.1: rocksdb/trace_replay/trace_record_result.cc:56:5: note: 'uint64_t' is defined in header '<cstdint>'; this is probably fixable by adding '#include <cstdint>'
warning: librocksdb-sys@0.11.0+8.1.1: rocksdb/trace_replay/trace_record_result.cc: In constructor 'rocksdb::SingleValueTraceExecutionResult::SingleValueTraceExecutionResult(rocksdb::Status, std::string&&, int, int, rocksdb::TraceType)':
warning: librocksdb-sys@0.11.0+8.1.1: rocksdb/trace_replay/trace_record_result.cc:59:30: error: no matching function for call to 'rocksdb::TraceExecutionResult::TraceExecutionResult(int&, int&, rocksdb::TraceType&)'
warning: librocksdb-sys@0.11.0+8.1.1:    59 |       value_(std::move(value)) {}
warning: librocksdb-sys@0.11.0+8.1.1:       |                              ^
warning: librocksdb-sys@0.11.0+8.1.1: rocksdb/trace_replay/trace_record_result.cc:59:30: note: there are 2 candidates
warning: librocksdb-sys@0.11.0+8.1.1: rocksdb/include/rocksdb/trace_record_result.h:65:7: note: candidate 1: 'constexpr rocksdb::TraceExecutionResult::TraceExecutionResult(const rocksdb::TraceExecutionResult&)'
warning: librocksdb-sys@0.11.0+8.1.1:    65 | class TraceExecutionResult : public TraceRecordResult {
warning: librocksdb-sys@0.11.0+8.1.1:       |       ^~~~~~~~~~~~~~~~~~~~
warning: librocksdb-sys@0.11.0+8.1.1: rocksdb/include/rocksdb/trace_record_result.h:65:7: note: candidate expects 1 argument, 3 provided
warning: librocksdb-sys@0.11.0+8.1.1: rocksdb/include/rocksdb/trace_record_result.h:65:7: note: candidate 2: 'constexpr rocksdb::TraceExecutionResult::TraceExecutionResult(rocksdb::TraceExecutionResult&&)'
warning: librocksdb-sys@0.11.0+8.1.1: rocksdb/include/rocksdb/trace_record_result.h:65:7: note: candidate expects 1 argument, 3 provided
warning: librocksdb-sys@0.11.0+8.1.1: rocksdb/trace_replay/trace_record_result.cc: At global scope:
warning: librocksdb-sys@0.11.0+8.1.1: rocksdb/trace_replay/trace_record_result.cc:81:5: error: 'uint64_t' has not been declared
warning: librocksdb-sys@0.11.0+8.1.1:    81 |     uint64_t start_timestamp, uint64_t end_timestamp, TraceType trace_type)
warning: librocksdb-sys@0.11.0+8.1.1:       |     ^~~~~~~~
warning: librocksdb-sys@0.11.0+8.1.1: rocksdb/trace_replay/trace_record_result.cc:81:5: note: 'uint64_t' is defined in header '<cstdint>'; this is probably fixable by adding '#include <cstdint>'
warning: librocksdb-sys@0.11.0+8.1.1: rocksdb/trace_replay/trace_record_result.cc:81:31: error: 'uint64_t' has not been declared
warning: librocksdb-sys@0.11.0+8.1.1:    81 |     uint64_t start_timestamp, uint64_t end_timestamp, TraceType trace_type)
warning: librocksdb-sys@0.11.0+8.1.1:       |                               ^~~~~~~~
warning: librocksdb-sys@0.11.0+8.1.1: rocksdb/trace_replay/trace_record_result.cc:81:31: note: 'uint64_t' is defined in header '<cstdint>'; this is probably fixable by adding '#include <cstdint>'
warning: librocksdb-sys@0.11.0+8.1.1: rocksdb/trace_replay/trace_record_result.cc: In constructor 'rocksdb::MultiValuesTraceExecutionResult::MultiValuesTraceExecutionResult(std::vector<rocksdb::Status>, std::vector<std::__cxx11::basic_string<char> >, int, int, rocksdb::TraceType)':
warning: librocksdb-sys@0.11.0+8.1.1: rocksdb/trace_replay/trace_record_result.cc:84:32: error: no matching function for call to 'rocksdb::TraceExecutionResult::TraceExecutionResult(int&, int&, rocksdb::TraceType&)'
warning: librocksdb-sys@0.11.0+8.1.1:    84 |       values_(std::move(values)) {}
warning: librocksdb-sys@0.11.0+8.1.1:       |                                ^
warning: librocksdb-sys@0.11.0+8.1.1: rocksdb/trace_replay/trace_record_result.cc:84:32: note: there are 2 candidates
warning: librocksdb-sys@0.11.0+8.1.1: rocksdb/include/rocksdb/trace_record_result.h:65:7: note: candidate 1: 'constexpr rocksdb::TraceExecutionResult::TraceExecutionResult(const rocksdb::TraceExecutionResult&)'
warning: librocksdb-sys@0.11.0+8.1.1:    65 | class TraceExecutionResult : public TraceRecordResult {
warning: librocksdb-sys@0.11.0+8.1.1:       |       ^~~~~~~~~~~~~~~~~~~~
warning: librocksdb-sys@0.11.0+8.1.1: rocksdb/include/rocksdb/trace_record_result.h:65:7: note: candidate expects 1 argument, 3 provided
warning: librocksdb-sys@0.11.0+8.1.1: rocksdb/include/rocksdb/trace_record_result.h:65:7: note: candidate 2: 'constexpr rocksdb::TraceExecutionResult::TraceExecutionResult(rocksdb::TraceExecutionResult&&)'
warning: librocksdb-sys@0.11.0+8.1.1: rocksdb/include/rocksdb/trace_record_result.h:65:7: note: candidate expects 1 argument, 3 provided
warning: librocksdb-sys@0.11.0+8.1.1: rocksdb/trace_replay/trace_record_result.cc: At global scope:
warning: librocksdb-sys@0.11.0+8.1.1: rocksdb/trace_replay/trace_record_result.cc:109:5: error: 'uint64_t' has not been declared
warning: librocksdb-sys@0.11.0+8.1.1:   109 |     uint64_t start_timestamp, uint64_t end_timestamp, TraceType trace_type)
warning: librocksdb-sys@0.11.0+8.1.1:       |     ^~~~~~~~
warning: librocksdb-sys@0.11.0+8.1.1: rocksdb/trace_replay/trace_record_result.cc:109:5: note: 'uint64_t' is defined in header '<cstdint>'; this is probably fixable by adding '#include <cstdint>'
warning: librocksdb-sys@0.11.0+8.1.1: rocksdb/trace_replay/trace_record_result.cc:109:31: error: 'uint64_t' has not been declared
warning: librocksdb-sys@0.11.0+8.1.1:   109 |     uint64_t start_timestamp, uint64_t end_timestamp, TraceType trace_type)
warning: librocksdb-sys@0.11.0+8.1.1:       |                               ^~~~~~~~
warning: librocksdb-sys@0.11.0+8.1.1: rocksdb/trace_replay/trace_record_result.cc:109:31: note: 'uint64_t' is defined in header '<cstdint>'; this is probably fixable by adding '#include <cstdint>'
warning: librocksdb-sys@0.11.0+8.1.1: rocksdb/trace_replay/trace_record_result.cc: In constructor 'rocksdb::IteratorTraceExecutionResult::IteratorTraceExecutionResult(bool, rocksdb::Status, rocksdb::PinnableSlice&&, rocksdb::PinnableSlice&&, int, int, rocksdb::TraceType)':
warning: librocksdb-sys@0.11.0+8.1.1: rocksdb/trace_replay/trace_record_result.cc:114:30: error: no matching function for call to 'rocksdb::TraceExecutionResult::TraceExecutionResult(int&, int&, rocksdb::TraceType&)'
warning: librocksdb-sys@0.11.0+8.1.1:   114 |       value_(std::move(value)) {}
warning: librocksdb-sys@0.11.0+8.1.1:       |                              ^
warning: librocksdb-sys@0.11.0+8.1.1: rocksdb/trace_replay/trace_record_result.cc:114:30: note: there are 2 candidates
warning: librocksdb-sys@0.11.0+8.1.1: rocksdb/include/rocksdb/trace_record_result.h:65:7: note: candidate 1: 'constexpr rocksdb::TraceExecutionResult::TraceExecutionResult(const rocksdb::TraceExecutionResult&)'
warning: librocksdb-sys@0.11.0+8.1.1:    65 | class TraceExecutionResult : public TraceRecordResult {
warning: librocksdb-sys@0.11.0+8.1.1:       |       ^~~~~~~~~~~~~~~~~~~~
warning: librocksdb-sys@0.11.0+8.1.1: rocksdb/include/rocksdb/trace_record_result.h:65:7: note: candidate expects 1 argument, 3 provided
warning: librocksdb-sys@0.11.0+8.1.1: rocksdb/include/rocksdb/trace_record_result.h:65:7: note: candidate 2: 'constexpr rocksdb::TraceExecutionResult::TraceExecutionResult(rocksdb::TraceExecutionResult&&)'
warning: librocksdb-sys@0.11.0+8.1.1: rocksdb/include/rocksdb/trace_record_result.h:65:7: note: candidate expects 1 argument, 3 provided
warning: librocksdb-sys@0.11.0+8.1.1: rocksdb/trace_replay/trace_record_result.cc: At global scope:
warning: librocksdb-sys@0.11.0+8.1.1: rocksdb/trace_replay/trace_record_result.cc:118:5: error: 'uint64_t' has not been declared
warning: librocksdb-sys@0.11.0+8.1.1:   118 |     uint64_t start_timestamp, uint64_t end_timestamp, TraceType trace_type)
warning: librocksdb-sys@0.11.0+8.1.1:       |     ^~~~~~~~
warning: librocksdb-sys@0.11.0+8.1.1: rocksdb/trace_replay/trace_record_result.cc:118:5: note: 'uint64_t' is defined in header '<cstdint>'; this is probably fixable by adding '#include <cstdint>'
warning: librocksdb-sys@0.11.0+8.1.1: rocksdb/trace_replay/trace_record_result.cc:118:31: error: 'uint64_t' has not been declared
warning: librocksdb-sys@0.11.0+8.1.1:   118 |     uint64_t start_timestamp, uint64_t end_timestamp, TraceType trace_type)
warning: librocksdb-sys@0.11.0+8.1.1:       |                               ^~~~~~~~
warning: librocksdb-sys@0.11.0+8.1.1: rocksdb/trace_replay/trace_record_result.cc:118:31: note: 'uint64_t' is defined in header '<cstdint>'; this is probably fixable by adding '#include <cstdint>'
warning: librocksdb-sys@0.11.0+8.1.1: rocksdb/trace_replay/trace_record_result.cc: In constructor 'rocksdb::IteratorTraceExecutionResult::IteratorTraceExecutionResult(bool, rocksdb::Status, const std::string&, const std::string&, int, int, rocksdb::TraceType)':
warning: librocksdb-sys@0.11.0+8.1.1: rocksdb/trace_replay/trace_record_result.cc:121:32: error: no matching function for call to 'rocksdb::TraceExecutionResult::TraceExecutionResult(int&, int&, rocksdb::TraceType&)'
warning: librocksdb-sys@0.11.0+8.1.1:   121 |       status_(std::move(status)) {
warning: librocksdb-sys@0.11.0+8.1.1:       |                                ^
warning: librocksdb-sys@0.11.0+8.1.1: rocksdb/trace_replay/trace_record_result.cc:121:32: note: there are 2 candidates
warning: librocksdb-sys@0.11.0+8.1.1: rocksdb/include/rocksdb/trace_record_result.h:65:7: note: candidate 1: 'constexpr rocksdb::TraceExecutionResult::TraceExecutionResult(const rocksdb::TraceExecutionResult&)'
warning: librocksdb-sys@0.11.0+8.1.1:    65 | class TraceExecutionResult : public TraceRecordResult {
warning: librocksdb-sys@0.11.0+8.1.1:       |       ^~~~~~~~~~~~~~~~~~~~
warning: librocksdb-sys@0.11.0+8.1.1: rocksdb/include/rocksdb/trace_record_result.h:65:7: note: candidate expects 1 argument, 3 provided
warning: librocksdb-sys@0.11.0+8.1.1: rocksdb/include/rocksdb/trace_record_result.h:65:7: note: candidate 2: 'constexpr rocksdb::TraceExecutionResult::TraceExecutionResult(rocksdb::TraceExecutionResult&&)'
warning: librocksdb-sys@0.11.0+8.1.1: rocksdb/include/rocksdb/trace_record_result.h:65:7: note: candidate expects 1 argument, 3 provided
warning: librocksdb-sys@0.11.0+8.1.1: ToolExecError: command did not execute successfully (status code exit status: 1): LC_ALL="C" "c++" "-O0" "-ffunction-sections" "-fdata-sections" "-fPIC" "-gdwarf-4" "-fno-omit-frame-pointer" "-m64" "-I" "rocksdb/include/" "-I" "rocksdb/" "-I" "rocksdb/third-party/gtest-1.8.1/fused-src/" "-I" "snappy/" "-I" "/home/bruno/projects/atlasDb/target/debug/build/lz4-sys-ce6294e8d7090448/out/include" "-I" "/home/bruno/.cargo/registry/src/index.crates.io-1949cf8c6b5b557f/zstd-sys-2.0.16+zstd.1.5.7/zstd/lib" "-I" "/home/bruno/projects/atlasDb/target/debug/build/libz-sys-9281dd73ab8e6346/out/include" "-I" "/home/bruno/projects/atlasDb/target/debug/build/bzip2-sys-39f611a8c5d4f030/out/include" "-I" "." "-Wall" "-Wextra" "-std=c++17" "-Wsign-compare" "-Wshadow" "-Wno-unused-parameter" "-Wno-unused-variable" "-Woverloaded-virtual" "-Wnon-virtual-dtor" "-Wno-missing-field-initializers" "-Wno-strict-aliasing" "-Wno-invalid-offsetof" "-msse2" "-std=c++17" "-DSNAPPY=1" "-DLZ4=1" "-DZSTD=1" "-DZLIB=1" "-DBZIP2=1" "-DNDEBUG=1" "-DOS_LINUX" "-DROCKSDB_PLATFORM_POSIX" "-DROCKSDB_LIB_IO_POSIX" "-DROCKSDB_SUPPORT_THREAD_LOCAL" "-o" "/home/bruno/projects/atlasDb/target/debug/build/librocksdb-sys-ce9d7f62af75fe0e/out/6c7cb00c5af69c91-trace_record_result.o" "-c" "rocksdb/trace_replay/trace_record_result.cc"cargo:warning=rocksdb/trace_replay/trace_record.cc:20:1: error: no declaration matches 'rocksdb::TraceRecord::TraceRecord(uint64_t)'
warning: librocksdb-sys@0.11.0+8.1.1:    20 | TraceRecord::TraceRecord(uint64_t timestamp) : timestamp_(timestamp) {}
warning: librocksdb-sys@0.11.0+8.1.1:       | ^~~~~~~~~~~
warning: librocksdb-sys@0.11.0+8.1.1: rocksdb/include/rocksdb/trace_record.h:53:7: note: candidates are: 'constexpr rocksdb::TraceRecord::TraceRecord(const rocksdb::TraceRecord&)'
warning: librocksdb-sys@0.11.0+8.1.1:    53 | class TraceRecord {
warning: librocksdb-sys@0.11.0+8.1.1:       |       ^~~~~~~~~~~
warning: librocksdb-sys@0.11.0+8.1.1: rocksdb/include/rocksdb/trace_record.h:53:7: note:                 'constexpr rocksdb::TraceRecord::TraceRecord()'
warning: librocksdb-sys@0.11.0+8.1.1: rocksdb/include/rocksdb/trace_record.h:53:7: note: 'class rocksdb::TraceRecord' defined here
warning: librocksdb-sys@0.11.0+8.1.1: rocksdb/trace_replay/trace_record.cc:22:10: error: no declaration matches 'uint64_t rocksdb::TraceRecord::GetTimestamp() const'
warning: librocksdb-sys@0.11.0+8.1.1:    22 | uint64_t TraceRecord::GetTimestamp() const { return timestamp_; }
warning: librocksdb-sys@0.11.0+8.1.1:       |          ^~~~~~~~~~~
warning: librocksdb-sys@0.11.0+8.1.1: rocksdb/trace_replay/trace_record.cc:22:10: note: no functions named 'uint64_t rocksdb::TraceRecord::GetTimestamp() const'
warning: librocksdb-sys@0.11.0+8.1.1: rocksdb/include/rocksdb/trace_record.h:53:7: note: 'class rocksdb::TraceRecord' defined here
warning: librocksdb-sys@0.11.0+8.1.1:    53 | class TraceRecord {
warning: librocksdb-sys@0.11.0+8.1.1:       |       ^~~~~~~~~~~
warning: librocksdb-sys@0.11.0+8.1.1: rocksdb/trace_replay/trace_record.cc:30:1: error: no declaration matches 'rocksdb::QueryTraceRecord::QueryTraceRecord(uint64_t)'
warning: librocksdb-sys@0.11.0+8.1.1:    30 | QueryTraceRecord::QueryTraceRecord(uint64_t timestamp)
warning: librocksdb-sys@0.11.0+8.1.1:       | ^~~~~~~~~~~~~~~~
warning: librocksdb-sys@0.11.0+8.1.1: rocksdb/include/rocksdb/trace_record.h:95:7: note: candidates are: 'constexpr rocksdb::QueryTraceRecord::QueryTraceRecord(rocksdb::QueryTraceRecord&&)'
warning: librocksdb-sys@0.11.0+8.1.1:    95 | class QueryTraceRecord : public TraceRecord {
warning: librocksdb-sys@0.11.0+8.1.1:       |       ^~~~~~~~~~~~~~~~
warning: librocksdb-sys@0.11.0+8.1.1: rocksdb/include/rocksdb/trace_record.h:95:7: note:                 'constexpr rocksdb::QueryTraceRecord::QueryTraceRecord(const rocksdb::QueryTraceRecord&)'
warning: librocksdb-sys@0.11.0+8.1.1: rocksdb/include/rocksdb/trace_record.h:95:7: note:                 'constexpr rocksdb::QueryTraceRecord::QueryTraceRecord()'
warning: librocksdb-sys@0.11.0+8.1.1: rocksdb/include/rocksdb/trace_record.h:95:7: note: 'class rocksdb::QueryTraceRecord' defined here
warning: librocksdb-sys@0.11.0+8.1.1: rocksdb/trace_replay/trace_record.cc:34:1: error: no declaration matches 'rocksdb::WriteQueryTraceRecord::WriteQueryTraceRecord(rocksdb::PinnableSlice&&, uint64_t)'
warning: librocksdb-sys@0.11.0+8.1.1:    34 | WriteQueryTraceRecord::WriteQueryTraceRecord(PinnableSlice&& write_batch_rep,
warning: librocksdb-sys@0.11.0+8.1.1:       | ^~~~~~~~~~~~~~~~~~~~~
warning: librocksdb-sys@0.11.0+8.1.1: rocksdb/include/rocksdb/trace_record.h:101:7: note: candidates are: 'rocksdb::WriteQueryTraceRecord::WriteQueryTraceRecord(rocksdb::WriteQueryTraceRecord&)'
warning: librocksdb-sys@0.11.0+8.1.1:   101 | class WriteQueryTraceRecord : public QueryTraceRecord {
warning: librocksdb-sys@0.11.0+8.1.1:       |       ^~~~~~~~~~~~~~~~~~~~~
warning: librocksdb-sys@0.11.0+8.1.1: rocksdb/include/rocksdb/trace_record.h:105:3: note:                 'rocksdb::WriteQueryTraceRecord::WriteQueryTraceRecord(const std::string&, int)'
warning: librocksdb-sys@0.11.0+8.1.1:   105 |   WriteQueryTraceRecord(const std::string& write_batch_rep, uint64_t timestamp);
warning: librocksdb-sys@0.11.0+8.1.1:       |   ^~~~~~~~~~~~~~~~~~~~~
warning: librocksdb-sys@0.11.0+8.1.1: rocksdb/include/rocksdb/trace_record.h:103:3: note:                 'rocksdb::WriteQueryTraceRecord::WriteQueryTraceRecord(rocksdb::PinnableSlice&&, int)'
warning: librocksdb-sys@0.11.0+8.1.1:   103 |   WriteQueryTraceRecord(PinnableSlice&& write_batch_rep, uint64_t timestamp);
warning: librocksdb-sys@0.11.0+8.1.1:       |   ^~~~~~~~~~~~~~~~~~~~~
warning: librocksdb-sys@0.11.0+8.1.1: rocksdb/include/rocksdb/trace_record.h:101:7: note: 'class rocksdb::WriteQueryTraceRecord' defined here
warning: librocksdb-sys@0.11.0+8.1.1:   101 | class WriteQueryTraceRecord : public QueryTraceRecord {
warning: librocksdb-sys@0.11.0+8.1.1:       |       ^~~~~~~~~~~~~~~~~~~~~
warning: librocksdb-sys@0.11.0+8.1.1: rocksdb/trace_replay/trace_record.cc:38:1: error: no declaration matches 'rocksdb::WriteQueryTraceRecord::WriteQueryTraceRecord(const std::string&, uint64_t)'
warning: librocksdb-sys@0.11.0+8.1.1:    38 | WriteQueryTraceRecord::WriteQueryTraceRecord(const std::string& write_batch_rep,
warning: librocksdb-sys@0.11.0+8.1.1:       | ^~~~~~~~~~~~~~~~~~~~~
warning: librocksdb-sys@0.11.0+8.1.1: rocksdb/include/rocksdb/trace_record.h:101:7: note: candidates are: 'rocksdb::WriteQueryTraceRecord::WriteQueryTraceRecord(rocksdb::WriteQueryTraceRecord&)'
warning: librocksdb-sys@0.11.0+8.1.1:   101 | class WriteQueryTraceRecord : public QueryTraceRecord {
warning: librocksdb-sys@0.11.0+8.1.1:       |       ^~~~~~~~~~~~~~~~~~~~~
warning: librocksdb-sys@0.11.0+8.1.1: rocksdb/include/rocksdb/trace_record.h:105:3: note:                 'rocksdb::WriteQueryTraceRecord::WriteQueryTraceRecord(const std::string&, int)'
warning: librocksdb-sys@0.11.0+8.1.1:   105 |   WriteQueryTraceRecord(const std::string& write_batch_rep, uint64_t timestamp);
warning: librocksdb-sys@0.11.0+8.1.1:       |   ^~~~~~~~~~~~~~~~~~~~~
warning: librocksdb-sys@0.11.0+8.1.1: rocksdb/include/rocksdb/trace_record.h:103:3: note:                 'rocksdb::WriteQueryTraceRecord::WriteQueryTraceRecord(rocksdb::PinnableSlice&&, int)'
warning: librocksdb-sys@0.11.0+8.1.1:   103 |   WriteQueryTraceRecord(PinnableSlice&& write_batch_rep, uint64_t timestamp);
warning: librocksdb-sys@0.11.0+8.1.1:       |   ^~~~~~~~~~~~~~~~~~~~~
warning: librocksdb-sys@0.11.0+8.1.1: rocksdb/include/rocksdb/trace_record.h:101:7: note: 'class rocksdb::WriteQueryTraceRecord' defined here
warning: librocksdb-sys@0.11.0+8.1.1:   101 | class WriteQueryTraceRecord : public QueryTraceRecord {
warning: librocksdb-sys@0.11.0+8.1.1:       |       ^~~~~~~~~~~~~~~~~~~~~
warning: librocksdb-sys@0.11.0+8.1.1: rocksdb/trace_replay/trace_record.cc:55:1: error: no declaration matches 'rocksdb::GetQueryTraceRecord::GetQueryTraceRecord(uint32_t, rocksdb::PinnableSlice&&, uint64_t)'
warning: librocksdb-sys@0.11.0+8.1.1:    55 | GetQueryTraceRecord::GetQueryTraceRecord(uint32_t column_family_id,
warning: librocksdb-sys@0.11.0+8.1.1:       | ^~~~~~~~~~~~~~~~~~~
warning: librocksdb-sys@0.11.0+8.1.1: rocksdb/include/rocksdb/trace_record.h:122:7: note: candidates are: 'rocksdb::GetQueryTraceRecord::GetQueryTraceRecord(rocksdb::GetQueryTraceRecord&)'
warning: librocksdb-sys@0.11.0+8.1.1:   122 | class GetQueryTraceRecord : public QueryTraceRecord {
warning: librocksdb-sys@0.11.0+8.1.1:       |       ^~~~~~~~~~~~~~~~~~~
warning: librocksdb-sys@0.11.0+8.1.1: rocksdb/include/rocksdb/trace_record.h:122:7: note:                 'rocksdb::GetQueryTraceRecord::GetQueryTraceRecord()'
warning: librocksdb-sys@0.11.0+8.1.1: rocksdb/include/rocksdb/trace_record.h:122:7: note: 'class rocksdb::GetQueryTraceRecord' defined here
warning: librocksdb-sys@0.11.0+8.1.1: rocksdb/trace_replay/trace_record.cc:62:1: error: no declaration matches 'rocksdb::GetQueryTraceRecord::GetQueryTraceRecord(uint32_t, const std::string&, uint64_t)'
warning: librocksdb-sys@0.11.0+8.1.1:    62 | GetQueryTraceRecord::GetQueryTraceRecord(uint32_t column_family_id,
warning: librocksdb-sys@0.11.0+8.1.1:       | ^~~~~~~~~~~~~~~~~~~
warning: librocksdb-sys@0.11.0+8.1.1: rocksdb/include/rocksdb/trace_record.h:122:7: note: candidates are: 'rocksdb::GetQueryTraceRecord::GetQueryTraceRecord(rocksdb::GetQueryTraceRecord&)'
warning: librocksdb-sys@0.11.0+8.1.1:   122 | class GetQueryTraceRecord : public QueryTraceRecord {
warning: librocksdb-sys@0.11.0+8.1.1:       |       ^~~~~~~~~~~~~~~~~~~
warning: librocksdb-sys@0.11.0+8.1.1: rocksdb/include/rocksdb/trace_record.h:122:7: note:                 'rocksdb::GetQueryTraceRecord::GetQueryTraceRecord()'
warning: librocksdb-sys@0.11.0+8.1.1: rocksdb/include/rocksdb/trace_record.h:122:7: note: 'class rocksdb::GetQueryTraceRecord' defined here
warning: librocksdb-sys@0.11.0+8.1.1: rocksdb/trace_replay/trace_record.cc:71:10: error: no declaration matches 'uint32_t rocksdb::GetQueryTraceRecord::GetColumnFamilyID() const'
warning: librocksdb-sys@0.11.0+8.1.1:    71 | uint32_t GetQueryTraceRecord::GetColumnFamilyID() const { return cf_id_; }
warning: librocksdb-sys@0.11.0+8.1.1:       |          ^~~~~~~~~~~~~~~~~~~
warning: librocksdb-sys@0.11.0+8.1.1: rocksdb/trace_replay/trace_record.cc:71:10: note: no functions named 'uint32_t rocksdb::GetQueryTraceRecord::GetColumnFamilyID() const'
warning: librocksdb-sys@0.11.0+8.1.1: rocksdb/include/rocksdb/trace_record.h:122:7: note: 'class rocksdb::GetQueryTraceRecord' defined here
warning: librocksdb-sys@0.11.0+8.1.1:   122 | class GetQueryTraceRecord : public QueryTraceRecord {
warning: librocksdb-sys@0.11.0+8.1.1:       |       ^~~~~~~~~~~~~~~~~~~
warning: librocksdb-sys@0.11.0+8.1.1: rocksdb/trace_replay/trace_record.cc:82:1: error: no declaration matches 'rocksdb::IteratorQueryTraceRecord::IteratorQueryTraceRecord(uint64_t)'
warning: librocksdb-sys@0.11.0+8.1.1:    82 | IteratorQueryTraceRecord::IteratorQueryTraceRecord(uint64_t timestamp)
warning: librocksdb-sys@0.11.0+8.1.1:       | ^~~~~~~~~~~~~~~~~~~~~~~~
warning: librocksdb-sys@0.11.0+8.1.1: rocksdb/include/rocksdb/trace_record.h:149:7: note: candidates are: 'rocksdb::IteratorQueryTraceRecord::IteratorQueryTraceRecord(rocksdb::IteratorQueryTraceRecord&)'
warning: librocksdb-sys@0.11.0+8.1.1:   149 | class IteratorQueryTraceRecord : public QueryTraceRecord {
warning: librocksdb-sys@0.11.0+8.1.1:       |       ^~~~~~~~~~~~~~~~~~~~~~~~
warning: librocksdb-sys@0.11.0+8.1.1: rocksdb/include/rocksdb/trace_record.h:156:3: note:                 'rocksdb::IteratorQueryTraceRecord::IteratorQueryTraceRecord(const std::string&, const std::string&, int)'
warning: librocksdb-sys@0.11.0+8.1.1:   156 |   IteratorQueryTraceRecord(const std::string& lower_bound,
warning: librocksdb-sys@0.11.0+8.1.1:       |   ^~~~~~~~~~~~~~~~~~~~~~~~
warning: librocksdb-sys@0.11.0+8.1.1: rocksdb/include/rocksdb/trace_record.h:153:3: note:                 'rocksdb::IteratorQueryTraceRecord::IteratorQueryTraceRecord(rocksdb::PinnableSlice&&, rocksdb::PinnableSlice&&, int)'
warning: librocksdb-sys@0.11.0+8.1.1:   153 |   IteratorQueryTraceRecord(PinnableSlice&& lower_bound,
warning: librocksdb-sys@0.11.0+8.1.1:       |   ^~~~~~~~~~~~~~~~~~~~~~~~
warning: librocksdb-sys@0.11.0+8.1.1: rocksdb/include/rocksdb/trace_record.h:149:7: note: 'class rocksdb::IteratorQueryTraceRecord' defined here
warning: librocksdb-sys@0.11.0+8.1.1:   149 | class IteratorQueryTraceRecord : public QueryTraceRecord {
warning: librocksdb-sys@0.11.0+8.1.1:       |       ^~~~~~~~~~~~~~~~~~~~~~~~
warning: librocksdb-sys@0.11.0+8.1.1: rocksdb/trace_replay/trace_record.cc:85:1: error: no declaration matches 'rocksdb::IteratorQueryTraceRecord::IteratorQueryTraceRecord(rocksdb::PinnableSlice&&, rocksdb::PinnableSlice&&, uint64_t)'
warning: librocksdb-sys@0.11.0+8.1.1:    85 | IteratorQueryTraceRecord::IteratorQueryTraceRecord(PinnableSlice&& lower_bound,
warning: librocksdb-sys@0.11.0+8.1.1:       | ^~~~~~~~~~~~~~~~~~~~~~~~
warning: librocksdb-sys@0.11.0+8.1.1: rocksdb/include/rocksdb/trace_record.h:149:7: note: candidates are: 'rocksdb::IteratorQueryTraceRecord::IteratorQueryTraceRecord(rocksdb::IteratorQueryTraceRecord&)'
warning: librocksdb-sys@0.11.0+8.1.1:   149 | class IteratorQueryTraceRecord : public QueryTraceRecord {
warning: librocksdb-sys@0.11.0+8.1.1:       |       ^~~~~~~~~~~~~~~~~~~~~~~~
warning: librocksdb-sys@0.11.0+8.1.1: rocksdb/include/rocksdb/trace_record.h:156:3: note:                 'rocksdb::IteratorQueryTraceRecord::IteratorQueryTraceRecord(const std::string&, const std::string&, int)'
warning: librocksdb-sys@0.11.0+8.1.1:   156 |   IteratorQueryTraceRecord(const std::string& lower_bound,
warning: librocksdb-sys@0.11.0+8.1.1:       |   ^~~~~~~~~~~~~~~~~~~~~~~~
warning: librocksdb-sys@0.11.0+8.1.1: rocksdb/include/rocksdb/trace_record.h:153:3: note:                 'rocksdb::IteratorQueryTraceRecord::IteratorQueryTraceRecord(rocksdb::PinnableSlice&&, rocksdb::PinnableSlice&&, int)'
warning: librocksdb-sys@0.11.0+8.1.1:   153 |   IteratorQueryTraceRecord(PinnableSlice&& lower_bound,
warning: librocksdb-sys@0.11.0+8.1.1:       |   ^~~~~~~~~~~~~~~~~~~~~~~~
warning: librocksdb-sys@0.11.0+8.1.1: rocksdb/include/rocksdb/trace_record.h:149:7: note: 'class rocksdb::IteratorQueryTraceRecord' defined here
warning: librocksdb-sys@0.11.0+8.1.1:   149 | class IteratorQueryTraceRecord : public QueryTraceRecord {
warning: librocksdb-sys@0.11.0+8.1.1:       |       ^~~~~~~~~~~~~~~~~~~~~~~~
warning: librocksdb-sys@0.11.0+8.1.1: rocksdb/trace_replay/trace_record.cc:92:1: error: no declaration matches 'rocksdb::IteratorQueryTraceRecord::IteratorQueryTraceRecord(const std::string&, const std::string&, uint64_t)'
warning: librocksdb-sys@0.11.0+8.1.1:    92 | IteratorQueryTraceRecord::IteratorQueryTraceRecord(
warning: librocksdb-sys@0.11.0+8.1.1:       | ^~~~~~~~~~~~~~~~~~~~~~~~
warning: librocksdb-sys@0.11.0+8.1.1: rocksdb/include/rocksdb/trace_record.h:149:7: note: candidates are: 'rocksdb::IteratorQueryTraceRecord::IteratorQueryTraceRecord(rocksdb::IteratorQueryTraceRecord&)'
warning: librocksdb-sys@0.11.0+8.1.1:   149 | class IteratorQueryTraceRecord : public QueryTraceRecord {
warning: librocksdb-sys@0.11.0+8.1.1:       |       ^~~~~~~~~~~~~~~~~~~~~~~~
warning: librocksdb-sys@0.11.0+8.1.1: rocksdb/include/rocksdb/trace_record.h:156:3: note:                 'rocksdb::IteratorQueryTraceRecord::IteratorQueryTraceRecord(const std::string&, const std::string&, int)'
warning: librocksdb-sys@0.11.0+8.1.1:   156 |   IteratorQueryTraceRecord(const std::string& lower_bound,
warning: librocksdb-sys@0.11.0+8.1.1:       |   ^~~~~~~~~~~~~~~~~~~~~~~~
warning: librocksdb-sys@0.11.0+8.1.1: rocksdb/include/rocksdb/trace_record.h:153:3: note:                 'rocksdb::IteratorQueryTraceRecord::IteratorQueryTraceRecord(rocksdb::PinnableSlice&&, rocksdb::PinnableSlice&&, int)'
warning: librocksdb-sys@0.11.0+8.1.1:   153 |   IteratorQueryTraceRecord(PinnableSlice&& lower_bound,
warning: librocksdb-sys@0.11.0+8.1.1:       |   ^~~~~~~~~~~~~~~~~~~~~~~~
warning: librocksdb-sys@0.11.0+8.1.1: rocksdb/include/rocksdb/trace_record.h:149:7: note: 'class rocksdb::IteratorQueryTraceRecord' defined here
warning: librocksdb-sys@0.11.0+8.1.1:   149 | class IteratorQueryTraceRecord : public QueryTraceRecord {
warning: librocksdb-sys@0.11.0+8.1.1:       |       ^~~~~~~~~~~~~~~~~~~~~~~~
warning: librocksdb-sys@0.11.0+8.1.1: rocksdb/trace_replay/trace_record.cc:107:1: error: no declaration matches 'rocksdb::IteratorSeekQueryTraceRecord::IteratorSeekQueryTraceRecord(SeekType, uint32_t, rocksdb::PinnableSlice&&, uint64_t)'
warning: librocksdb-sys@0.11.0+8.1.1:   107 | IteratorSeekQueryTraceRecord::IteratorSeekQueryTraceRecord(
warning: librocksdb-sys@0.11.0+8.1.1:       | ^~~~~~~~~~~~~~~~~~~~~~~~~~~~
warning: librocksdb-sys@0.11.0+8.1.1: rocksdb/include/rocksdb/trace_record.h:172:7: note: candidates are: 'rocksdb::IteratorSeekQueryTraceRecord::IteratorSeekQueryTraceRecord(rocksdb::IteratorSeekQueryTraceRecord&)'
warning: librocksdb-sys@0.11.0+8.1.1:   172 | class IteratorSeekQueryTraceRecord : public IteratorQueryTraceRecord {
warning: librocksdb-sys@0.11.0+8.1.1:       |       ^~~~~~~~~~~~~~~~~~~~~~~~~~~~
warning: librocksdb-sys@0.11.0+8.1.1: rocksdb/include/rocksdb/trace_record.h:190:3: note:                 'rocksdb::IteratorSeekQueryTraceRecord::IteratorSeekQueryTraceRecord(SeekType, int, const std::string&, const std::string&, const std::string&, int)'
warning: librocksdb-sys@0.11.0+8.1.1:   190 |   IteratorSeekQueryTraceRecord(SeekType seekType, uint32_t column_family_id,
warning: librocksdb-sys@0.11.0+8.1.1:       |   ^~~~~~~~~~~~~~~~~~~~~~~~~~~~
warning: librocksdb-sys@0.11.0+8.1.1: rocksdb/include/rocksdb/trace_record.h:186:3: note:                 'rocksdb::IteratorSeekQueryTraceRecord::IteratorSeekQueryTraceRecord(SeekType, int, rocksdb::PinnableSlice&&, rocksdb::PinnableSlice&&, rocksdb::PinnableSlice&&, int)'
warning: librocksdb-sys@0.11.0+8.1.1:   186 |   IteratorSeekQueryTraceRecord(SeekType seekType, uint32_t column_family_id,
warning: librocksdb-sys@0.11.0+8.1.1:       |   ^~~~~~~~~~~~~~~~~~~~~~~~~~~~
warning: librocksdb-sys@0.11.0+8.1.1: rocksdb/include/rocksdb/trace_record.h:183:3: note:                 'rocksdb::IteratorSeekQueryTraceRecord::IteratorSeekQueryTraceRecord(SeekType, int, const std::string&, int)'
warning: librocksdb-sys@0.11.0+8.1.1:   183 |   IteratorSeekQueryTraceRecord(SeekType seekType, uint32_t column_family_id,
warning: librocksdb-sys@0.11.0+8.1.1:       |   ^~~~~~~~~~~~~~~~~~~~~~~~~~~~
warning: librocksdb-sys@0.11.0+8.1.1: rocksdb/include/rocksdb/trace_record.h:180:3: note:                 'rocksdb::IteratorSeekQueryTraceRecord::IteratorSeekQueryTraceRecord(SeekType, int, rocksdb::PinnableSlice&&, int)'
warning: librocksdb-sys@0.11.0+8.1.1:   180 |   IteratorSeekQueryTraceRecord(SeekType seekType, uint32_t column_family_id,
warning: librocksdb-sys@0.11.0+8.1.1:       |   ^~~~~~~~~~~~~~~~~~~~~~~~~~~~
warning: librocksdb-sys@0.11.0+8.1.1: rocksdb/include/rocksdb/trace_record.h:172:7: note: 'class rocksdb::IteratorSeekQueryTraceRecord' defined here
warning: librocksdb-sys@0.11.0+8.1.1:   172 | class IteratorSeekQueryTraceRecord : public IteratorQueryTraceRecord {
warning: librocksdb-sys@0.11.0+8.1.1:       |       ^~~~~~~~~~~~~~~~~~~~~~~~~~~~
warning: librocksdb-sys@0.11.0+8.1.1: rocksdb/trace_replay/trace_record.cc:115:1: error: no declaration matches 'rocksdb::IteratorSeekQueryTraceRecord::IteratorSeekQueryTraceRecord(SeekType, uint32_t, const std::string&, uint64_t)'
warning: librocksdb-sys@0.11.0+8.1.1:   115 | IteratorSeekQueryTraceRecord::IteratorSeekQueryTraceRecord(
warning: librocksdb-sys@0.11.0+8.1.1:       | ^~~~~~~~~~~~~~~~~~~~~~~~~~~~
warning: librocksdb-sys@0.11.0+8.1.1: rocksdb/include/rocksdb/trace_record.h:172:7: note: candidates are: 'rocksdb::IteratorSeekQueryTraceRecord::IteratorSeekQueryTraceRecord(rocksdb::IteratorSeekQueryTraceRecord&)'
warning: librocksdb-sys@0.11.0+8.1.1:   172 | class IteratorSeekQueryTraceRecord : public IteratorQueryTraceRecord {
warning: librocksdb-sys@0.11.0+8.1.1:       |       ^~~~~~~~~~~~~~~~~~~~~~~~~~~~
warning: librocksdb-sys@0.11.0+8.1.1: rocksdb/include/rocksdb/trace_record.h:190:3: note:                 'rocksdb::IteratorSeekQueryTraceRecord::IteratorSeekQueryTraceRecord(SeekType, int, const std::string&, const std::string&, const std::string&, int)'
warning: librocksdb-sys@0.11.0+8.1.1:   190 |   IteratorSeekQueryTraceRecord(SeekType seekType, uint32_t column_family_id,
warning: librocksdb-sys@0.11.0+8.1.1:       |   ^~~~~~~~~~~~~~~~~~~~~~~~~~~~
warning: librocksdb-sys@0.11.0+8.1.1: rocksdb/include/rocksdb/trace_record.h:186:3: note:                 'rocksdb::IteratorSeekQueryTraceRecord::IteratorSeekQueryTraceRecord(SeekType, int, rocksdb::PinnableSlice&&, rocksdb::PinnableSlice&&, rocksdb::PinnableSlice&&, int)'
warning: librocksdb-sys@0.11.0+8.1.1:   186 |   IteratorSeekQueryTraceRecord(SeekType seekType, uint32_t column_family_id,
warning: librocksdb-sys@0.11.0+8.1.1:       |   ^~~~~~~~~~~~~~~~~~~~~~~~~~~~
warning: librocksdb-sys@0.11.0+8.1.1: rocksdb/include/rocksdb/trace_record.h:183:3: note:                 'rocksdb::IteratorSeekQueryTraceRecord::IteratorSeekQueryTraceRecord(SeekType, int, const std::string&, int)'
warning: librocksdb-sys@0.11.0+8.1.1:   183 |   IteratorSeekQueryTraceRecord(SeekType seekType, uint32_t column_family_id,
warning: librocksdb-sys@0.11.0+8.1.1:       |   ^~~~~~~~~~~~~~~~~~~~~~~~~~~~
warning: librocksdb-sys@0.11.0+8.1.1: rocksdb/include/rocksdb/trace_record.h:180:3: note:                 'rocksdb::IteratorSeekQueryTraceRecord::IteratorSeekQueryTraceRecord(SeekType, int, rocksdb::PinnableSlice&&, int)'
warning: librocksdb-sys@0.11.0+8.1.1:   180 |   IteratorSeekQueryTraceRecord(SeekType seekType, uint32_t column_family_id,
warning: librocksdb-sys@0.11.0+8.1.1:       |   ^~~~~~~~~~~~~~~~~~~~~~~~~~~~
warning: librocksdb-sys@0.11.0+8.1.1: rocksdb/include/rocksdb/trace_record.h:172:7: note: 'class rocksdb::IteratorSeekQueryTraceRecord' defined here
warning: librocksdb-sys@0.11.0+8.1.1:   172 | class IteratorSeekQueryTraceRecord : public IteratorQueryTraceRecord {
warning: librocksdb-sys@0.11.0+8.1.1:       |       ^~~~~~~~~~~~~~~~~~~~~~~~~~~~
warning: librocksdb-sys@0.11.0+8.1.1: rocksdb/trace_replay/trace_record.cc:124:1: error: no declaration matches 'rocksdb::IteratorSeekQueryTraceRecord::IteratorSeekQueryTraceRecord(SeekType, uint32_t, rocksdb::PinnableSlice&&, rocksdb::PinnableSlice&&, rocksdb::PinnableSlice&&, uint64_t)'
warning: librocksdb-sys@0.11.0+8.1.1:   124 | IteratorSeekQueryTraceRecord::IteratorSeekQueryTraceRecord(
warning: librocksdb-sys@0.11.0+8.1.1:       | ^~~~~~~~~~~~~~~~~~~~~~~~~~~~
warning: librocksdb-sys@0.11.0+8.1.1: rocksdb/include/rocksdb/trace_record.h:172:7: note: candidates are: 'rocksdb::IteratorSeekQueryTraceRecord::IteratorSeekQueryTraceRecord(rocksdb::IteratorSeekQueryTraceRecord&)'
warning: librocksdb-sys@0.11.0+8.1.1:   172 | class IteratorSeekQueryTraceRecord : public IteratorQueryTraceRecord {
warning: librocksdb-sys@0.11.0+8.1.1:       |       ^~~~~~~~~~~~~~~~~~~~~~~~~~~~
warning: librocksdb-sys@0.11.0+8.1.1: rocksdb/include/rocksdb/trace_record.h:190:3: note:                 'rocksdb::IteratorSeekQueryTraceRecord::IteratorSeekQueryTraceRecord(SeekType, int, const std::string&, const std::string&, const std::string&, int)'
warning: librocksdb-sys@0.11.0+8.1.1:   190 |   IteratorSeekQueryTraceRecord(SeekType seekType, uint32_t column_family_id,
warning: librocksdb-sys@0.11.0+8.1.1:       |   ^~~~~~~~~~~~~~~~~~~~~~~~~~~~
warning: librocksdb-sys@0.11.0+8.1.1: rocksdb/include/rocksdb/trace_record.h:186:3: note:                 'rocksdb::IteratorSeekQueryTraceRecord::IteratorSeekQueryTraceRecord(SeekType, int, rocksdb::PinnableSlice&&, rocksdb::PinnableSlice&&, rocksdb::PinnableSlice&&, int)'
warning: librocksdb-sys@0.11.0+8.1.1:   186 |   IteratorSeekQueryTraceRecord(SeekType seekType, uint32_t column_family_id,
warning: librocksdb-sys@0.11.0+8.1.1:       |   ^~~~~~~~~~~~~~~~~~~~~~~~~~~~
warning: librocksdb-sys@0.11.0+8.1.1: rocksdb/include/rocksdb/trace_record.h:183:3: note:                 'rocksdb::IteratorSeekQueryTraceRecord::IteratorSeekQueryTraceRecord(SeekType, int, const std::string&, int)'
warning: librocksdb-sys@0.11.0+8.1.1:   183 |   IteratorSeekQueryTraceRecord(SeekType seekType, uint32_t column_family_id,
warning: librocksdb-sys@0.11.0+8.1.1:       |   ^~~~~~~~~~~~~~~~~~~~~~~~~~~~
warning: librocksdb-sys@0.11.0+8.1.1: rocksdb/include/rocksdb/trace_record.h:180:3: note:                 'rocksdb::IteratorSeekQueryTraceRecord::IteratorSeekQueryTraceRecord(SeekType, int, rocksdb::PinnableSlice&&, int)'
warning: librocksdb-sys@0.11.0+8.1.1:   180 |   IteratorSeekQueryTraceRecord(SeekType seekType, uint32_t column_family_id,
warning: librocksdb-sys@0.11.0+8.1.1:       |   ^~~~~~~~~~~~~~~~~~~~~~~~~~~~
warning: librocksdb-sys@0.11.0+8.1.1: rocksdb/include/rocksdb/trace_record.h:172:7: note: 'class rocksdb::IteratorSeekQueryTraceRecord' defined here
warning: librocksdb-sys@0.11.0+8.1.1:   172 | class IteratorSeekQueryTraceRecord : public IteratorQueryTraceRecord {
warning: librocksdb-sys@0.11.0+8.1.1:       |       ^~~~~~~~~~~~~~~~~~~~~~~~~~~~
warning: librocksdb-sys@0.11.0+8.1.1: rocksdb/trace_replay/trace_record.cc:134:1: error: no declaration matches 'rocksdb::IteratorSeekQueryTraceRecord::IteratorSeekQueryTraceRecord(SeekType, uint32_t, const std::string&, const std::string&, const std::string&, uint64_t)'
warning: librocksdb-sys@0.11.0+8.1.1:   134 | IteratorSeekQueryTraceRecord::IteratorSeekQueryTraceRecord(
warning: librocksdb-sys@0.11.0+8.1.1:       | ^~~~~~~~~~~~~~~~~~~~~~~~~~~~
warning: librocksdb-sys@0.11.0+8.1.1: rocksdb/include/rocksdb/trace_record.h:172:7: note: candidates are: 'rocksdb::IteratorSeekQueryTraceRecord::IteratorSeekQueryTraceRecord(rocksdb::IteratorSeekQueryTraceRecord&)'
warning: librocksdb-sys@0.11.0+8.1.1:   172 | class IteratorSeekQueryTraceRecord : public IteratorQueryTraceRecord {
warning: librocksdb-sys@0.11.0+8.1.1:       |       ^~~~~~~~~~~~~~~~~~~~~~~~~~~~
warning: librocksdb-sys@0.11.0+8.1.1: rocksdb/include/rocksdb/trace_record.h:190:3: note:                 'rocksdb::IteratorSeekQueryTraceRecord::IteratorSeekQueryTraceRecord(SeekType, int, const std::string&, const std::string&, const std::string&, int)'
warning: librocksdb-sys@0.11.0+8.1.1:   190 |   IteratorSeekQueryTraceRecord(SeekType seekType, uint32_t column_family_id,
warning: librocksdb-sys@0.11.0+8.1.1:       |   ^~~~~~~~~~~~~~~~~~~~~~~~~~~~
warning: librocksdb-sys@0.11.0+8.1.1: rocksdb/include/rocksdb/trace_record.h:186:3: note:                 'rocksdb::IteratorSeekQueryTraceRecord::IteratorSeekQueryTraceRecord(SeekType, int, rocksdb::PinnableSlice&&, rocksdb::PinnableSlice&&, rocksdb::PinnableSlice&&, int)'
warning: librocksdb-sys@0.11.0+8.1.1:   186 |   IteratorSeekQueryTraceRecord(SeekType seekType, uint32_t column_family_id,
warning: librocksdb-sys@0.11.0+8.1.1:       |   ^~~~~~~~~~~~~~~~~~~~~~~~~~~~
warning: librocksdb-sys@0.11.0+8.1.1: rocksdb/include/rocksdb/trace_record.h:183:3: note:                 'rocksdb::IteratorSeekQueryTraceRecord::IteratorSeekQueryTraceRecord(SeekType, int, const std::string&, int)'
warning: librocksdb-sys@0.11.0+8.1.1:   183 |   IteratorSeekQueryTraceRecord(SeekType seekType, uint32_t column_family_id,
warning: librocksdb-sys@0.11.0+8.1.1:       |   ^~~~~~~~~~~~~~~~~~~~~~~~~~~~
warning: librocksdb-sys@0.11.0+8.1.1: rocksdb/include/rocksdb/trace_record.h:180:3: note:                 'rocksdb::IteratorSeekQueryTraceRecord::IteratorSeekQueryTraceRecord(SeekType, int, rocksdb::PinnableSlice&&, int)'
warning: librocksdb-sys@0.11.0+8.1.1:   180 |   IteratorSeekQueryTraceRecord(SeekType seekType, uint32_t column_family_id,
warning: librocksdb-sys@0.11.0+8.1.1:       |   ^~~~~~~~~~~~~~~~~~~~~~~~~~~~
warning: librocksdb-sys@0.11.0+8.1.1: rocksdb/include/rocksdb/trace_record.h:172:7: note: 'class rocksdb::IteratorSeekQueryTraceRecord' defined here
warning: librocksdb-sys@0.11.0+8.1.1:   172 | class IteratorSeekQueryTraceRecord : public IteratorQueryTraceRecord {
warning: librocksdb-sys@0.11.0+8.1.1:       |       ^~~~~~~~~~~~~~~~~~~~~~~~~~~~
warning: librocksdb-sys@0.11.0+8.1.1: rocksdb/trace_replay/trace_record.cc:155:10: error: no declaration matches 'uint32_t rocksdb::IteratorSeekQueryTraceRecord::GetColumnFamilyID() const'
warning: librocksdb-sys@0.11.0+8.1.1:   155 | uint32_t IteratorSeekQueryTraceRecord::GetColumnFamilyID() const {
warning: librocksdb-sys@0.11.0+8.1.1:       |          ^~~~~~~~~~~~~~~~~~~~~~~~~~~~
warning: librocksdb-sys@0.11.0+8.1.1: rocksdb/trace_replay/trace_record.cc:155:10: note: no functions named 'uint32_t rocksdb::IteratorSeekQueryTraceRecord::GetColumnFamilyID() const'
warning: librocksdb-sys@0.11.0+8.1.1: rocksdb/include/rocksdb/trace_record.h:172:7: note: 'class rocksdb::IteratorSeekQueryTraceRecord' defined here
warning: librocksdb-sys@0.11.0+8.1.1:   172 | class IteratorSeekQueryTraceRecord : public IteratorQueryTraceRecord {
warning: librocksdb-sys@0.11.0+8.1.1:       |       ^~~~~~~~~~~~~~~~~~~~~~~~~~~~
warning: librocksdb-sys@0.11.0+8.1.1: rocksdb/trace_replay/trace_record.cc:168:1: error: no declaration matches 'rocksdb::MultiGetQueryTraceRecord::MultiGetQueryTraceRecord(std::vector<unsigned int>, std::vector<rocksdb::PinnableSlice>&&, uint64_t)'
warning: librocksdb-sys@0.11.0+8.1.1:   168 | MultiGetQueryTraceRecord::MultiGetQueryTraceRecord(
warning: librocksdb-sys@0.11.0+8.1.1:       | ^~~~~~~~~~~~~~~~~~~~~~~~
warning: librocksdb-sys@0.11.0+8.1.1: rocksdb/include/rocksdb/trace_record.h:220:7: note: candidates are: 'rocksdb::MultiGetQueryTraceRecord::MultiGetQueryTraceRecord(const rocksdb::MultiGetQueryTraceRecord&)'
warning: librocksdb-sys@0.11.0+8.1.1:   220 | class MultiGetQueryTraceRecord : public QueryTraceRecord {
warning: librocksdb-sys@0.11.0+8.1.1:       |       ^~~~~~~~~~~~~~~~~~~~~~~~
warning: librocksdb-sys@0.11.0+8.1.1: rocksdb/include/rocksdb/trace_record.h:226:3: note:                 'rocksdb::MultiGetQueryTraceRecord::MultiGetQueryTraceRecord(int, const std::vector<std::__cxx11::basic_string<char> >&, int)'
warning: librocksdb-sys@0.11.0+8.1.1:   226 |   MultiGetQueryTraceRecord(std::vector<uint32_t> column_family_ids,
warning: librocksdb-sys@0.11.0+8.1.1:       |   ^~~~~~~~~~~~~~~~~~~~~~~~
warning: librocksdb-sys@0.11.0+8.1.1: rocksdb/include/rocksdb/trace_record.h:222:3: note:                 'rocksdb::MultiGetQueryTraceRecord::MultiGetQueryTraceRecord(int, std::vector<rocksdb::PinnableSlice>&&, int)'
warning: librocksdb-sys@0.11.0+8.1.1:   222 |   MultiGetQueryTraceRecord(std::vector<uint32_t> column_family_ids,
warning: librocksdb-sys@0.11.0+8.1.1:       |   ^~~~~~~~~~~~~~~~~~~~~~~~
warning: librocksdb-sys@0.11.0+8.1.1: rocksdb/include/rocksdb/trace_record.h:220:7: note: 'class rocksdb::MultiGetQueryTraceRecord' defined here
warning: librocksdb-sys@0.11.0+8.1.1:   220 | class MultiGetQueryTraceRecord : public QueryTraceRecord {
warning: librocksdb-sys@0.11.0+8.1.1:       |       ^~~~~~~~~~~~~~~~~~~~~~~~
warning: librocksdb-sys@0.11.0+8.1.1: rocksdb/trace_replay/trace_record.cc:175:1: error: no declaration matches 'rocksdb::MultiGetQueryTraceRecord::MultiGetQueryTraceRecord(std::vector<unsigned int>, const std::vector<std::__cxx11::basic_string<char> >&, uint64_t)'
warning: librocksdb-sys@0.11.0+8.1.1:   175 | MultiGetQueryTraceRecord::MultiGetQueryTraceRecord(
warning: librocksdb-sys@0.11.0+8.1.1:       | ^~~~~~~~~~~~~~~~~~~~~~~~
warning: librocksdb-sys@0.11.0+8.1.1: rocksdb/include/rocksdb/trace_record.h:220:7: note: candidates are: 'rocksdb::MultiGetQueryTraceRecord::MultiGetQueryTraceRecord(const rocksdb::MultiGetQueryTraceRecord&)'
warning: librocksdb-sys@0.11.0+8.1.1:   220 | class MultiGetQueryTraceRecord : public QueryTraceRecord {
warning: librocksdb-sys@0.11.0+8.1.1:       |       ^~~~~~~~~~~~~~~~~~~~~~~~
warning: librocksdb-sys@0.11.0+8.1.1: rocksdb/include/rocksdb/trace_record.h:226:3: note:                 'rocksdb::MultiGetQueryTraceRecord::MultiGetQueryTraceRecord(int, const std::vector<std::__cxx11::basic_string<char> >&, int)'
warning: librocksdb-sys@0.11.0+8.1.1:   226 |   MultiGetQueryTraceRecord(std::vector<uint32_t> column_family_ids,
warning: librocksdb-sys@0.11.0+8.1.1:       |   ^~~~~~~~~~~~~~~~~~~~~~~~
warning: librocksdb-sys@0.11.0+8.1.1: rocksdb/include/rocksdb/trace_record.h:222:3: note:                 'rocksdb::MultiGetQueryTraceRecord::MultiGetQueryTraceRecord(int, std::vector<rocksdb::PinnableSlice>&&, int)'
warning: librocksdb-sys@0.11.0+8.1.1:   222 |   MultiGetQueryTraceRecord(std::vector<uint32_t> column_family_ids,
warning: librocksdb-sys@0.11.0+8.1.1:       |   ^~~~~~~~~~~~~~~~~~~~~~~~
warning: librocksdb-sys@0.11.0+8.1.1: rocksdb/include/rocksdb/trace_record.h:220:7: note: 'class rocksdb::MultiGetQueryTraceRecord' defined here
warning: librocksdb-sys@0.11.0+8.1.1:   220 | class MultiGetQueryTraceRecord : public QueryTraceRecord {
warning: librocksdb-sys@0.11.0+8.1.1:       |       ^~~~~~~~~~~~~~~~~~~~~~~~
warning: librocksdb-sys@0.11.0+8.1.1: rocksdb/trace_replay/trace_record.cc: In destructor 'virtual rocksdb::MultiGetQueryTraceRecord::~MultiGetQueryTraceRecord()':
warning: librocksdb-sys@0.11.0+8.1.1: rocksdb/trace_replay/trace_record.cc:188:11: error: request for member 'clear' in '((rocksdb::MultiGetQueryTraceRecord*)this)->rocksdb::MultiGetQueryTraceRecord::cf_ids_', which is of non-class type 'int'
warning: librocksdb-sys@0.11.0+8.1.1:   188 |   cf_ids_.clear();
warning: librocksdb-sys@0.11.0+8.1.1:       |           ^~~~~
warning: librocksdb-sys@0.11.0+8.1.1: rocksdb/trace_replay/trace_record.cc: At global scope:
warning: librocksdb-sys@0.11.0+8.1.1: rocksdb/trace_replay/trace_record.cc:192:23: error: no declaration matches 'std::vector<unsigned int> rocksdb::MultiGetQueryTraceRecord::GetColumnFamilyIDs() const'
warning: librocksdb-sys@0.11.0+8.1.1:   192 | std::vector<uint32_t> MultiGetQueryTraceRecord::GetColumnFamilyIDs() const {
warning: librocksdb-sys@0.11.0+8.1.1:       |                       ^~~~~~~~~~~~~~~~~~~~~~~~
warning: librocksdb-sys@0.11.0+8.1.1: rocksdb/include/rocksdb/trace_record.h:235:33: note: candidate is: 'virtual int rocksdb::MultiGetQueryTraceRecord::GetColumnFamilyIDs() const'
warning: librocksdb-sys@0.11.0+8.1.1:   235 |   virtual std::vector<uint32_t> GetColumnFamilyIDs() const;
warning: librocksdb-sys@0.11.0+8.1.1:       |                                 ^~~~~~~~~~~~~~~~~~
warning: librocksdb-sys@0.11.0+8.1.1: rocksdb/include/rocksdb/trace_record.h:220:7: note: 'class rocksdb::MultiGetQueryTraceRecord' defined here
warning: librocksdb-sys@0.11.0+8.1.1:   220 | class MultiGetQueryTraceRecord : public QueryTraceRecord {
warning: librocksdb-sys@0.11.0+8.1.1:       |       ^~~~~~~~~~~~~~~~~~~~~~~~
warning: librocksdb-sys@0.11.0+8.1.1: ToolExecError: command did not execute successfully (status code exit status: 1): LC_ALL="C" "c++" "-O0" "-ffunction-sections" "-fdata-sections" "-fPIC" "-gdwarf-4" "-fno-omit-frame-pointer" "-m64" "-I" "rocksdb/include/" "-I" "rocksdb/" "-I" "rocksdb/third-party/gtest-1.8.1/fused-src/" "-I" "snappy/" "-I" "/home/bruno/projects/atlasDb/target/debug/build/lz4-sys-ce6294e8d7090448/out/include" "-I" "/home/bruno/.cargo/registry/src/index.crates.io-1949cf8c6b5b557f/zstd-sys-2.0.16+zstd.1.5.7/zstd/lib" "-I" "/home/bruno/projects/atlasDb/target/debug/build/libz-sys-9281dd73ab8e6346/out/include" "-I" "/home/bruno/projects/atlasDb/target/debug/build/bzip2-sys-39f611a8c5d4f030/out/include" "-I" "." "-Wall" "-Wextra" "-std=c++17" "-Wsign-compare" "-Wshadow" "-Wno-unused-parameter" "-Wno-unused-variable" "-Woverloaded-virtual" "-Wnon-virtual-dtor" "-Wno-missing-field-initializers" "-Wno-strict-aliasing" "-Wno-invalid-offsetof" "-msse2" "-std=c++17" "-DSNAPPY=1" "-DLZ4=1" "-DZSTD=1" "-DZLIB=1" "-DBZIP2=1" "-DNDEBUG=1" "-DOS_LINUX" "-DROCKSDB_PLATFORM_POSIX" "-DROCKSDB_LIB_IO_POSIX" "-DROCKSDB_SUPPORT_THREAD_LOCAL" "-o" "/home/bruno/projects/atlasDb/target/debug/build/librocksdb-sys-ce9d7f62af75fe0e/out/6c7cb00c5af69c91-trace_record.o" "-c" "rocksdb/trace_replay/trace_record.cc"
error: failed to run custom build command for `librocksdb-sys v0.11.0+8.1.1`

Caused by:
  process didn't exit successfully: `/home/bruno/projects/atlasDb/target/debug/build/librocksdb-sys-94507907fb40d32a/build-script-build` (exit status: 1)
  --- stdout
  cargo:rerun-if-env-changed=ROCKSDB_COMPILE
  cargo:rerun-if-env-changed=ROCKSDB_LIB_DIR
  cargo:rerun-if-env-changed=ROCKSDB_STATIC
  cargo:rerun-if-changed=rocksdb/
  OUT_DIR = Some(/home/bruno/projects/atlasDb/target/debug/build/librocksdb-sys-ce9d7f62af75fe0e/out)
  OPT_LEVEL = Some(0)
  TARGET = Some(x86_64-unknown-linux-gnu)
  HOST = Some(x86_64-unknown-linux-gnu)
  cargo:rerun-if-env-changed=CXX_x86_64-unknown-linux-gnu
  CXX_x86_64-unknown-linux-gnu = None
  cargo:rerun-if-env-changed=CXX_x86_64_unknown_linux_gnu
  CXX_x86_64_unknown_linux_gnu = None
  cargo:rerun-if-env-changed=HOST_CXX
  HOST_CXX = None
  cargo:rerun-if-env-changed=CXX
  CXX = None
  cargo:rerun-if-env-changed=CC_ENABLE_DEBUG_OUTPUT
  RUSTC_WRAPPER = None
  cargo:rerun-if-env-changed=CRATE_CC_NO_DEFAULTS
  CRATE_CC_NO_DEFAULTS = None
  DEBUG = Some(true)
  CARGO_CFG_TARGET_FEATURE = Some(fxsr,sse,sse2)
  cargo:rerun-if-env-changed=CXXFLAGS
  CXXFLAGS = None
  cargo:rerun-if-env-changed=HOST_CXXFLAGS
  HOST_CXXFLAGS = None
  cargo:rerun-if-env-changed=CXXFLAGS_x86_64_unknown_linux_gnu
  CXXFLAGS_x86_64_unknown_linux_gnu = None
  cargo:rerun-if-env-changed=CXXFLAGS_x86_64-unknown-linux-gnu
  CXXFLAGS_x86_64-unknown-linux-gnu = None
  CARGO_ENCODED_RUSTFLAGS = Some()
  OUT_DIR = Some(/home/bruno/projects/atlasDb/target/debug/build/librocksdb-sys-ce9d7f62af75fe0e/out)
  cargo:rerun-if-env-changed=CC_ENABLE_DEBUG_OUTPUT
  cargo:rerun-if-env-changed=CRATE_CC_NO_DEFAULTS
  CRATE_CC_NO_DEFAULTS = None
  TARGET = Some(x86_64-unknown-linux-gnu)
  CARGO_CFG_TARGET_FEATURE = Some(fxsr,sse,sse2)
  HOST = Some(x86_64-unknown-linux-gnu)
  cargo:rerun-if-env-changed=CXXFLAGS
  CXXFLAGS = None
  cargo:rerun-if-env-changed=HOST_CXXFLAGS
  HOST_CXXFLAGS = None
  cargo:rerun-if-env-changed=CXXFLAGS_x86_64_unknown_linux_gnu
  CXXFLAGS_x86_64_unknown_linux_gnu = None
  cargo:rerun-if-env-changed=CXXFLAGS_x86_64-unknown-linux-gnu
  CXXFLAGS_x86_64-unknown-linux-gnu = None
  OUT_DIR = Some(/home/bruno/projects/atlasDb/target/debug/build/librocksdb-sys-ce9d7f62af75fe0e/out)
  cargo:rerun-if-env-changed=CC_ENABLE_DEBUG_OUTPUT
  cargo:rerun-if-env-changed=CRATE_CC_NO_DEFAULTS
  CRATE_CC_NO_DEFAULTS = None
  TARGET = Some(x86_64-unknown-linux-gnu)
  CARGO_CFG_TARGET_FEATURE = Some(fxsr,sse,sse2)
  HOST = Some(x86_64-unknown-linux-gnu)
  cargo:rerun-if-env-changed=CXXFLAGS
  CXXFLAGS = None
  cargo:rerun-if-env-changed=HOST_CXXFLAGS
  HOST_CXXFLAGS = None
  cargo:rerun-if-env-changed=CXXFLAGS_x86_64_unknown_linux_gnu
  CXXFLAGS_x86_64_unknown_linux_gnu = None
  cargo:rerun-if-env-changed=CXXFLAGS_x86_64-unknown-linux-gnu
  CXXFLAGS_x86_64-unknown-linux-gnu = None
  exit status: 0
  exit status: 0
  exit status: 0
  exit status: 0
  exit status: 0
  exit status: 0
  exit status: 0
  exit status: 0
  cargo:warning=In file included from rocksdb/db/blob/blob_file_meta.cc:6:
  cargo:warning=rocksdb/db/blob/blob_file_meta.h:28:7: error: 'uint64_t' has not been declared
  cargo:warning=   28 |       uint64_t blob_file_number, uint64_t total_blob_count,
  cargo:warning=      |       ^~~~~~~~
  cargo:warning=rocksdb/db/blob/blob_file_meta.h:15:1: note: 'uint64_t' is defined in header '<cstdint>'; this is probably fixable by adding '#include <cstdint>'
  cargo:warning=   14 | #include "rocksdb/rocksdb_namespace.h"
  cargo:warning=  +++ |+#include <cstdint>
  cargo:warning=   15 | 
  cargo:warning=rocksdb/db/blob/blob_file_meta.h:28:34: error: 'uint64_t' has not been declared
  cargo:warning=   28 |       uint64_t blob_file_number, uint64_t total_blob_count,
  cargo:warning=      |                                  ^~~~~~~~
  cargo:warning=rocksdb/db/blob/blob_file_meta.h:28:34: note: 'uint64_t' is defined in header '<cstdint>'; this is probably fixable by adding '#include <cstdint>'
  cargo:warning=rocksdb/db/blob/blob_file_meta.h:29:7: error: 'uint64_t' has not been declared
  cargo:warning=   29 |       uint64_t total_blob_bytes, std::string checksum_method,
  cargo:warning=      |       ^~~~~~~~
  cargo:warning=rocksdb/db/blob/blob_file_meta.h:29:7: note: 'uint64_t' is defined in header '<cstdint>'; this is probably fixable by adding '#include <cstdint>'
  cargo:warning=rocksdb/db/blob/blob_file_meta.h:38:7: error: 'uint64_t' has not been declared
  cargo:warning=   38 |       uint64_t blob_file_number, uint64_t total_blob_count,
  cargo:warning=      |       ^~~~~~~~
  cargo:warning=rocksdb/db/blob/blob_file_meta.h:38:7: note: 'uint64_t' is defined in header '<cstdint>'; this is probably fixable by adding '#include <cstdint>'
  cargo:warning=rocksdb/db/blob/blob_file_meta.h:38:34: error: 'uint64_t' has not been declared
  cargo:warning=   38 |       uint64_t blob_file_number, uint64_t total_blob_count,
  cargo:warning=      |                                  ^~~~~~~~
  cargo:warning=rocksdb/db/blob/blob_file_meta.h:38:34: note: 'uint64_t' is defined in header '<cstdint>'; this is probably fixable by adding '#include <cstdint>'
  cargo:warning=rocksdb/db/blob/blob_file_meta.h:39:7: error: 'uint64_t' has not been declared
  cargo:warning=   39 |       uint64_t total_blob_bytes, std::string checksum_method,
  cargo:warning=      |       ^~~~~~~~
  cargo:warning=rocksdb/db/blob/blob_file_meta.h:39:7: note: 'uint64_t' is defined in header '<cstdint>'; this is probably fixable by adding '#include <cstdint>'
  cargo:warning=rocksdb/db/blob/blob_file_meta.h:54:3: error: 'uint64_t' does not name a type
  cargo:warning=   54 |   uint64_t GetBlobFileSize() const;
  cargo:warning=      |   ^~~~~~~~
  cargo:warning=rocksdb/db/blob/blob_file_meta.h:54:3: note: 'uint64_t' is defined in header '<cstdint>'; this is probably fixable by adding '#include <cstdint>'
  cargo:warning=rocksdb/db/blob/blob_file_meta.h:55:3: error: 'uint64_t' does not name a type
  cargo:warning=   55 |   uint64_t GetBlobFileNumber() const { return blob_file_number_; }
  cargo:warning=      |   ^~~~~~~~
  cargo:warning=rocksdb/db/blob/blob_file_meta.h:55:3: note: 'uint64_t' is defined in header '<cstdint>'; this is probably fixable by adding '#include <cstdint>'
  cargo:warning=rocksdb/db/blob/blob_file_meta.h:56:3: error: 'uint64_t' does not name a type
  cargo:warning=   56 |   uint64_t GetTotalBlobCount() const { return total_blob_count_; }
  cargo:warning=      |   ^~~~~~~~
  cargo:warning=rocksdb/db/blob/blob_file_meta.h:56:3: note: 'uint64_t' is defined in header '<cstdint>'; this is probably fixable by adding '#include <cstdint>'
  cargo:warning=rocksdb/db/blob/blob_file_meta.h:57:3: error: 'uint64_t' does not name a type
  cargo:warning=   57 |   uint64_t GetTotalBlobBytes() const { return total_blob_bytes_; }
  cargo:warning=      |   ^~~~~~~~
  cargo:warning=rocksdb/db/blob/blob_file_meta.h:57:3: note: 'uint64_t' is defined in header '<cstdint>'; this is probably fixable by adding '#include <cstdint>'
  cargo:warning=rocksdb/db/blob/blob_file_meta.h:64:34: error: expected ')' before 'blob_file_number'
  cargo:warning=   64 |   SharedBlobFileMetaData(uint64_t blob_file_number, uint64_t total_blob_count,
  cargo:warning=      |                         ~        ^~~~~~~~~~~~~~~~~
  cargo:warning=      |                                  )
  cargo:warning=rocksdb/db/blob/blob_file_meta.h:75:3: error: 'uint64_t' does not name a type
  cargo:warning=   75 |   uint64_t blob_file_number_;
  cargo:warning=      |   ^~~~~~~~
  cargo:warning=rocksdb/db/blob/blob_file_meta.h:75:3: note: 'uint64_t' is defined in header '<cstdint>'; this is probably fixable by adding '#include <cstdint>'
  cargo:warning=rocksdb/db/blob/blob_file_meta.h:76:3: error: 'uint64_t' does not name a type
  cargo:warning=   76 |   uint64_t total_blob_count_;
  cargo:warning=      |   ^~~~~~~~
  cargo:warning=rocksdb/db/blob/blob_file_meta.h:76:3: note: 'uint64_t' is defined in header '<cstdint>'; this is probably fixable by adding '#include <cstdint>'
  cargo:warning=rocksdb/db/blob/blob_file_meta.h:77:3: error: 'uint64_t' does not name a type
  cargo:warning=   77 |   uint64_t total_blob_bytes_;
  cargo:warning=      |   ^~~~~~~~
  cargo:warning=rocksdb/db/blob/blob_file_meta.h:77:3: note: 'uint64_t' is defined in header '<cstdint>'; this is probably fixable by adding '#include <cstdint>'
  cargo:warning=rocksdb/db/blob/blob_file_meta.h: In static member function 'static std::shared_ptr<rocksdb::SharedBlobFileMetaData> rocksdb::SharedBlobFileMetaData::Create(int, int, int, std::string, std::string)':
  cargo:warning=rocksdb/db/blob/blob_file_meta.h:33:62: error: no matching function for call to 'rocksdb::SharedBlobFileMetaData::SharedBlobFileMetaData(int&, int&, int&, std::remove_reference<std::__cxx11::basic_string<char>&>::type, std::remove_reference<std::__cxx11::basic_string<char>&>::type)'
  cargo:warning=   33 |         std::move(checksum_method), std::move(checksum_value)));
  cargo:warning=      |                                                              ^
  cargo:warning=rocksdb/db/blob/blob_file_meta.h:33:62: note: there are 2 candidates
  cargo:warning=rocksdb/db/blob/blob_file_meta.h:51:3: note: candidate 1: 'rocksdb::SharedBlobFileMetaData::SharedBlobFileMetaData(rocksdb::SharedBlobFileMetaData&&)' (deleted)
  cargo:warning=   51 |   SharedBlobFileMetaData(SharedBlobFileMetaData&&) = delete;
  cargo:warning=      |   ^~~~~~~~~~~~~~~~~~~~~~
  cargo:warning=rocksdb/db/blob/blob_file_meta.h:51:3: note: candidate expects 1 argument, 5 provided
  cargo:warning=rocksdb/db/blob/blob_file_meta.h:48:3: note: candidate 2: 'rocksdb::SharedBlobFileMetaData::SharedBlobFileMetaData(const rocksdb::SharedBlobFileMetaData&)' (deleted)
  cargo:warning=   48 |   SharedBlobFileMetaData(const SharedBlobFileMetaData&) = delete;
  cargo:warning=      |   ^~~~~~~~~~~~~~~~~~~~~~
  cargo:warning=rocksdb/db/blob/blob_file_meta.h:48:3: note: candidate expects 1 argument, 5 provided
  cargo:warning=rocksdb/db/blob/blob_file_meta.h: In static member function 'static std::shared_ptr<rocksdb::SharedBlobFileMetaData> rocksdb::SharedBlobFileMetaData::Create(int, int, int, std::string, std::string, Deleter)':
  cargo:warning=rocksdb/db/blob/blob_file_meta.h:44:61: error: no matching function for call to 'rocksdb::SharedBlobFileMetaData::SharedBlobFileMetaData(int&, int&, int&, std::remove_reference<std::__cxx11::basic_string<char>&>::type, std::remove_reference<std::__cxx11::basic_string<char>&>::type)' [-Wtemplate-body]
  cargo:warning=   44 |                                    std::move(checksum_value)),
  cargo:warning=      |                                                             ^
  cargo:warning=rocksdb/db/blob/blob_file_meta.h:44:61: note: there are 2 candidates
  cargo:warning=rocksdb/db/blob/blob_file_meta.h:51:3: note: candidate 1: 'rocksdb::SharedBlobFileMetaData::SharedBlobFileMetaData(rocksdb::SharedBlobFileMetaData&&)' (deleted)
  cargo:warning=   51 |   SharedBlobFileMetaData(SharedBlobFileMetaData&&) = delete;
  cargo:warning=      |   ^~~~~~~~~~~~~~~~~~~~~~
  cargo:warning=rocksdb/db/blob/blob_file_meta.h:51:3: note: candidate expects 1 argument, 5 provided
  cargo:warning=rocksdb/db/blob/blob_file_meta.h:48:3: note: candidate 2: 'rocksdb::SharedBlobFileMetaData::SharedBlobFileMetaData(const rocksdb::SharedBlobFileMetaData&)' (deleted)
  cargo:warning=   48 |   SharedBlobFileMetaData(const SharedBlobFileMetaData&) = delete;
  cargo:warning=      |   ^~~~~~~~~~~~~~~~~~~~~~
  cargo:warning=rocksdb/db/blob/blob_file_meta.h:48:3: note: candidate expects 1 argument, 5 provided
  cargo:warning=rocksdb/db/blob/blob_file_meta.h: At global scope:
  cargo:warning=rocksdb/db/blob/blob_file_meta.h:95:41: error: 'uint64_t' was not declared in this scope
  cargo:warning=   95 |   using LinkedSsts = std::unordered_set<uint64_t>;
  cargo:warning=      |                                         ^~~~~~~~
  cargo:warning=rocksdb/db/blob/blob_file_meta.h:95:41: note: 'uint64_t' is defined in header '<cstdint>'; this is probably fixable by adding '#include <cstdint>'
  cargo:warning=rocksdb/db/blob/blob_file_meta.h:95:49: error: template argument 1 is invalid
  cargo:warning=   95 |   using LinkedSsts = std::unordered_set<uint64_t>;
  cargo:warning=      |                                                 ^
  cargo:warning=rocksdb/db/blob/blob_file_meta.h:95:49: error: template argument 2 is invalid
  cargo:warning=rocksdb/db/blob/blob_file_meta.h:95:49: error: template argument 3 is invalid
  cargo:warning=rocksdb/db/blob/blob_file_meta.h:95:49: error: template argument 4 is invalid
  cargo:warning=rocksdb/db/blob/blob_file_meta.h:99:7: error: 'LinkedSsts' has not been declared
  cargo:warning=   99 |       LinkedSsts linked_ssts, uint64_t garbage_blob_count,
  cargo:warning=      |       ^~~~~~~~~~
  cargo:warning=rocksdb/db/blob/blob_file_meta.h:99:31: error: 'uint64_t' has not been declared
  cargo:warning=   99 |       LinkedSsts linked_ssts, uint64_t garbage_blob_count,
  cargo:warning=      |                               ^~~~~~~~
  cargo:warning=rocksdb/db/blob/blob_file_meta.h:99:31: note: 'uint64_t' is defined in header '<cstdint>'; this is probably fixable by adding '#include <cstdint>'
  cargo:warning=rocksdb/db/blob/blob_file_meta.h:100:7: error: 'uint64_t' has not been declared
  cargo:warning=  100 |       uint64_t garbage_blob_bytes) {
  cargo:warning=      |       ^~~~~~~~
  cargo:warning=rocksdb/db/blob/blob_file_meta.h:100:7: note: 'uint64_t' is defined in header '<cstdint>'; this is probably fixable by adding '#include <cstdint>'
  cargo:warning=rocksdb/db/blob/blob_file_meta.h:116:3: error: 'uint64_t' does not name a type
  cargo:warning=  116 |   uint64_t GetBlobFileSize() const {
  cargo:warning=      |   ^~~~~~~~
  cargo:warning=rocksdb/db/blob/blob_file_meta.h:116:3: note: 'uint64_t' is defined in header '<cstdint>'; this is probably fixable by adding '#include <cstdint>'
  cargo:warning=rocksdb/db/blob/blob_file_meta.h:121:3: error: 'uint64_t' does not name a type
  cargo:warning=  121 |   uint64_t GetBlobFileNumber() const {
  cargo:warning=      |   ^~~~~~~~
  cargo:warning=rocksdb/db/blob/blob_file_meta.h:121:3: note: 'uint64_t' is defined in header '<cstdint>'; this is probably fixable by adding '#include <cstdint>'
  cargo:warning=rocksdb/db/blob/blob_file_meta.h:125:3: error: 'uint64_t' does not name a type
  cargo:warning=  125 |   uint64_t GetTotalBlobCount() const {
  cargo:warning=      |   ^~~~~~~~
  cargo:warning=rocksdb/db/blob/blob_file_meta.h:125:3: note: 'uint64_t' is defined in header '<cstdint>'; this is probably fixable by adding '#include <cstdint>'
  cargo:warning=rocksdb/db/blob/blob_file_meta.h:129:3: error: 'uint64_t' does not name a type
  cargo:warning=  129 |   uint64_t GetTotalBlobBytes() const {
  cargo:warning=      |   ^~~~~~~~
  cargo:warning=rocksdb/db/blob/blob_file_meta.h:129:3: note: 'uint64_t' is defined in header '<cstdint>'; this is probably fixable by adding '#include <cstdint>'
  cargo:warning=rocksdb/db/blob/blob_file_meta.h:142:9: error: 'LinkedSsts' does not name a type
  cargo:warning=  142 |   const LinkedSsts& GetLinkedSsts() const { return linked_ssts_; }
  cargo:warning=      |         ^~~~~~~~~~
  cargo:warning=rocksdb/db/blob/blob_file_meta.h:144:3: error: 'uint64_t' does not name a type
  cargo:warning=  144 |   uint64_t GetGarbageBlobCount() const { return garbage_blob_count_; }
  cargo:warning=      |   ^~~~~~~~
  cargo:warning=rocksdb/db/blob/blob_file_meta.h:144:3: note: 'uint64_t' is defined in header '<cstdint>'; this is probably fixable by adding '#include <cstdint>'
  cargo:warning=rocksdb/db/blob/blob_file_meta.h:145:3: error: 'uint64_t' does not name a type
  cargo:warning=  145 |   uint64_t GetGarbageBlobBytes() const { return garbage_blob_bytes_; }
  cargo:warning=      |   ^~~~~~~~
  cargo:warning=rocksdb/db/blob/blob_file_meta.h:145:3: note: 'uint64_t' is defined in header '<cstdint>'; this is probably fixable by adding '#include <cstdint>'
  cargo:warning=rocksdb/db/blob/blob_file_meta.h:151:20: error: 'LinkedSsts' has not been declared
  cargo:warning=  151 |                    LinkedSsts linked_ssts, uint64_t garbage_blob_count,
  cargo:warning=      |                    ^~~~~~~~~~
  cargo:warning=rocksdb/db/blob/blob_file_meta.h:151:44: error: 'uint64_t' has not been declared
  cargo:warning=  151 |                    LinkedSsts linked_ssts, uint64_t garbage_blob_count,
  cargo:warning=      |                                            ^~~~~~~~
  cargo:warning=rocksdb/db/blob/blob_file_meta.h:151:44: note: 'uint64_t' is defined in header '<cstdint>'; this is probably fixable by adding '#include <cstdint>'
  cargo:warning=rocksdb/db/blob/blob_file_meta.h:152:20: error: 'uint64_t' has not been declared
  cargo:warning=  152 |                    uint64_t garbage_blob_bytes)
  cargo:warning=      |                    ^~~~~~~~
  cargo:warning=rocksdb/db/blob/blob_file_meta.h:152:20: note: 'uint64_t' is defined in header '<cstdint>'; this is probably fixable by adding '#include <cstdint>'
  cargo:warning=rocksdb/db/blob/blob_file_meta.h:163:3: error: 'LinkedSsts' does not name a type
  cargo:warning=  163 |   LinkedSsts linked_ssts_;
  cargo:warning=      |   ^~~~~~~~~~
  cargo:warning=rocksdb/db/blob/blob_file_meta.h:164:3: error: 'uint64_t' does not name a type
  cargo:warning=  164 |   uint64_t garbage_blob_count_;
  cargo:warning=      |   ^~~~~~~~
  cargo:warning=rocksdb/db/blob/blob_file_meta.h:164:3: note: 'uint64_t' is defined in header '<cstdint>'; this is probably fixable by adding '#include <cstdint>'
  cargo:warning=rocksdb/db/blob/blob_file_meta.h:165:3: error: 'uint64_t' does not name a type
  cargo:warning=  165 |   uint64_t garbage_blob_bytes_;
  cargo:warning=      |   ^~~~~~~~
  cargo:warning=rocksdb/db/blob/blob_file_meta.h:165:3: note: 'uint64_t' is defined in header '<cstdint>'; this is probably fixable by adding '#include <cstdint>'
  cargo:warning=rocksdb/db/blob/blob_file_meta.h: In constructor 'rocksdb::BlobFileMetaData::BlobFileMetaData(std::shared_ptr<rocksdb::SharedBlobFileMetaData>, int, int, int)':
  cargo:warning=rocksdb/db/blob/blob_file_meta.h:154:9: error: class 'rocksdb::BlobFileMetaData' does not have any field named 'linked_ssts_'
  cargo:warning=  154 |         linked_ssts_(std::move(linked_ssts)),
  cargo:warning=      |         ^~~~~~~~~~~~
  cargo:warning=rocksdb/db/blob/blob_file_meta.h:155:9: error: class 'rocksdb::BlobFileMetaData' does not have any field named 'garbage_blob_count_'
  cargo:warning=  155 |         garbage_blob_count_(garbage_blob_count),
  cargo:warning=      |         ^~~~~~~~~~~~~~~~~~~
  cargo:warning=rocksdb/db/blob/blob_file_meta.h:156:9: error: class 'rocksdb::BlobFileMetaData' does not have any field named 'garbage_blob_bytes_'
  cargo:warning=  156 |         garbage_blob_bytes_(garbage_blob_bytes) {
  cargo:warning=      |         ^~~~~~~~~~~~~~~~~~~
  cargo:warning=rocksdb/db/blob/blob_file_meta.cc: At global scope:
  cargo:warning=rocksdb/db/blob/blob_file_meta.cc:15:10: error: no declaration matches 'uint64_t rocksdb::SharedBlobFileMetaData::GetBlobFileSize() const'
  cargo:warning=   15 | uint64_t SharedBlobFileMetaData::GetBlobFileSize() const {
  cargo:warning=      |          ^~~~~~~~~~~~~~~~~~~~~~
  cargo:warning=rocksdb/db/blob/blob_file_meta.cc:15:10: note: no functions named 'uint64_t rocksdb::SharedBlobFileMetaData::GetBlobFileSize() const'
  cargo:warning=rocksdb/db/blob/blob_file_meta.h:25:7: note: 'class rocksdb::SharedBlobFileMetaData' defined here
  cargo:warning=   25 | class SharedBlobFileMetaData {
  cargo:warning=      |       ^~~~~~~~~~~~~~~~~~~~~~
  cargo:warning=rocksdb/db/blob/blob_file_meta.cc: In function 'std::ostream& rocksdb::operator<<(std::ostream&, const SharedBlobFileMetaData&)':
  cargo:warning=rocksdb/db/blob/blob_file_meta.cc:28:45: error: 'const class rocksdb::SharedBlobFileMetaData' has no member named 'GetBlobFileNumber'
  cargo:warning=   28 |   os << "blob_file_number: " << shared_meta.GetBlobFileNumber()
  cargo:warning=      |                                             ^~~~~~~~~~~~~~~~~
  cargo:warning=rocksdb/db/blob/blob_file_meta.cc:29:46: error: 'const class rocksdb::SharedBlobFileMetaData' has no member named 'GetTotalBlobCount'
  cargo:warning=   29 |      << " total_blob_count: " << shared_meta.GetTotalBlobCount()
  cargo:warning=      |                                              ^~~~~~~~~~~~~~~~~
  cargo:warning=rocksdb/db/blob/blob_file_meta.cc:30:46: error: 'const class rocksdb::SharedBlobFileMetaData' has no member named 'GetTotalBlobBytes'
  cargo:warning=   30 |      << " total_blob_bytes: " << shared_meta.GetTotalBlobBytes()
  cargo:warning=      |                                              ^~~~~~~~~~~~~~~~~
  cargo:warning=rocksdb/db/blob/blob_file_meta.cc: In function 'std::ostream& rocksdb::operator<<(std::ostream&, const BlobFileMetaData&)':
  cargo:warning=rocksdb/db/blob/blob_file_meta.cc:51:36: error: 'const class rocksdb::BlobFileMetaData' has no member named 'GetLinkedSsts'
  cargo:warning=   51 |   for (uint64_t file_number : meta.GetLinkedSsts()) {
  cargo:warning=      |                                    ^~~~~~~~~~~~~
  cargo:warning=rocksdb/db/blob/blob_file_meta.cc:56:41: error: 'const class rocksdb::BlobFileMetaData' has no member named 'GetGarbageBlobCount'
  cargo:warning=   56 |   os << " garbage_blob_count: " << meta.GetGarbageBlobCount()
  cargo:warning=      |                                         ^~~~~~~~~~~~~~~~~~~
  cargo:warning=rocksdb/db/blob/blob_file_meta.cc:57:41: error: 'const class rocksdb::BlobFileMetaData' has no member named 'GetGarbageBlobBytes'
  cargo:warning=   57 |      << " garbage_blob_bytes: " << meta.GetGarbageBlobBytes();
  cargo:warning=      |                                         ^~~~~~~~~~~~~~~~~~~
  exit status: 0
  exit status: 0
  exit status: 0
  exit status: 0
  exit status: 0
  exit status: 0
  exit status: 0
  exit status: 1
  cargo:warning=ToolExecError: command did not execute successfully (status code exit status: 1): LC_ALL="C" "c++" "-O0" "-ffunction-sections" "-fdata-sections" "-fPIC" "-gdwarf-4" "-fno-omit-frame-pointer" "-m64" "-I" "rocksdb/include/" "-I" "rocksdb/" "-I" "rocksdb/third-party/gtest-1.8.1/fused-src/" "-I" "snappy/" "-I" "/home/bruno/projects/atlasDb/target/debug/build/lz4-sys-ce6294e8d7090448/out/include" "-I" "/home/bruno/.cargo/registry/src/index.crates.io-1949cf8c6b5b557f/zstd-sys-2.0.16+zstd.1.5.7/zstd/lib" "-I" "/home/bruno/projects/atlasDb/target/debug/build/libz-sys-9281dd73ab8e6346/out/include" "-I" "/home/bruno/projects/atlasDb/target/debug/build/bzip2-sys-39f611a8c5d4f030/out/include" "-I" "." "-Wall" "-Wextra" "-std=c++17" "-Wsign-compare" "-Wshadow" "-Wno-unused-parameter" "-Wno-unused-variable" "-Woverloaded-virtual" "-Wnon-virtual-dtor" "-Wno-missing-field-initializers" "-Wno-strict-aliasing" "-Wno-invalid-offsetof" "-msse2" "-std=c++17" "-DSNAPPY=1" "-DLZ4=1" "-DZSTD=1" "-DZLIB=1" "-DBZIP2=1" "-DNDEBUG=1" "-DOS_LINUX" "-DROCKSDB_PLATFORM_POSIX" "-DROCKSDB_LIB_IO_POSIX" "-DROCKSDB_SUPPORT_THREAD_LOCAL" "-o" "/home/bruno/projects/atlasDb/target/debug/build/librocksdb-sys-ce9d7f62af75fe0e/out/644b6a24ae2ff5c1-blob_file_meta.o" "-c" "rocksdb/db/blob/blob_file_meta.cc"
  exit status: 0
  exit status: 0
  exit status: 0
  exit status: 0
  exit status: 0
  exit status: 0
  exit status: 0
  exit status: 0
  exit status: 0
  exit status: 0
  exit status: 0
  exit status: 0
  exit status: 0
  exit status: 0
  exit status: 0
  exit status: 0
  exit status: 0
  exit status: 0
  exit status: 0
  exit status: 0
  exit status: 0
  exit status: 0
  exit status: 0
  exit status: 0
  exit status: 0
  exit status: 0
  exit status: 0
  exit status: 0
  exit status: 0
  exit status: 0
  exit status: 0
  exit status: 0
  exit status: 0
  exit status: 0
  exit status: 0
  exit status: 0
  exit status: 0
  exit status: 0
  exit status: 0
  exit status: 0
  exit status: 0
  exit status: 0
  exit status: 0
  exit status: 0
  exit status: 0
  exit status: 0
  exit status: 0
  exit status: 0
  exit status: 0
  exit status: 0
  exit status: 0
  exit status: 0
  exit status: 0
  exit status: 0
  exit status: 0
  exit status: 0
  exit status: 0
  exit status: 0
  exit status: 0
  exit status: 0
  exit status: 0
  exit status: 0
  exit status: 0
  exit status: 0
  exit status: 0
  exit status: 0
  exit status: 0
  exit status: 0
  exit status: 0
  exit status: 0
  exit status: 0
  exit status: 0
  exit status: 0
  exit status: 0
  exit status: 0
  exit status: 0
  exit status: 0
  exit status: 0
  exit status: 0
  exit status: 0
  exit status: 0
  exit status: 0
  exit status: 0
  exit status: 0
  exit status: 0
  exit status: 0
  exit status: 0
  exit status: 0
  exit status: 0
  exit status: 0
  exit status: 0
  exit status: 0
  exit status: 0
  exit status: 0
  exit status: 0
  exit status: 0
  exit status: 0
  exit status: 0
  exit status: 0
  exit status: 0
  exit status: 0
  exit status: 0
  exit status: 0
  exit status: 0
  exit status: 0
  exit status: 0
  exit status: 0
  exit status: 0
  exit status: 0
  exit status: 0
  exit status: 0
  exit status: 0
  exit status: 0
  exit status: 0
  exit status: 0
  exit status: 0
  exit status: 0
  exit status: 0
  exit status: 0
  exit status: 0
  exit status: 0
  exit status: 0
  exit status: 0
  exit status: 0
  exit status: 0
  exit status: 0
  exit status: 0
  exit status: 0
  exit status: 0
  exit status: 0
  exit status: 0
  exit status: 0
  exit status: 0
  exit status: 0
  exit status: 0
  exit status: 0
  exit status: 0
  exit status: 0
  exit status: 0
  exit status: 0
  exit status: 0
  exit status: 0
  exit status: 0
  exit status: 0
  exit status: 0
  exit status: 0
  exit status: 0
  exit status: 0
  exit status: 0
  exit status: 0
  exit status: 0
  exit status: 0
  exit status: 0
  exit status: 0
  exit status: 0
  exit status: 0
  exit status: 0
  exit status: 0
  exit status: 0
  exit status: 0
  exit status: 0
  exit status: 0
  exit status: 0
  exit status: 0
  exit status: 0
  exit status: 0
  exit status: 0
  exit status: 0
  exit status: 0
  exit status: 0
  exit status: 0
  exit status: 0
  exit status: 0
  exit status: 0
  exit status: 0
  exit status: 0
  exit status: 0
  exit status: 0
  exit status: 0
  exit status: 0
  exit status: 0
  exit status: 0
  exit status: 0
  exit status: 0
  exit status: 0
  exit status: 0
  exit status: 0
  exit status: 0
  exit status: 0
  exit status: 0
  exit status: 0
  exit status: 0
  cargo:warning=In file included from rocksdb/include/rocksdb/trace_record_result.h:14,
  cargo:warning=                 from rocksdb/trace_replay/trace_record_result.cc:6:
  cargo:warning=rocksdb/include/rocksdb/trace_record.h:55:32: error: expected ')' before 'timestamp'
  cargo:warning=   55 |   explicit TraceRecord(uint64_t timestamp);
  cargo:warning=      |                       ~        ^~~~~~~~~~
  cargo:warning=      |                                )
  cargo:warning=rocksdb/include/rocksdb/trace_record.h:63:11: error: 'uint64_t' does not name a type
  cargo:warning=   63 |   virtual uint64_t GetTimestamp() const;
  cargo:warning=      |           ^~~~~~~~
  cargo:warning=rocksdb/include/rocksdb/trace_record.h:1:1: note: 'uint64_t' is defined in header '<cstdint>'; this is probably fixable by adding '#include <cstdint>'
  cargo:warning=  +++ |+#include <cstdint>
  cargo:warning=    1 | //  Copyright (c) 2011-present, Facebook, Inc.  All rights reserved.
  cargo:warning=rocksdb/include/rocksdb/trace_record.h:91:3: error: 'uint64_t' does not name a type
  cargo:warning=   91 |   uint64_t timestamp_;
  cargo:warning=      |   ^~~~~~~~
  cargo:warning=rocksdb/include/rocksdb/trace_record.h:91:3: note: 'uint64_t' is defined in header '<cstdint>'; this is probably fixable by adding '#include <cstdint>'
  cargo:warning=rocksdb/include/rocksdb/trace_record.h:97:37: error: expected ')' before 'timestamp'
  cargo:warning=   97 |   explicit QueryTraceRecord(uint64_t timestamp);
  cargo:warning=      |                            ~        ^~~~~~~~~~
  cargo:warning=      |                                     )
  cargo:warning=rocksdb/include/rocksdb/trace_record.h:103:58: error: 'uint64_t' has not been declared
  cargo:warning=  103 |   WriteQueryTraceRecord(PinnableSlice&& write_batch_rep, uint64_t timestamp);
  cargo:warning=      |                                                          ^~~~~~~~
  cargo:warning=rocksdb/include/rocksdb/trace_record.h:103:58: note: 'uint64_t' is defined in header '<cstdint>'; this is probably fixable by adding '#include <cstdint>'
  cargo:warning=rocksdb/include/rocksdb/trace_record.h:105:61: error: 'uint64_t' has not been declared
  cargo:warning=  105 |   WriteQueryTraceRecord(const std::string& write_batch_rep, uint64_t timestamp);
  cargo:warning=      |                                                             ^~~~~~~~
  cargo:warning=rocksdb/include/rocksdb/trace_record.h:105:61: note: 'uint64_t' is defined in header '<cstdint>'; this is probably fixable by adding '#include <cstdint>'
  cargo:warning=rocksdb/include/rocksdb/trace_record.h:124:31: error: expected ')' before 'column_family_id'
  cargo:warning=  124 |   GetQueryTraceRecord(uint32_t column_family_id, PinnableSlice&& key,
  cargo:warning=      |                      ~        ^~~~~~~~~~~~~~~~~
  cargo:warning=      |                               )
  cargo:warning=rocksdb/include/rocksdb/trace_record.h:127:31: error: expected ')' before 'column_family_id'
  cargo:warning=  127 |   GetQueryTraceRecord(uint32_t column_family_id, const std::string& key,
  cargo:warning=      |                      ~        ^~~~~~~~~~~~~~~~~
  cargo:warning=      |                               )
  cargo:warning=rocksdb/include/rocksdb/trace_record.h:135:11: error: 'uint32_t' does not name a type
  cargo:warning=  135 |   virtual uint32_t GetColumnFamilyID() const;
  cargo:warning=      |           ^~~~~~~~
  cargo:warning=rocksdb/include/rocksdb/trace_record.h:135:11: note: 'uint32_t' is defined in header '<cstdint>'; this is probably fixable by adding '#include <cstdint>'
  cargo:warning=rocksdb/include/rocksdb/trace_record.h:144:3: error: 'uint32_t' does not name a type
  cargo:warning=  144 |   uint32_t cf_id_;
  cargo:warning=      |   ^~~~~~~~
  cargo:warning=rocksdb/include/rocksdb/trace_record.h:144:3: note: 'uint32_t' is defined in header '<cstdint>'; this is probably fixable by adding '#include <cstdint>'
  cargo:warning=rocksdb/include/rocksdb/trace_record.h:151:45: error: expected ')' before 'timestamp'
  cargo:warning=  151 |   explicit IteratorQueryTraceRecord(uint64_t timestamp);
  cargo:warning=      |                                    ~        ^~~~~~~~~~
  cargo:warning=      |                                             )
  cargo:warning=rocksdb/include/rocksdb/trace_record.h:154:57: error: 'uint64_t' has not been declared
  cargo:warning=  154 |                            PinnableSlice&& upper_bound, uint64_t timestamp);
  cargo:warning=      |                                                         ^~~~~~~~
  cargo:warning=rocksdb/include/rocksdb/trace_record.h:154:57: note: 'uint64_t' is defined in header '<cstdint>'; this is probably fixable by adding '#include <cstdint>'
  cargo:warning=rocksdb/include/rocksdb/trace_record.h:157:60: error: 'uint64_t' has not been declared
  cargo:warning=  157 |                            const std::string& upper_bound, uint64_t timestamp);
  cargo:warning=      |                                                            ^~~~~~~~
  cargo:warning=rocksdb/include/rocksdb/trace_record.h:157:60: note: 'uint64_t' is defined in header '<cstdint>'; this is probably fixable by adding '#include <cstdint>'
  cargo:warning=rocksdb/include/rocksdb/trace_record.h:180:51: error: 'uint32_t' has not been declared
  cargo:warning=  180 |   IteratorSeekQueryTraceRecord(SeekType seekType, uint32_t column_family_id,
  cargo:warning=      |                                                   ^~~~~~~~
  cargo:warning=rocksdb/include/rocksdb/trace_record.h:180:51: note: 'uint32_t' is defined in header '<cstdint>'; this is probably fixable by adding '#include <cstdint>'
  cargo:warning=rocksdb/include/rocksdb/trace_record.h:181:53: error: 'uint64_t' has not been declared
  cargo:warning=  181 |                                PinnableSlice&& key, uint64_t timestamp);
  cargo:warning=      |                                                     ^~~~~~~~
  cargo:warning=rocksdb/include/rocksdb/trace_record.h:181:53: note: 'uint64_t' is defined in header '<cstdint>'; this is probably fixable by adding '#include <cstdint>'
  cargo:warning=rocksdb/include/rocksdb/trace_record.h:183:51: error: 'uint32_t' has not been declared
  cargo:warning=  183 |   IteratorSeekQueryTraceRecord(SeekType seekType, uint32_t column_family_id,
  cargo:warning=      |                                                   ^~~~~~~~
  cargo:warning=rocksdb/include/rocksdb/trace_record.h:183:51: note: 'uint32_t' is defined in header '<cstdint>'; this is probably fixable by adding '#include <cstdint>'
  cargo:warning=rocksdb/include/rocksdb/trace_record.h:184:56: error: 'uint64_t' has not been declared
  cargo:warning=  184 |                                const std::string& key, uint64_t timestamp);
  cargo:warning=      |                                                        ^~~~~~~~
  cargo:warning=rocksdb/include/rocksdb/trace_record.h:184:56: note: 'uint64_t' is defined in header '<cstdint>'; this is probably fixable by adding '#include <cstdint>'
  cargo:warning=rocksdb/include/rocksdb/trace_record.h:186:51: error: 'uint32_t' has not been declared
  cargo:warning=  186 |   IteratorSeekQueryTraceRecord(SeekType seekType, uint32_t column_family_id,
  cargo:warning=      |                                                   ^~~~~~~~
  cargo:warning=rocksdb/include/rocksdb/trace_record.h:186:51: note: 'uint32_t' is defined in header '<cstdint>'; this is probably fixable by adding '#include <cstdint>'
  cargo:warning=rocksdb/include/rocksdb/trace_record.h:188:61: error: 'uint64_t' has not been declared
  cargo:warning=  188 |                                PinnableSlice&& upper_bound, uint64_t timestamp);
  cargo:warning=      |                                                             ^~~~~~~~
  cargo:warning=rocksdb/include/rocksdb/trace_record.h:188:61: note: 'uint64_t' is defined in header '<cstdint>'; this is probably fixable by adding '#include <cstdint>'
  cargo:warning=rocksdb/include/rocksdb/trace_record.h:190:51: error: 'uint32_t' has not been declared
  cargo:warning=  190 |   IteratorSeekQueryTraceRecord(SeekType seekType, uint32_t column_family_id,
  cargo:warning=      |                                                   ^~~~~~~~
  cargo:warning=rocksdb/include/rocksdb/trace_record.h:190:51: note: 'uint32_t' is defined in header '<cstdint>'; this is probably fixable by adding '#include <cstdint>'
  cargo:warning=rocksdb/include/rocksdb/trace_record.h:194:32: error: 'uint64_t' has not been declared
  cargo:warning=  194 |                                uint64_t timestamp);
  cargo:warning=      |                                ^~~~~~~~
  cargo:warning=rocksdb/include/rocksdb/trace_record.h:194:32: note: 'uint64_t' is defined in header '<cstdint>'; this is probably fixable by adding '#include <cstdint>'
  cargo:warning=rocksdb/include/rocksdb/trace_record.h:205:11: error: 'uint32_t' does not name a type
  cargo:warning=  205 |   virtual uint32_t GetColumnFamilyID() const;
  cargo:warning=      |           ^~~~~~~~
  cargo:warning=rocksdb/include/rocksdb/trace_record.h:205:11: note: 'uint32_t' is defined in header '<cstdint>'; this is probably fixable by adding '#include <cstdint>'
  cargo:warning=rocksdb/include/rocksdb/trace_record.h:215:3: error: 'uint32_t' does not name a type
  cargo:warning=  215 |   uint32_t cf_id_;
  cargo:warning=      |   ^~~~~~~~
  cargo:warning=rocksdb/include/rocksdb/trace_record.h:215:3: note: 'uint32_t' is defined in header '<cstdint>'; this is probably fixable by adding '#include <cstdint>'
  cargo:warning=rocksdb/include/rocksdb/trace_record.h:222:40: error: 'uint32_t' was not declared in this scope
  cargo:warning=  222 |   MultiGetQueryTraceRecord(std::vector<uint32_t> column_family_ids,
  cargo:warning=      |                                        ^~~~~~~~
  cargo:warning=rocksdb/include/rocksdb/trace_record.h:222:40: note: 'uint32_t' is defined in header '<cstdint>'; this is probably fixable by adding '#include <cstdint>'
  cargo:warning=rocksdb/include/rocksdb/trace_record.h:222:48: error: template argument 1 is invalid
  cargo:warning=  222 |   MultiGetQueryTraceRecord(std::vector<uint32_t> column_family_ids,
  cargo:warning=      |                                                ^
  cargo:warning=rocksdb/include/rocksdb/trace_record.h:222:48: error: template argument 2 is invalid
  cargo:warning=rocksdb/include/rocksdb/trace_record.h:224:28: error: 'uint64_t' has not been declared
  cargo:warning=  224 |                            uint64_t timestamp);
  cargo:warning=      |                            ^~~~~~~~
  cargo:warning=rocksdb/include/rocksdb/trace_record.h:224:28: note: 'uint64_t' is defined in header '<cstdint>'; this is probably fixable by adding '#include <cstdint>'
  cargo:warning=rocksdb/include/rocksdb/trace_record.h:226:40: error: 'uint32_t' was not declared in this scope
  cargo:warning=  226 |   MultiGetQueryTraceRecord(std::vector<uint32_t> column_family_ids,
  cargo:warning=      |                                        ^~~~~~~~
  cargo:warning=rocksdb/include/rocksdb/trace_record.h:226:40: note: 'uint32_t' is defined in header '<cstdint>'; this is probably fixable by adding '#include <cstdint>'
  cargo:warning=rocksdb/include/rocksdb/trace_record.h:226:48: error: template argument 1 is invalid
  cargo:warning=  226 |   MultiGetQueryTraceRecord(std::vector<uint32_t> column_family_ids,
  cargo:warning=      |                                                ^
  cargo:warning=rocksdb/include/rocksdb/trace_record.h:226:48: error: template argument 2 is invalid
  cargo:warning=rocksdb/include/rocksdb/trace_record.h:228:28: error: 'uint64_t' has not been declared
  cargo:warning=  228 |                            uint64_t timestamp);
  cargo:warning=      |                            ^~~~~~~~
  cargo:warning=rocksdb/include/rocksdb/trace_record.h:228:28: note: 'uint64_t' is defined in header '<cstdint>'; this is probably fixable by adding '#include <cstdint>'
  cargo:warning=rocksdb/include/rocksdb/trace_record.h:235:23: error: 'uint32_t' was not declared in this scope
  cargo:warning=  235 |   virtual std::vector<uint32_t> GetColumnFamilyIDs() const;
  cargo:warning=      |                       ^~~~~~~~
  cargo:warning=rocksdb/include/rocksdb/trace_record.h:235:23: note: 'uint32_t' is defined in header '<cstdint>'; this is probably fixable by adding '#include <cstdint>'
  cargo:warning=rocksdb/include/rocksdb/trace_record.h:235:31: error: template argument 1 is invalid
  cargo:warning=  235 |   virtual std::vector<uint32_t> GetColumnFamilyIDs() const;
  cargo:warning=      |                               ^
  cargo:warning=rocksdb/include/rocksdb/trace_record.h:235:31: error: template argument 2 is invalid
  cargo:warning=rocksdb/include/rocksdb/trace_record.h:244:15: error: 'uint32_t' was not declared in this scope
  cargo:warning=  244 |   std::vector<uint32_t> cf_ids_;
  cargo:warning=      |               ^~~~~~~~
  cargo:warning=rocksdb/include/rocksdb/trace_record.h:244:15: note: 'uint32_t' is defined in header '<cstdint>'; this is probably fixable by adding '#include <cstdint>'
  cargo:warning=rocksdb/include/rocksdb/trace_record.h:244:23: error: template argument 1 is invalid
  cargo:warning=  244 |   std::vector<uint32_t> cf_ids_;
  cargo:warning=      |                       ^
  cargo:warning=rocksdb/include/rocksdb/trace_record.h:244:23: error: template argument 2 is invalid
  cargo:warning=rocksdb/include/rocksdb/trace_record_result.h:67:32: error: expected ')' before 'start_timestamp'
  cargo:warning=   67 |   TraceExecutionResult(uint64_t start_timestamp, uint64_t end_timestamp,
  cargo:warning=      |                       ~        ^~~~~~~~~~~~~~~~
  cargo:warning=      |                                )
  cargo:warning=rocksdb/include/rocksdb/trace_record_result.h:71:11: error: 'uint64_t' does not name a type
  cargo:warning=   71 |   virtual uint64_t GetStartTimestamp() const;
  cargo:warning=      |           ^~~~~~~~
  cargo:warning=rocksdb/include/rocksdb/trace_record_result.h:15:1: note: 'uint64_t' is defined in header '<cstdint>'; this is probably fixable by adding '#include <cstdint>'
  cargo:warning=   14 | #include "rocksdb/trace_record.h"
  cargo:warning=  +++ |+#include <cstdint>
  cargo:warning=   15 | 
  cargo:warning=rocksdb/include/rocksdb/trace_record_result.h:72:11: error: 'uint64_t' does not name a type
  cargo:warning=   72 |   virtual uint64_t GetEndTimestamp() const;
  cargo:warning=      |           ^~~~~~~~
  cargo:warning=rocksdb/include/rocksdb/trace_record_result.h:72:11: note: 'uint64_t' is defined in header '<cstdint>'; this is probably fixable by adding '#include <cstdint>'
  cargo:warning=rocksdb/include/rocksdb/trace_record_result.h:73:10: error: 'uint64_t' does not name a type
  cargo:warning=   73 |   inline uint64_t GetLatency() const {
  cargo:warning=      |          ^~~~~~~~
  cargo:warning=rocksdb/include/rocksdb/trace_record_result.h:73:10: note: 'uint64_t' is defined in header '<cstdint>'; this is probably fixable by adding '#include <cstdint>'
  cargo:warning=rocksdb/include/rocksdb/trace_record_result.h:78:3: error: 'uint64_t' does not name a type
  cargo:warning=   78 |   uint64_t ts_start_;
  cargo:warning=      |   ^~~~~~~~
  cargo:warning=rocksdb/include/rocksdb/trace_record_result.h:78:3: note: 'uint64_t' is defined in header '<cstdint>'; this is probably fixable by adding '#include <cstdint>'
  cargo:warning=rocksdb/include/rocksdb/trace_record_result.h:79:3: error: 'uint64_t' does not name a type
  cargo:warning=   79 |   uint64_t ts_end_;
  cargo:warning=      |   ^~~~~~~~
  cargo:warning=rocksdb/include/rocksdb/trace_record_result.h:79:3: note: 'uint64_t' is defined in header '<cstdint>'; this is probably fixable by adding '#include <cstdint>'
  cargo:warning=rocksdb/include/rocksdb/trace_record_result.h:86:49: error: 'uint64_t' has not been declared
  cargo:warning=   86 |   StatusOnlyTraceExecutionResult(Status status, uint64_t start_timestamp,
  cargo:warning=      |                                                 ^~~~~~~~
  cargo:warning=rocksdb/include/rocksdb/trace_record_result.h:86:49: note: 'uint64_t' is defined in header '<cstdint>'; this is probably fixable by adding '#include <cstdint>'
  cargo:warning=rocksdb/include/rocksdb/trace_record_result.h:87:34: error: 'uint64_t' has not been declared
  cargo:warning=   87 |                                  uint64_t end_timestamp, TraceType trace_type);
  cargo:warning=      |                                  ^~~~~~~~
  cargo:warning=rocksdb/include/rocksdb/trace_record_result.h:87:34: note: 'uint64_t' is defined in header '<cstdint>'; this is probably fixable by adding '#include <cstdint>'
  cargo:warning=rocksdb/include/rocksdb/trace_record_result.h:105:35: error: 'uint64_t' has not been declared
  cargo:warning=  105 |                                   uint64_t start_timestamp,
  cargo:warning=      |                                   ^~~~~~~~
  cargo:warning=rocksdb/include/rocksdb/trace_record_result.h:105:35: note: 'uint64_t' is defined in header '<cstdint>'; this is probably fixable by adding '#include <cstdint>'
  cargo:warning=rocksdb/include/rocksdb/trace_record_result.h:106:35: error: 'uint64_t' has not been declared
  cargo:warning=  106 |                                   uint64_t end_timestamp, TraceType trace_type);
  cargo:warning=      |                                   ^~~~~~~~
  cargo:warning=rocksdb/include/rocksdb/trace_record_result.h:106:35: note: 'uint64_t' is defined in header '<cstdint>'; this is probably fixable by adding '#include <cstdint>'
  cargo:warning=rocksdb/include/rocksdb/trace_record_result.h:109:35: error: 'uint64_t' has not been declared
  cargo:warning=  109 |                                   uint64_t start_timestamp,
  cargo:warning=      |                                   ^~~~~~~~
  cargo:warning=rocksdb/include/rocksdb/trace_record_result.h:109:35: note: 'uint64_t' is defined in header '<cstdint>'; this is probably fixable by adding '#include <cstdint>'
  cargo:warning=rocksdb/include/rocksdb/trace_record_result.h:110:35: error: 'uint64_t' has not been declared
  cargo:warning=  110 |                                   uint64_t end_timestamp, TraceType trace_type);
  cargo:warning=      |                                   ^~~~~~~~
  cargo:warning=rocksdb/include/rocksdb/trace_record_result.h:110:35: note: 'uint64_t' is defined in header '<cstdint>'; this is probably fixable by adding '#include <cstdint>'
  cargo:warning=rocksdb/include/rocksdb/trace_record_result.h:133:35: error: 'uint64_t' has not been declared
  cargo:warning=  133 |                                   uint64_t start_timestamp,
  cargo:warning=      |                                   ^~~~~~~~
  cargo:warning=rocksdb/include/rocksdb/trace_record_result.h:133:35: note: 'uint64_t' is defined in header '<cstdint>'; this is probably fixable by adding '#include <cstdint>'
  cargo:warning=rocksdb/include/rocksdb/trace_record_result.h:134:35: error: 'uint64_t' has not been declared
  cargo:warning=  134 |                                   uint64_t end_timestamp, TraceType trace_type);
  cargo:warning=      |                                   ^~~~~~~~
  cargo:warning=rocksdb/include/rocksdb/trace_record_result.h:134:35: note: 'uint64_t' is defined in header '<cstdint>'; this is probably fixable by adding '#include <cstdint>'
  cargo:warning=In file included from rocksdb/trace_replay/trace_record.cc:6:
  cargo:warning=rocksdb/include/rocksdb/trace_record.h:55:32: error: expected ')' before 'timestamp'
  cargo:warning=   55 |   explicit TraceRecord(uint64_t timestamp);
  cargo:warning=      |                       ~        ^~~~~~~~~~
  cargo:warning=      |                                )
  cargo:warning=rocksdb/include/rocksdb/trace_record.h:63:11: error: 'uint64_t' does not name a type
  cargo:warning=   63 |   virtual uint64_t GetTimestamp() const;
  cargo:warning=      |           ^~~~~~~~
  cargo:warning=rocksdb/include/rocksdb/trace_record.h:15:1: note: 'uint64_t' is defined in header '<cstdint>'; this is probably fixable by adding '#include <cstdint>'
  cargo:warning=   14 | #include "rocksdb/status.h"
  cargo:warning=  +++ |+#include <cstdint>
  cargo:warning=   15 | 
  cargo:warning=rocksdb/include/rocksdb/trace_record.h:91:3: error: 'uint64_t' does not name a type
  cargo:warning=   91 |   uint64_t timestamp_;
  cargo:warning=      |   ^~~~~~~~
  cargo:warning=rocksdb/include/rocksdb/trace_record.h:91:3: note: 'uint64_t' is defined in header '<cstdint>'; this is probably fixable by adding '#include <cstdint>'
  cargo:warning=rocksdb/include/rocksdb/trace_record.h:97:37: error: expected ')' before 'timestamp'
  cargo:warning=   97 |   explicit QueryTraceRecord(uint64_t timestamp);
  cargo:warning=      |                            ~        ^~~~~~~~~~
  cargo:warning=      |                                     )
  cargo:warning=rocksdb/include/rocksdb/trace_record.h:103:58: error: 'uint64_t' has not been declared
  cargo:warning=  103 |   WriteQueryTraceRecord(PinnableSlice&& write_batch_rep, uint64_t timestamp);
  cargo:warning=      |                                                          ^~~~~~~~
  cargo:warning=rocksdb/include/rocksdb/trace_record.h:103:58: note: 'uint64_t' is defined in header '<cstdint>'; this is probably fixable by adding '#include <cstdint>'
  cargo:warning=rocksdb/include/rocksdb/trace_record.h:105:61: error: 'uint64_t' has not been declared
  cargo:warning=  105 |   WriteQueryTraceRecord(const std::string& write_batch_rep, uint64_t timestamp);
  cargo:warning=      |                                                             ^~~~~~~~
  cargo:warning=rocksdb/include/rocksdb/trace_record.h:105:61: note: 'uint64_t' is defined in header '<cstdint>'; this is probably fixable by adding '#include <cstdint>'
  cargo:warning=rocksdb/include/rocksdb/trace_record.h:124:31: error: expected ')' before 'column_family_id'
  cargo:warning=  124 |   GetQueryTraceRecord(uint32_t column_family_id, PinnableSlice&& key,
  cargo:warning=      |                      ~        ^~~~~~~~~~~~~~~~~
  cargo:warning=      |                               )
  cargo:warning=rocksdb/include/rocksdb/trace_record.h:127:31: error: expected ')' before 'column_family_id'
  cargo:warning=  127 |   GetQueryTraceRecord(uint32_t column_family_id, const std::string& key,
  cargo:warning=      |                      ~        ^~~~~~~~~~~~~~~~~
  cargo:warning=      |                               )
  cargo:warning=rocksdb/include/rocksdb/trace_record.h:135:11: error: 'uint32_t' does not name a type
  cargo:warning=  135 |   virtual uint32_t GetColumnFamilyID() const;
  cargo:warning=      |           ^~~~~~~~
  cargo:warning=rocksdb/include/rocksdb/trace_record.h:135:11: note: 'uint32_t' is defined in header '<cstdint>'; this is probably fixable by adding '#include <cstdint>'
  cargo:warning=rocksdb/include/rocksdb/trace_record.h:144:3: error: 'uint32_t' does not name a type
  cargo:warning=  144 |   uint32_t cf_id_;
  cargo:warning=      |   ^~~~~~~~
  cargo:warning=rocksdb/include/rocksdb/trace_record.h:144:3: note: 'uint32_t' is defined in header '<cstdint>'; this is probably fixable by adding '#include <cstdint>'
  cargo:warning=rocksdb/include/rocksdb/trace_record.h:151:45: error: expected ')' before 'timestamp'
  cargo:warning=  151 |   explicit IteratorQueryTraceRecord(uint64_t timestamp);
  cargo:warning=      |                                    ~        ^~~~~~~~~~
  cargo:warning=      |                                             )
  cargo:warning=rocksdb/include/rocksdb/trace_record.h:154:57: error: 'uint64_t' has not been declared
  cargo:warning=  154 |                            PinnableSlice&& upper_bound, uint64_t timestamp);
  cargo:warning=      |                                                         ^~~~~~~~
  cargo:warning=rocksdb/include/rocksdb/trace_record.h:154:57: note: 'uint64_t' is defined in header '<cstdint>'; this is probably fixable by adding '#include <cstdint>'
  cargo:warning=rocksdb/include/rocksdb/trace_record.h:157:60: error: 'uint64_t' has not been declared
  cargo:warning=  157 |                            const std::string& upper_bound, uint64_t timestamp);
  cargo:warning=      |                                                            ^~~~~~~~
  cargo:warning=rocksdb/include/rocksdb/trace_record.h:157:60: note: 'uint64_t' is defined in header '<cstdint>'; this is probably fixable by adding '#include <cstdint>'
  cargo:warning=rocksdb/include/rocksdb/trace_record.h:180:51: error: 'uint32_t' has not been declared
  cargo:warning=  180 |   IteratorSeekQueryTraceRecord(SeekType seekType, uint32_t column_family_id,
  cargo:warning=      |                                                   ^~~~~~~~
  cargo:warning=rocksdb/include/rocksdb/trace_record.h:180:51: note: 'uint32_t' is defined in header '<cstdint>'; this is probably fixable by adding '#include <cstdint>'
  cargo:warning=rocksdb/include/rocksdb/trace_record.h:181:53: error: 'uint64_t' has not been declared
  cargo:warning=  181 |                                PinnableSlice&& key, uint64_t timestamp);
  cargo:warning=      |                                                     ^~~~~~~~
  cargo:warning=rocksdb/include/rocksdb/trace_record.h:181:53: note: 'uint64_t' is defined in header '<cstdint>'; this is probably fixable by adding '#include <cstdint>'
  cargo:warning=rocksdb/include/rocksdb/trace_record.h:183:51: error: 'uint32_t' has not been declared
  cargo:warning=  183 |   IteratorSeekQueryTraceRecord(SeekType seekType, uint32_t column_family_id,
  cargo:warning=      |                                                   ^~~~~~~~
  cargo:warning=rocksdb/include/rocksdb/trace_record.h:183:51: note: 'uint32_t' is defined in header '<cstdint>'; this is probably fixable by adding '#include <cstdint>'
  cargo:warning=rocksdb/include/rocksdb/trace_record.h:184:56: error: 'uint64_t' has not been declared
  cargo:warning=  184 |                                const std::string& key, uint64_t timestamp);
  cargo:warning=      |                                                        ^~~~~~~~
  cargo:warning=rocksdb/include/rocksdb/trace_record.h:184:56: note: 'uint64_t' is defined in header '<cstdint>'; this is probably fixable by adding '#include <cstdint>'
  cargo:warning=rocksdb/include/rocksdb/trace_record.h:186:51: error: 'uint32_t' has not been declared
  cargo:warning=  186 |   IteratorSeekQueryTraceRecord(SeekType seekType, uint32_t column_family_id,
  cargo:warning=      |                                                   ^~~~~~~~
  cargo:warning=rocksdb/include/rocksdb/trace_record.h:186:51: note: 'uint32_t' is defined in header '<cstdint>'; this is probably fixable by adding '#include <cstdint>'
  cargo:warning=rocksdb/include/rocksdb/trace_record.h:188:61: error: 'uint64_t' has not been declared
  cargo:warning=  188 |                                PinnableSlice&& upper_bound, uint64_t timestamp);
  cargo:warning=      |                                                             ^~~~~~~~
  cargo:warning=rocksdb/include/rocksdb/trace_record.h:188:61: note: 'uint64_t' is defined in header '<cstdint>'; this is probably fixable by adding '#include <cstdint>'
  cargo:warning=rocksdb/include/rocksdb/trace_record.h:190:51: error: 'uint32_t' has not been declared
  cargo:warning=  190 |   IteratorSeekQueryTraceRecord(SeekType seekType, uint32_t column_family_id,
  cargo:warning=      |                                                   ^~~~~~~~
  cargo:warning=rocksdb/include/rocksdb/trace_record.h:190:51: note: 'uint32_t' is defined in header '<cstdint>'; this is probably fixable by adding '#include <cstdint>'
  cargo:warning=rocksdb/include/rocksdb/trace_record.h:194:32: error: 'uint64_t' has not been declared
  cargo:warning=  194 |                                uint64_t timestamp);
  cargo:warning=      |                                ^~~~~~~~
  cargo:warning=rocksdb/include/rocksdb/trace_record.h:194:32: note: 'uint64_t' is defined in header '<cstdint>'; this is probably fixable by adding '#include <cstdint>'
  cargo:warning=rocksdb/include/rocksdb/trace_record.h:205:11: error: 'uint32_t' does not name a type
  cargo:warning=  205 |   virtual uint32_t GetColumnFamilyID() const;
  cargo:warning=      |           ^~~~~~~~
  cargo:warning=rocksdb/include/rocksdb/trace_record.h:205:11: note: 'uint32_t' is defined in header '<cstdint>'; this is probably fixable by adding '#include <cstdint>'
  cargo:warning=rocksdb/include/rocksdb/trace_record.h:215:3: error: 'uint32_t' does not name a type
  cargo:warning=  215 |   uint32_t cf_id_;
  cargo:warning=      |   ^~~~~~~~
  cargo:warning=rocksdb/include/rocksdb/trace_record.h:215:3: note: 'uint32_t' is defined in header '<cstdint>'; this is probably fixable by adding '#include <cstdint>'
  cargo:warning=rocksdb/include/rocksdb/trace_record.h:222:40: error: 'uint32_t' was not declared in this scope
  cargo:warning=  222 |   MultiGetQueryTraceRecord(std::vector<uint32_t> column_family_ids,
  cargo:warning=      |                                        ^~~~~~~~
  cargo:warning=rocksdb/include/rocksdb/trace_record.h:222:40: note: 'uint32_t' is defined in header '<cstdint>'; this is probably fixable by adding '#include <cstdint>'
  cargo:warning=rocksdb/include/rocksdb/trace_record.h:222:48: error: template argument 1 is invalid
  cargo:warning=  222 |   MultiGetQueryTraceRecord(std::vector<uint32_t> column_family_ids,
  cargo:warning=      |                                                ^
  cargo:warning=rocksdb/include/rocksdb/trace_record.h:222:48: error: template argument 2 is invalid
  cargo:warning=rocksdb/include/rocksdb/trace_record.h:224:28: error: 'uint64_t' has not been declared
  cargo:warning=  224 |                            uint64_t timestamp);
  cargo:warning=      |                            ^~~~~~~~
  cargo:warning=rocksdb/include/rocksdb/trace_record.h:224:28: note: 'uint64_t' is defined in header '<cstdint>'; this is probably fixable by adding '#include <cstdint>'
  cargo:warning=rocksdb/include/rocksdb/trace_record.h:226:40: error: 'uint32_t' was not declared in this scope
  cargo:warning=  226 |   MultiGetQueryTraceRecord(std::vector<uint32_t> column_family_ids,
  cargo:warning=      |                                        ^~~~~~~~
  cargo:warning=rocksdb/include/rocksdb/trace_record.h:226:40: note: 'uint32_t' is defined in header '<cstdint>'; this is probably fixable by adding '#include <cstdint>'
  cargo:warning=rocksdb/include/rocksdb/trace_record.h:226:48: error: template argument 1 is invalid
  cargo:warning=  226 |   MultiGetQueryTraceRecord(std::vector<uint32_t> column_family_ids,
  cargo:warning=      |                                                ^
  cargo:warning=rocksdb/include/rocksdb/trace_record.h:226:48: error: template argument 2 is invalid
  cargo:warning=rocksdb/include/rocksdb/trace_record.h:228:28: error: 'uint64_t' has not been declared
  cargo:warning=  228 |                            uint64_t timestamp);
  cargo:warning=      |                            ^~~~~~~~
  cargo:warning=rocksdb/include/rocksdb/trace_record.h:228:28: note: 'uint64_t' is defined in header '<cstdint>'; this is probably fixable by adding '#include <cstdint>'
  cargo:warning=rocksdb/include/rocksdb/trace_record.h:235:23: error: 'uint32_t' was not declared in this scope
  cargo:warning=  235 |   virtual std::vector<uint32_t> GetColumnFamilyIDs() const;
  cargo:warning=      |                       ^~~~~~~~
  cargo:warning=rocksdb/include/rocksdb/trace_record.h:235:23: note: 'uint32_t' is defined in header '<cstdint>'; this is probably fixable by adding '#include <cstdint>'
  cargo:warning=rocksdb/include/rocksdb/trace_record.h:235:31: error: template argument 1 is invalid
  cargo:warning=  235 |   virtual std::vector<uint32_t> GetColumnFamilyIDs() const;
  cargo:warning=      |                               ^
  cargo:warning=rocksdb/include/rocksdb/trace_record.h:235:31: error: template argument 2 is invalid
  cargo:warning=rocksdb/include/rocksdb/trace_record.h:244:15: error: 'uint32_t' was not declared in this scope
  cargo:warning=  244 |   std::vector<uint32_t> cf_ids_;
  cargo:warning=      |               ^~~~~~~~
  cargo:warning=rocksdb/include/rocksdb/trace_record.h:244:15: note: 'uint32_t' is defined in header '<cstdint>'; this is probably fixable by adding '#include <cstdint>'
  cargo:warning=rocksdb/include/rocksdb/trace_record.h:244:23: error: template argument 1 is invalid
  cargo:warning=  244 |   std::vector<uint32_t> cf_ids_;
  cargo:warning=      |                       ^
  cargo:warning=rocksdb/include/rocksdb/trace_record.h:244:23: error: template argument 2 is invalid
  cargo:warning=rocksdb/include/rocksdb/trace_record_result.h:156:55: error: 'uint64_t' has not been declared
  cargo:warning=  156 |                                PinnableSlice&& value, uint64_t start_timestamp,
  cargo:warning=      |                                                       ^~~~~~~~
  cargo:warning=rocksdb/include/rocksdb/trace_record_result.h:156:55: note: 'uint64_t' is defined in header '<cstdint>'; this is probably fixable by adding '#include <cstdint>'
  cargo:warning=rocksdb/include/rocksdb/trace_record_result.h:157:32: error: 'uint64_t' has not been declared
  cargo:warning=  157 |                                uint64_t end_timestamp, TraceType trace_type);
  cargo:warning=      |                                ^~~~~~~~
  cargo:warning=rocksdb/include/rocksdb/trace_record_result.h:157:32: note: 'uint64_t' is defined in header '<cstdint>'; this is probably fixable by adding '#include <cstdint>'
  cargo:warning=rocksdb/include/rocksdb/trace_record_result.h:161:32: error: 'uint64_t' has not been declared
  cargo:warning=  161 |                                uint64_t start_timestamp, uint64_t end_timestamp,
  cargo:warning=      |                                ^~~~~~~~
  cargo:warning=rocksdb/include/rocksdb/trace_record_result.h:161:32: note: 'uint64_t' is defined in header '<cstdint>'; this is probably fixable by adding '#include <cstdint>'
  cargo:warning=rocksdb/include/rocksdb/trace_record_result.h:161:58: error: 'uint64_t' has not been declared
  cargo:warning=  161 |                                uint64_t start_timestamp, uint64_t end_timestamp,
  cargo:warning=      |                                                          ^~~~~~~~
  cargo:warning=rocksdb/include/rocksdb/trace_record_result.h:161:58: note: 'uint64_t' is defined in header '<cstdint>'; this is probably fixable by adding '#include <cstdint>'
  cargo:warning=rocksdb/trace_replay/trace_record_result.cc:17:43: error: expected constructor, destructor, or type conversion before '(' token
  cargo:warning=   17 | TraceExecutionResult::TraceExecutionResult(uint64_t start_timestamp,
  cargo:warning=      |                                           ^
  cargo:warning=rocksdb/trace_replay/trace_record_result.cc:26:1: error: 'uint64_t' does not name a type
  cargo:warning=   26 | uint64_t TraceExecutionResult::GetStartTimestamp() const { return ts_start_; }
  cargo:warning=      | ^~~~~~~~
  cargo:warning=rocksdb/trace_replay/trace_record_result.cc:7:1: note: 'uint64_t' is defined in header '<cstdint>'; this is probably fixable by adding '#include <cstdint>'
  cargo:warning=    6 | #include "rocksdb/trace_record_result.h"
  cargo:warning=  +++ |+#include <cstdint>
  cargo:warning=    7 | 
  cargo:warning=rocksdb/trace_replay/trace_record_result.cc:28:1: error: 'uint64_t' does not name a type
  cargo:warning=   28 | uint64_t TraceExecutionResult::GetEndTimestamp() const { return ts_end_; }
  cargo:warning=      | ^~~~~~~~
  cargo:warning=rocksdb/trace_replay/trace_record_result.cc:28:1: note: 'uint64_t' is defined in header '<cstdint>'; this is probably fixable by adding '#include <cstdint>'
  cargo:warning=rocksdb/trace_replay/trace_record_result.cc:32:20: error: 'uint64_t' has not been declared
  cargo:warning=   32 |     Status status, uint64_t start_timestamp, uint64_t end_timestamp,
  cargo:warning=      |                    ^~~~~~~~
  cargo:warning=rocksdb/trace_replay/trace_record_result.cc:32:20: note: 'uint64_t' is defined in header '<cstdint>'; this is probably fixable by adding '#include <cstdint>'
  cargo:warning=rocksdb/trace_replay/trace_record_result.cc:32:46: error: 'uint64_t' has not been declared
  cargo:warning=   32 |     Status status, uint64_t start_timestamp, uint64_t end_timestamp,
  cargo:warning=      |                                              ^~~~~~~~
  cargo:warning=rocksdb/trace_replay/trace_record_result.cc:32:46: note: 'uint64_t' is defined in header '<cstdint>'; this is probably fixable by adding '#include <cstdint>'
  cargo:warning=rocksdb/trace_replay/trace_record_result.cc: In constructor 'rocksdb::StatusOnlyTraceExecutionResult::StatusOnlyTraceExecutionResult(rocksdb::Status, int, int, rocksdb::TraceType)':
  cargo:warning=rocksdb/trace_replay/trace_record_result.cc:35:32: error: no matching function for call to 'rocksdb::TraceExecutionResult::TraceExecutionResult(int&, int&, rocksdb::TraceType&)'
  cargo:warning=   35 |       status_(std::move(status)) {}
  cargo:warning=      |                                ^
  cargo:warning=rocksdb/trace_replay/trace_record_result.cc:35:32: note: there are 2 candidates
  cargo:warning=rocksdb/include/rocksdb/trace_record_result.h:65:7: note: candidate 1: 'constexpr rocksdb::TraceExecutionResult::TraceExecutionResult(const rocksdb::TraceExecutionResult&)'
  cargo:warning=   65 | class TraceExecutionResult : public TraceRecordResult {
  cargo:warning=      |       ^~~~~~~~~~~~~~~~~~~~
  cargo:warning=rocksdb/include/rocksdb/trace_record_result.h:65:7: note: candidate expects 1 argument, 3 provided
  cargo:warning=rocksdb/include/rocksdb/trace_record_result.h:65:7: note: candidate 2: 'constexpr rocksdb::TraceExecutionResult::TraceExecutionResult(rocksdb::TraceExecutionResult&&)'
  cargo:warning=rocksdb/include/rocksdb/trace_record_result.h:65:7: note: candidate expects 1 argument, 3 provided
  cargo:warning=rocksdb/trace_replay/trace_record_result.cc: At global scope:
  cargo:warning=rocksdb/trace_replay/trace_record_result.cc:48:46: error: 'uint64_t' has not been declared
  cargo:warning=   48 |     Status status, const std::string& value, uint64_t start_timestamp,
  cargo:warning=      |                                              ^~~~~~~~
  cargo:warning=rocksdb/trace_replay/trace_record_result.cc:48:46: note: 'uint64_t' is defined in header '<cstdint>'; this is probably fixable by adding '#include <cstdint>'
  cargo:warning=rocksdb/trace_replay/trace_record_result.cc:49:5: error: 'uint64_t' has not been declared
  cargo:warning=   49 |     uint64_t end_timestamp, TraceType trace_type)
  cargo:warning=      |     ^~~~~~~~
  cargo:warning=rocksdb/trace_replay/trace_record_result.cc:49:5: note: 'uint64_t' is defined in header '<cstdint>'; this is probably fixable by adding '#include <cstdint>'
  cargo:warning=rocksdb/trace_replay/trace_record_result.cc: In constructor 'rocksdb::SingleValueTraceExecutionResult::SingleValueTraceExecutionResult(rocksdb::Status, const std::string&, int, int, rocksdb::TraceType)':
  cargo:warning=rocksdb/trace_replay/trace_record_result.cc:52:19: error: no matching function for call to 'rocksdb::TraceExecutionResult::TraceExecutionResult(int&, int&, rocksdb::TraceType&)'
  cargo:warning=   52 |       value_(value) {}
  cargo:warning=      |                   ^
  cargo:warning=rocksdb/trace_replay/trace_record_result.cc:52:19: note: there are 2 candidates
  cargo:warning=rocksdb/include/rocksdb/trace_record_result.h:65:7: note: candidate 1: 'constexpr rocksdb::TraceExecutionResult::TraceExecutionResult(const rocksdb::TraceExecutionResult&)'
  cargo:warning=   65 | class TraceExecutionResult : public TraceRecordResult {
  cargo:warning=      |       ^~~~~~~~~~~~~~~~~~~~
  cargo:warning=rocksdb/include/rocksdb/trace_record_result.h:65:7: note: candidate expects 1 argument, 3 provided
  cargo:warning=rocksdb/include/rocksdb/trace_record_result.h:65:7: note: candidate 2: 'constexpr rocksdb::TraceExecutionResult::TraceExecutionResult(rocksdb::TraceExecutionResult&&)'
  cargo:warning=rocksdb/include/rocksdb/trace_record_result.h:65:7: note: candidate expects 1 argument, 3 provided
  cargo:warning=rocksdb/trace_replay/trace_record_result.cc: At global scope:
  cargo:warning=rocksdb/trace_replay/trace_record_result.cc:55:41: error: 'uint64_t' has not been declared
  cargo:warning=   55 |     Status status, std::string&& value, uint64_t start_timestamp,
  cargo:warning=      |                                         ^~~~~~~~
  cargo:warning=rocksdb/trace_replay/trace_record_result.cc:55:41: note: 'uint64_t' is defined in header '<cstdint>'; this is probably fixable by adding '#include <cstdint>'
  cargo:warning=rocksdb/trace_replay/trace_record_result.cc:56:5: error: 'uint64_t' has not been declared
  cargo:warning=   56 |     uint64_t end_timestamp, TraceType trace_type)
  cargo:warning=      |     ^~~~~~~~
  cargo:warning=rocksdb/trace_replay/trace_record_result.cc:56:5: note: 'uint64_t' is defined in header '<cstdint>'; this is probably fixable by adding '#include <cstdint>'
  cargo:warning=rocksdb/trace_replay/trace_record_result.cc: In constructor 'rocksdb::SingleValueTraceExecutionResult::SingleValueTraceExecutionResult(rocksdb::Status, std::string&&, int, int, rocksdb::TraceType)':
  cargo:warning=rocksdb/trace_replay/trace_record_result.cc:59:30: error: no matching function for call to 'rocksdb::TraceExecutionResult::TraceExecutionResult(int&, int&, rocksdb::TraceType&)'
  cargo:warning=   59 |       value_(std::move(value)) {}
  cargo:warning=      |                              ^
  cargo:warning=rocksdb/trace_replay/trace_record_result.cc:59:30: note: there are 2 candidates
  cargo:warning=rocksdb/include/rocksdb/trace_record_result.h:65:7: note: candidate 1: 'constexpr rocksdb::TraceExecutionResult::TraceExecutionResult(const rocksdb::TraceExecutionResult&)'
  cargo:warning=   65 | class TraceExecutionResult : public TraceRecordResult {
  cargo:warning=      |       ^~~~~~~~~~~~~~~~~~~~
  cargo:warning=rocksdb/include/rocksdb/trace_record_result.h:65:7: note: candidate expects 1 argument, 3 provided
  cargo:warning=rocksdb/include/rocksdb/trace_record_result.h:65:7: note: candidate 2: 'constexpr rocksdb::TraceExecutionResult::TraceExecutionResult(rocksdb::TraceExecutionResult&&)'
  cargo:warning=rocksdb/include/rocksdb/trace_record_result.h:65:7: note: candidate expects 1 argument, 3 provided
  cargo:warning=rocksdb/trace_replay/trace_record_result.cc: At global scope:
  cargo:warning=rocksdb/trace_replay/trace_record_result.cc:81:5: error: 'uint64_t' has not been declared
  cargo:warning=   81 |     uint64_t start_timestamp, uint64_t end_timestamp, TraceType trace_type)
  cargo:warning=      |     ^~~~~~~~
  cargo:warning=rocksdb/trace_replay/trace_record_result.cc:81:5: note: 'uint64_t' is defined in header '<cstdint>'; this is probably fixable by adding '#include <cstdint>'
  cargo:warning=rocksdb/trace_replay/trace_record_result.cc:81:31: error: 'uint64_t' has not been declared
  cargo:warning=   81 |     uint64_t start_timestamp, uint64_t end_timestamp, TraceType trace_type)
  cargo:warning=      |                               ^~~~~~~~
  cargo:warning=rocksdb/trace_replay/trace_record_result.cc:81:31: note: 'uint64_t' is defined in header '<cstdint>'; this is probably fixable by adding '#include <cstdint>'
  cargo:warning=rocksdb/trace_replay/trace_record_result.cc: In constructor 'rocksdb::MultiValuesTraceExecutionResult::MultiValuesTraceExecutionResult(std::vector<rocksdb::Status>, std::vector<std::__cxx11::basic_string<char> >, int, int, rocksdb::TraceType)':
  cargo:warning=rocksdb/trace_replay/trace_record_result.cc:84:32: error: no matching function for call to 'rocksdb::TraceExecutionResult::TraceExecutionResult(int&, int&, rocksdb::TraceType&)'
  cargo:warning=   84 |       values_(std::move(values)) {}
  cargo:warning=      |                                ^
  cargo:warning=rocksdb/trace_replay/trace_record_result.cc:84:32: note: there are 2 candidates
  cargo:warning=rocksdb/include/rocksdb/trace_record_result.h:65:7: note: candidate 1: 'constexpr rocksdb::TraceExecutionResult::TraceExecutionResult(const rocksdb::TraceExecutionResult&)'
  cargo:warning=   65 | class TraceExecutionResult : public TraceRecordResult {
  cargo:warning=      |       ^~~~~~~~~~~~~~~~~~~~
  cargo:warning=rocksdb/include/rocksdb/trace_record_result.h:65:7: note: candidate expects 1 argument, 3 provided
  cargo:warning=rocksdb/include/rocksdb/trace_record_result.h:65:7: note: candidate 2: 'constexpr rocksdb::TraceExecutionResult::TraceExecutionResult(rocksdb::TraceExecutionResult&&)'
  cargo:warning=rocksdb/include/rocksdb/trace_record_result.h:65:7: note: candidate expects 1 argument, 3 provided
  cargo:warning=rocksdb/trace_replay/trace_record_result.cc: At global scope:
  cargo:warning=rocksdb/trace_replay/trace_record_result.cc:109:5: error: 'uint64_t' has not been declared
  cargo:warning=  109 |     uint64_t start_timestamp, uint64_t end_timestamp, TraceType trace_type)
  cargo:warning=      |     ^~~~~~~~
  cargo:warning=rocksdb/trace_replay/trace_record_result.cc:109:5: note: 'uint64_t' is defined in header '<cstdint>'; this is probably fixable by adding '#include <cstdint>'
  cargo:warning=rocksdb/trace_replay/trace_record_result.cc:109:31: error: 'uint64_t' has not been declared
  cargo:warning=  109 |     uint64_t start_timestamp, uint64_t end_timestamp, TraceType trace_type)
  cargo:warning=      |                               ^~~~~~~~
  cargo:warning=rocksdb/trace_replay/trace_record_result.cc:109:31: note: 'uint64_t' is defined in header '<cstdint>'; this is probably fixable by adding '#include <cstdint>'
  cargo:warning=rocksdb/trace_replay/trace_record_result.cc: In constructor 'rocksdb::IteratorTraceExecutionResult::IteratorTraceExecutionResult(bool, rocksdb::Status, rocksdb::PinnableSlice&&, rocksdb::PinnableSlice&&, int, int, rocksdb::TraceType)':
  cargo:warning=rocksdb/trace_replay/trace_record_result.cc:114:30: error: no matching function for call to 'rocksdb::TraceExecutionResult::TraceExecutionResult(int&, int&, rocksdb::TraceType&)'
  cargo:warning=  114 |       value_(std::move(value)) {}
  cargo:warning=      |                              ^
  cargo:warning=rocksdb/trace_replay/trace_record_result.cc:114:30: note: there are 2 candidates
  cargo:warning=rocksdb/include/rocksdb/trace_record_result.h:65:7: note: candidate 1: 'constexpr rocksdb::TraceExecutionResult::TraceExecutionResult(const rocksdb::TraceExecutionResult&)'
  cargo:warning=   65 | class TraceExecutionResult : public TraceRecordResult {
  cargo:warning=      |       ^~~~~~~~~~~~~~~~~~~~
  cargo:warning=rocksdb/include/rocksdb/trace_record_result.h:65:7: note: candidate expects 1 argument, 3 provided
  cargo:warning=rocksdb/include/rocksdb/trace_record_result.h:65:7: note: candidate 2: 'constexpr rocksdb::TraceExecutionResult::TraceExecutionResult(rocksdb::TraceExecutionResult&&)'
  cargo:warning=rocksdb/include/rocksdb/trace_record_result.h:65:7: note: candidate expects 1 argument, 3 provided
  cargo:warning=rocksdb/trace_replay/trace_record_result.cc: At global scope:
  cargo:warning=rocksdb/trace_replay/trace_record_result.cc:118:5: error: 'uint64_t' has not been declared
  cargo:warning=  118 |     uint64_t start_timestamp, uint64_t end_timestamp, TraceType trace_type)
  cargo:warning=      |     ^~~~~~~~
  cargo:warning=rocksdb/trace_replay/trace_record_result.cc:118:5: note: 'uint64_t' is defined in header '<cstdint>'; this is probably fixable by adding '#include <cstdint>'
  cargo:warning=rocksdb/trace_replay/trace_record_result.cc:118:31: error: 'uint64_t' has not been declared
  cargo:warning=  118 |     uint64_t start_timestamp, uint64_t end_timestamp, TraceType trace_type)
  cargo:warning=      |                               ^~~~~~~~
  cargo:warning=rocksdb/trace_replay/trace_record_result.cc:118:31: note: 'uint64_t' is defined in header '<cstdint>'; this is probably fixable by adding '#include <cstdint>'
  cargo:warning=rocksdb/trace_replay/trace_record_result.cc: In constructor 'rocksdb::IteratorTraceExecutionResult::IteratorTraceExecutionResult(bool, rocksdb::Status, const std::string&, const std::string&, int, int, rocksdb::TraceType)':
  cargo:warning=rocksdb/trace_replay/trace_record_result.cc:121:32: error: no matching function for call to 'rocksdb::TraceExecutionResult::TraceExecutionResult(int&, int&, rocksdb::TraceType&)'
  cargo:warning=  121 |       status_(std::move(status)) {
  cargo:warning=      |                                ^
  cargo:warning=rocksdb/trace_replay/trace_record_result.cc:121:32: note: there are 2 candidates
  cargo:warning=rocksdb/include/rocksdb/trace_record_result.h:65:7: note: candidate 1: 'constexpr rocksdb::TraceExecutionResult::TraceExecutionResult(const rocksdb::TraceExecutionResult&)'
  cargo:warning=   65 | class TraceExecutionResult : public TraceRecordResult {
  cargo:warning=      |       ^~~~~~~~~~~~~~~~~~~~
  cargo:warning=rocksdb/include/rocksdb/trace_record_result.h:65:7: note: candidate expects 1 argument, 3 provided
  cargo:warning=rocksdb/include/rocksdb/trace_record_result.h:65:7: note: candidate 2: 'constexpr rocksdb::TraceExecutionResult::TraceExecutionResult(rocksdb::TraceExecutionResult&&)'
  cargo:warning=rocksdb/include/rocksdb/trace_record_result.h:65:7: note: candidate expects 1 argument, 3 provided
  exit status: 0
  exit status: 0
  exit status: 0
  exit status: 0
  exit status: 0
  exit status: 0
  exit status: 1
  cargo:warning=ToolExecError: command did not execute successfully (status code exit status: 1): LC_ALL="C" "c++" "-O0" "-ffunction-sections" "-fdata-sections" "-fPIC" "-gdwarf-4" "-fno-omit-frame-pointer" "-m64" "-I" "rocksdb/include/" "-I" "rocksdb/" "-I" "rocksdb/third-party/gtest-1.8.1/fused-src/" "-I" "snappy/" "-I" "/home/bruno/projects/atlasDb/target/debug/build/lz4-sys-ce6294e8d7090448/out/include" "-I" "/home/bruno/.cargo/registry/src/index.crates.io-1949cf8c6b5b557f/zstd-sys-2.0.16+zstd.1.5.7/zstd/lib" "-I" "/home/bruno/projects/atlasDb/target/debug/build/libz-sys-9281dd73ab8e6346/out/include" "-I" "/home/bruno/projects/atlasDb/target/debug/build/bzip2-sys-39f611a8c5d4f030/out/include" "-I" "." "-Wall" "-Wextra" "-std=c++17" "-Wsign-compare" "-Wshadow" "-Wno-unused-parameter" "-Wno-unused-variable" "-Woverloaded-virtual" "-Wnon-virtual-dtor" "-Wno-missing-field-initializers" "-Wno-strict-aliasing" "-Wno-invalid-offsetof" "-msse2" "-std=c++17" "-DSNAPPY=1" "-DLZ4=1" "-DZSTD=1" "-DZLIB=1" "-DBZIP2=1" "-DNDEBUG=1" "-DOS_LINUX" "-DROCKSDB_PLATFORM_POSIX" "-DROCKSDB_LIB_IO_POSIX" "-DROCKSDB_SUPPORT_THREAD_LOCAL" "-o" "/home/bruno/projects/atlasDb/target/debug/build/librocksdb-sys-ce9d7f62af75fe0e/out/6c7cb00c5af69c91-trace_record_result.o" "-c" "rocksdb/trace_replay/trace_record_result.cc"cargo:warning=rocksdb/trace_replay/trace_record.cc:20:1: error: no declaration matches 'rocksdb::TraceRecord::TraceRecord(uint64_t)'
  cargo:warning=   20 | TraceRecord::TraceRecord(uint64_t timestamp) : timestamp_(timestamp) {}
  cargo:warning=      | ^~~~~~~~~~~
  cargo:warning=rocksdb/include/rocksdb/trace_record.h:53:7: note: candidates are: 'constexpr rocksdb::TraceRecord::TraceRecord(const rocksdb::TraceRecord&)'
  cargo:warning=   53 | class TraceRecord {
  cargo:warning=      |       ^~~~~~~~~~~
  cargo:warning=rocksdb/include/rocksdb/trace_record.h:53:7: note:                 'constexpr rocksdb::TraceRecord::TraceRecord()'
  cargo:warning=rocksdb/include/rocksdb/trace_record.h:53:7: note: 'class rocksdb::TraceRecord' defined here
  cargo:warning=rocksdb/trace_replay/trace_record.cc:22:10: error: no declaration matches 'uint64_t rocksdb::TraceRecord::GetTimestamp() const'
  cargo:warning=   22 | uint64_t TraceRecord::GetTimestamp() const { return timestamp_; }
  cargo:warning=      |          ^~~~~~~~~~~
  cargo:warning=rocksdb/trace_replay/trace_record.cc:22:10: note: no functions named 'uint64_t rocksdb::TraceRecord::GetTimestamp() const'
  cargo:warning=rocksdb/include/rocksdb/trace_record.h:53:7: note: 'class rocksdb::TraceRecord' defined here
  cargo:warning=   53 | class TraceRecord {
  cargo:warning=      |       ^~~~~~~~~~~
  cargo:warning=rocksdb/trace_replay/trace_record.cc:30:1: error: no declaration matches 'rocksdb::QueryTraceRecord::QueryTraceRecord(uint64_t)'
  cargo:warning=   30 | QueryTraceRecord::QueryTraceRecord(uint64_t timestamp)
  cargo:warning=      | ^~~~~~~~~~~~~~~~
  cargo:warning=rocksdb/include/rocksdb/trace_record.h:95:7: note: candidates are: 'constexpr rocksdb::QueryTraceRecord::QueryTraceRecord(rocksdb::QueryTraceRecord&&)'
  cargo:warning=   95 | class QueryTraceRecord : public TraceRecord {
  cargo:warning=      |       ^~~~~~~~~~~~~~~~
  cargo:warning=rocksdb/include/rocksdb/trace_record.h:95:7: note:                 'constexpr rocksdb::QueryTraceRecord::QueryTraceRecord(const rocksdb::QueryTraceRecord&)'
  cargo:warning=rocksdb/include/rocksdb/trace_record.h:95:7: note:                 'constexpr rocksdb::QueryTraceRecord::QueryTraceRecord()'
  cargo:warning=rocksdb/include/rocksdb/trace_record.h:95:7: note: 'class rocksdb::QueryTraceRecord' defined here
  cargo:warning=rocksdb/trace_replay/trace_record.cc:34:1: error: no declaration matches 'rocksdb::WriteQueryTraceRecord::WriteQueryTraceRecord(rocksdb::PinnableSlice&&, uint64_t)'
  cargo:warning=   34 | WriteQueryTraceRecord::WriteQueryTraceRecord(PinnableSlice&& write_batch_rep,
  cargo:warning=      | ^~~~~~~~~~~~~~~~~~~~~
  cargo:warning=rocksdb/include/rocksdb/trace_record.h:101:7: note: candidates are: 'rocksdb::WriteQueryTraceRecord::WriteQueryTraceRecord(rocksdb::WriteQueryTraceRecord&)'
  cargo:warning=  101 | class WriteQueryTraceRecord : public QueryTraceRecord {
  cargo:warning=      |       ^~~~~~~~~~~~~~~~~~~~~
  cargo:warning=rocksdb/include/rocksdb/trace_record.h:105:3: note:                 'rocksdb::WriteQueryTraceRecord::WriteQueryTraceRecord(const std::string&, int)'
  cargo:warning=  105 |   WriteQueryTraceRecord(const std::string& write_batch_rep, uint64_t timestamp);
  cargo:warning=      |   ^~~~~~~~~~~~~~~~~~~~~
  cargo:warning=rocksdb/include/rocksdb/trace_record.h:103:3: note:                 'rocksdb::WriteQueryTraceRecord::WriteQueryTraceRecord(rocksdb::PinnableSlice&&, int)'
  cargo:warning=  103 |   WriteQueryTraceRecord(PinnableSlice&& write_batch_rep, uint64_t timestamp);
  cargo:warning=      |   ^~~~~~~~~~~~~~~~~~~~~
  cargo:warning=rocksdb/include/rocksdb/trace_record.h:101:7: note: 'class rocksdb::WriteQueryTraceRecord' defined here
  cargo:warning=  101 | class WriteQueryTraceRecord : public QueryTraceRecord {
  cargo:warning=      |       ^~~~~~~~~~~~~~~~~~~~~
  cargo:warning=rocksdb/trace_replay/trace_record.cc:38:1: error: no declaration matches 'rocksdb::WriteQueryTraceRecord::WriteQueryTraceRecord(const std::string&, uint64_t)'
  cargo:warning=   38 | WriteQueryTraceRecord::WriteQueryTraceRecord(const std::string& write_batch_rep,
  cargo:warning=      | ^~~~~~~~~~~~~~~~~~~~~
  cargo:warning=rocksdb/include/rocksdb/trace_record.h:101:7: note: candidates are: 'rocksdb::WriteQueryTraceRecord::WriteQueryTraceRecord(rocksdb::WriteQueryTraceRecord&)'
  cargo:warning=  101 | class WriteQueryTraceRecord : public QueryTraceRecord {
  cargo:warning=      |       ^~~~~~~~~~~~~~~~~~~~~
  cargo:warning=rocksdb/include/rocksdb/trace_record.h:105:3: note:                 'rocksdb::WriteQueryTraceRecord::WriteQueryTraceRecord(const std::string&, int)'
  cargo:warning=  105 |   WriteQueryTraceRecord(const std::string& write_batch_rep, uint64_t timestamp);
  cargo:warning=      |   ^~~~~~~~~~~~~~~~~~~~~
  cargo:warning=rocksdb/include/rocksdb/trace_record.h:103:3: note:                 'rocksdb::WriteQueryTraceRecord::WriteQueryTraceRecord(rocksdb::PinnableSlice&&, int)'
  cargo:warning=  103 |   WriteQueryTraceRecord(PinnableSlice&& write_batch_rep, uint64_t timestamp);
  cargo:warning=      |   ^~~~~~~~~~~~~~~~~~~~~
  cargo:warning=rocksdb/include/rocksdb/trace_record.h:101:7: note: 'class rocksdb::WriteQueryTraceRecord' defined here
  cargo:warning=  101 | class WriteQueryTraceRecord : public QueryTraceRecord {
  cargo:warning=      |       ^~~~~~~~~~~~~~~~~~~~~
  cargo:warning=rocksdb/trace_replay/trace_record.cc:55:1: error: no declaration matches 'rocksdb::GetQueryTraceRecord::GetQueryTraceRecord(uint32_t, rocksdb::PinnableSlice&&, uint64_t)'
  cargo:warning=   55 | GetQueryTraceRecord::GetQueryTraceRecord(uint32_t column_family_id,
  cargo:warning=      | ^~~~~~~~~~~~~~~~~~~
  cargo:warning=rocksdb/include/rocksdb/trace_record.h:122:7: note: candidates are: 'rocksdb::GetQueryTraceRecord::GetQueryTraceRecord(rocksdb::GetQueryTraceRecord&)'
  cargo:warning=  122 | class GetQueryTraceRecord : public QueryTraceRecord {
  cargo:warning=      |       ^~~~~~~~~~~~~~~~~~~
  cargo:warning=rocksdb/include/rocksdb/trace_record.h:122:7: note:                 'rocksdb::GetQueryTraceRecord::GetQueryTraceRecord()'
  cargo:warning=rocksdb/include/rocksdb/trace_record.h:122:7: note: 'class rocksdb::GetQueryTraceRecord' defined here
  cargo:warning=rocksdb/trace_replay/trace_record.cc:62:1: error: no declaration matches 'rocksdb::GetQueryTraceRecord::GetQueryTraceRecord(uint32_t, const std::string&, uint64_t)'
  cargo:warning=   62 | GetQueryTraceRecord::GetQueryTraceRecord(uint32_t column_family_id,
  cargo:warning=      | ^~~~~~~~~~~~~~~~~~~
  cargo:warning=rocksdb/include/rocksdb/trace_record.h:122:7: note: candidates are: 'rocksdb::GetQueryTraceRecord::GetQueryTraceRecord(rocksdb::GetQueryTraceRecord&)'
  cargo:warning=  122 | class GetQueryTraceRecord : public QueryTraceRecord {
  cargo:warning=      |       ^~~~~~~~~~~~~~~~~~~
  cargo:warning=rocksdb/include/rocksdb/trace_record.h:122:7: note:                 'rocksdb::GetQueryTraceRecord::GetQueryTraceRecord()'
  cargo:warning=rocksdb/include/rocksdb/trace_record.h:122:7: note: 'class rocksdb::GetQueryTraceRecord' defined here
  cargo:warning=rocksdb/trace_replay/trace_record.cc:71:10: error: no declaration matches 'uint32_t rocksdb::GetQueryTraceRecord::GetColumnFamilyID() const'
  cargo:warning=   71 | uint32_t GetQueryTraceRecord::GetColumnFamilyID() const { return cf_id_; }
  cargo:warning=      |          ^~~~~~~~~~~~~~~~~~~
  cargo:warning=rocksdb/trace_replay/trace_record.cc:71:10: note: no functions named 'uint32_t rocksdb::GetQueryTraceRecord::GetColumnFamilyID() const'
  cargo:warning=rocksdb/include/rocksdb/trace_record.h:122:7: note: 'class rocksdb::GetQueryTraceRecord' defined here
  cargo:warning=  122 | class GetQueryTraceRecord : public QueryTraceRecord {
  cargo:warning=      |       ^~~~~~~~~~~~~~~~~~~
  cargo:warning=rocksdb/trace_replay/trace_record.cc:82:1: error: no declaration matches 'rocksdb::IteratorQueryTraceRecord::IteratorQueryTraceRecord(uint64_t)'
  cargo:warning=   82 | IteratorQueryTraceRecord::IteratorQueryTraceRecord(uint64_t timestamp)
  cargo:warning=      | ^~~~~~~~~~~~~~~~~~~~~~~~
  cargo:warning=rocksdb/include/rocksdb/trace_record.h:149:7: note: candidates are: 'rocksdb::IteratorQueryTraceRecord::IteratorQueryTraceRecord(rocksdb::IteratorQueryTraceRecord&)'
  cargo:warning=  149 | class IteratorQueryTraceRecord : public QueryTraceRecord {
  cargo:warning=      |       ^~~~~~~~~~~~~~~~~~~~~~~~
  cargo:warning=rocksdb/include/rocksdb/trace_record.h:156:3: note:                 'rocksdb::IteratorQueryTraceRecord::IteratorQueryTraceRecord(const std::string&, const std::string&, int)'
  cargo:warning=  156 |   IteratorQueryTraceRecord(const std::string& lower_bound,
  cargo:warning=      |   ^~~~~~~~~~~~~~~~~~~~~~~~
  cargo:warning=rocksdb/include/rocksdb/trace_record.h:153:3: note:                 'rocksdb::IteratorQueryTraceRecord::IteratorQueryTraceRecord(rocksdb::PinnableSlice&&, rocksdb::PinnableSlice&&, int)'
  cargo:warning=  153 |   IteratorQueryTraceRecord(PinnableSlice&& lower_bound,
  cargo:warning=      |   ^~~~~~~~~~~~~~~~~~~~~~~~
  cargo:warning=rocksdb/include/rocksdb/trace_record.h:149:7: note: 'class rocksdb::IteratorQueryTraceRecord' defined here
  cargo:warning=  149 | class IteratorQueryTraceRecord : public QueryTraceRecord {
  cargo:warning=      |       ^~~~~~~~~~~~~~~~~~~~~~~~
  cargo:warning=rocksdb/trace_replay/trace_record.cc:85:1: error: no declaration matches 'rocksdb::IteratorQueryTraceRecord::IteratorQueryTraceRecord(rocksdb::PinnableSlice&&, rocksdb::PinnableSlice&&, uint64_t)'
  cargo:warning=   85 | IteratorQueryTraceRecord::IteratorQueryTraceRecord(PinnableSlice&& lower_bound,
  cargo:warning=      | ^~~~~~~~~~~~~~~~~~~~~~~~
  cargo:warning=rocksdb/include/rocksdb/trace_record.h:149:7: note: candidates are: 'rocksdb::IteratorQueryTraceRecord::IteratorQueryTraceRecord(rocksdb::IteratorQueryTraceRecord&)'
  cargo:warning=  149 | class IteratorQueryTraceRecord : public QueryTraceRecord {
  cargo:warning=      |       ^~~~~~~~~~~~~~~~~~~~~~~~
  cargo:warning=rocksdb/include/rocksdb/trace_record.h:156:3: note:                 'rocksdb::IteratorQueryTraceRecord::IteratorQueryTraceRecord(const std::string&, const std::string&, int)'
  cargo:warning=  156 |   IteratorQueryTraceRecord(const std::string& lower_bound,
  cargo:warning=      |   ^~~~~~~~~~~~~~~~~~~~~~~~
  cargo:warning=rocksdb/include/rocksdb/trace_record.h:153:3: note:                 'rocksdb::IteratorQueryTraceRecord::IteratorQueryTraceRecord(rocksdb::PinnableSlice&&, rocksdb::PinnableSlice&&, int)'
  cargo:warning=  153 |   IteratorQueryTraceRecord(PinnableSlice&& lower_bound,
  cargo:warning=      |   ^~~~~~~~~~~~~~~~~~~~~~~~
  cargo:warning=rocksdb/include/rocksdb/trace_record.h:149:7: note: 'class rocksdb::IteratorQueryTraceRecord' defined here
  cargo:warning=  149 | class IteratorQueryTraceRecord : public QueryTraceRecord {
  cargo:warning=      |       ^~~~~~~~~~~~~~~~~~~~~~~~
  cargo:warning=rocksdb/trace_replay/trace_record.cc:92:1: error: no declaration matches 'rocksdb::IteratorQueryTraceRecord::IteratorQueryTraceRecord(const std::string&, const std::string&, uint64_t)'
  cargo:warning=   92 | IteratorQueryTraceRecord::IteratorQueryTraceRecord(
  cargo:warning=      | ^~~~~~~~~~~~~~~~~~~~~~~~
  cargo:warning=rocksdb/include/rocksdb/trace_record.h:149:7: note: candidates are: 'rocksdb::IteratorQueryTraceRecord::IteratorQueryTraceRecord(rocksdb::IteratorQueryTraceRecord&)'
  cargo:warning=  149 | class IteratorQueryTraceRecord : public QueryTraceRecord {
  cargo:warning=      |       ^~~~~~~~~~~~~~~~~~~~~~~~
  cargo:warning=rocksdb/include/rocksdb/trace_record.h:156:3: note:                 'rocksdb::IteratorQueryTraceRecord::IteratorQueryTraceRecord(const std::string&, const std::string&, int)'
  cargo:warning=  156 |   IteratorQueryTraceRecord(const std::string& lower_bound,
  cargo:warning=      |   ^~~~~~~~~~~~~~~~~~~~~~~~
  cargo:warning=rocksdb/include/rocksdb/trace_record.h:153:3: note:                 'rocksdb::IteratorQueryTraceRecord::IteratorQueryTraceRecord(rocksdb::PinnableSlice&&, rocksdb::PinnableSlice&&, int)'
  cargo:warning=  153 |   IteratorQueryTraceRecord(PinnableSlice&& lower_bound,
  cargo:warning=      |   ^~~~~~~~~~~~~~~~~~~~~~~~
  cargo:warning=rocksdb/include/rocksdb/trace_record.h:149:7: note: 'class rocksdb::IteratorQueryTraceRecord' defined here
  cargo:warning=  149 | class IteratorQueryTraceRecord : public QueryTraceRecord {
  cargo:warning=      |       ^~~~~~~~~~~~~~~~~~~~~~~~
  cargo:warning=rocksdb/trace_replay/trace_record.cc:107:1: error: no declaration matches 'rocksdb::IteratorSeekQueryTraceRecord::IteratorSeekQueryTraceRecord(SeekType, uint32_t, rocksdb::PinnableSlice&&, uint64_t)'
  cargo:warning=  107 | IteratorSeekQueryTraceRecord::IteratorSeekQueryTraceRecord(
  cargo:warning=      | ^~~~~~~~~~~~~~~~~~~~~~~~~~~~
  cargo:warning=rocksdb/include/rocksdb/trace_record.h:172:7: note: candidates are: 'rocksdb::IteratorSeekQueryTraceRecord::IteratorSeekQueryTraceRecord(rocksdb::IteratorSeekQueryTraceRecord&)'
  cargo:warning=  172 | class IteratorSeekQueryTraceRecord : public IteratorQueryTraceRecord {
  cargo:warning=      |       ^~~~~~~~~~~~~~~~~~~~~~~~~~~~
  cargo:warning=rocksdb/include/rocksdb/trace_record.h:190:3: note:                 'rocksdb::IteratorSeekQueryTraceRecord::IteratorSeekQueryTraceRecord(SeekType, int, const std::string&, const std::string&, const std::string&, int)'
  cargo:warning=  190 |   IteratorSeekQueryTraceRecord(SeekType seekType, uint32_t column_family_id,
  cargo:warning=      |   ^~~~~~~~~~~~~~~~~~~~~~~~~~~~
  cargo:warning=rocksdb/include/rocksdb/trace_record.h:186:3: note:                 'rocksdb::IteratorSeekQueryTraceRecord::IteratorSeekQueryTraceRecord(SeekType, int, rocksdb::PinnableSlice&&, rocksdb::PinnableSlice&&, rocksdb::PinnableSlice&&, int)'
  cargo:warning=  186 |   IteratorSeekQueryTraceRecord(SeekType seekType, uint32_t column_family_id,
  cargo:warning=      |   ^~~~~~~~~~~~~~~~~~~~~~~~~~~~
  cargo:warning=rocksdb/include/rocksdb/trace_record.h:183:3: note:                 'rocksdb::IteratorSeekQueryTraceRecord::IteratorSeekQueryTraceRecord(SeekType, int, const std::string&, int)'
  cargo:warning=  183 |   IteratorSeekQueryTraceRecord(SeekType seekType, uint32_t column_family_id,
  cargo:warning=      |   ^~~~~~~~~~~~~~~~~~~~~~~~~~~~
  cargo:warning=rocksdb/include/rocksdb/trace_record.h:180:3: note:                 'rocksdb::IteratorSeekQueryTraceRecord::IteratorSeekQueryTraceRecord(SeekType, int, rocksdb::PinnableSlice&&, int)'
  cargo:warning=  180 |   IteratorSeekQueryTraceRecord(SeekType seekType, uint32_t column_family_id,
  cargo:warning=      |   ^~~~~~~~~~~~~~~~~~~~~~~~~~~~
  cargo:warning=rocksdb/include/rocksdb/trace_record.h:172:7: note: 'class rocksdb::IteratorSeekQueryTraceRecord' defined here
  cargo:warning=  172 | class IteratorSeekQueryTraceRecord : public IteratorQueryTraceRecord {
  cargo:warning=      |       ^~~~~~~~~~~~~~~~~~~~~~~~~~~~
  cargo:warning=rocksdb/trace_replay/trace_record.cc:115:1: error: no declaration matches 'rocksdb::IteratorSeekQueryTraceRecord::IteratorSeekQueryTraceRecord(SeekType, uint32_t, const std::string&, uint64_t)'
  cargo:warning=  115 | IteratorSeekQueryTraceRecord::IteratorSeekQueryTraceRecord(
  cargo:warning=      | ^~~~~~~~~~~~~~~~~~~~~~~~~~~~
  cargo:warning=rocksdb/include/rocksdb/trace_record.h:172:7: note: candidates are: 'rocksdb::IteratorSeekQueryTraceRecord::IteratorSeekQueryTraceRecord(rocksdb::IteratorSeekQueryTraceRecord&)'
  cargo:warning=  172 | class IteratorSeekQueryTraceRecord : public IteratorQueryTraceRecord {
  cargo:warning=      |       ^~~~~~~~~~~~~~~~~~~~~~~~~~~~
  cargo:warning=rocksdb/include/rocksdb/trace_record.h:190:3: note:                 'rocksdb::IteratorSeekQueryTraceRecord::IteratorSeekQueryTraceRecord(SeekType, int, const std::string&, const std::string&, const std::string&, int)'
  cargo:warning=  190 |   IteratorSeekQueryTraceRecord(SeekType seekType, uint32_t column_family_id,
  cargo:warning=      |   ^~~~~~~~~~~~~~~~~~~~~~~~~~~~
  cargo:warning=rocksdb/include/rocksdb/trace_record.h:186:3: note:                 'rocksdb::IteratorSeekQueryTraceRecord::IteratorSeekQueryTraceRecord(SeekType, int, rocksdb::PinnableSlice&&, rocksdb::PinnableSlice&&, rocksdb::PinnableSlice&&, int)'
  cargo:warning=  186 |   IteratorSeekQueryTraceRecord(SeekType seekType, uint32_t column_family_id,
  cargo:warning=      |   ^~~~~~~~~~~~~~~~~~~~~~~~~~~~
  cargo:warning=rocksdb/include/rocksdb/trace_record.h:183:3: note:                 'rocksdb::IteratorSeekQueryTraceRecord::IteratorSeekQueryTraceRecord(SeekType, int, const std::string&, int)'
  cargo:warning=  183 |   IteratorSeekQueryTraceRecord(SeekType seekType, uint32_t column_family_id,
  cargo:warning=      |   ^~~~~~~~~~~~~~~~~~~~~~~~~~~~
  cargo:warning=rocksdb/include/rocksdb/trace_record.h:180:3: note:                 'rocksdb::IteratorSeekQueryTraceRecord::IteratorSeekQueryTraceRecord(SeekType, int, rocksdb::PinnableSlice&&, int)'
  cargo:warning=  180 |   IteratorSeekQueryTraceRecord(SeekType seekType, uint32_t column_family_id,
  cargo:warning=      |   ^~~~~~~~~~~~~~~~~~~~~~~~~~~~
  cargo:warning=rocksdb/include/rocksdb/trace_record.h:172:7: note: 'class rocksdb::IteratorSeekQueryTraceRecord' defined here
  cargo:warning=  172 | class IteratorSeekQueryTraceRecord : public IteratorQueryTraceRecord {
  cargo:warning=      |       ^~~~~~~~~~~~~~~~~~~~~~~~~~~~
  cargo:warning=rocksdb/trace_replay/trace_record.cc:124:1: error: no declaration matches 'rocksdb::IteratorSeekQueryTraceRecord::IteratorSeekQueryTraceRecord(SeekType, uint32_t, rocksdb::PinnableSlice&&, rocksdb::PinnableSlice&&, rocksdb::PinnableSlice&&, uint64_t)'
  cargo:warning=  124 | IteratorSeekQueryTraceRecord::IteratorSeekQueryTraceRecord(
  cargo:warning=      | ^~~~~~~~~~~~~~~~~~~~~~~~~~~~
  cargo:warning=rocksdb/include/rocksdb/trace_record.h:172:7: note: candidates are: 'rocksdb::IteratorSeekQueryTraceRecord::IteratorSeekQueryTraceRecord(rocksdb::IteratorSeekQueryTraceRecord&)'
  cargo:warning=  172 | class IteratorSeekQueryTraceRecord : public IteratorQueryTraceRecord {
  cargo:warning=      |       ^~~~~~~~~~~~~~~~~~~~~~~~~~~~
  cargo:warning=rocksdb/include/rocksdb/trace_record.h:190:3: note:                 'rocksdb::IteratorSeekQueryTraceRecord::IteratorSeekQueryTraceRecord(SeekType, int, const std::string&, const std::string&, const std::string&, int)'
  cargo:warning=  190 |   IteratorSeekQueryTraceRecord(SeekType seekType, uint32_t column_family_id,
  cargo:warning=      |   ^~~~~~~~~~~~~~~~~~~~~~~~~~~~
  cargo:warning=rocksdb/include/rocksdb/trace_record.h:186:3: note:                 'rocksdb::IteratorSeekQueryTraceRecord::IteratorSeekQueryTraceRecord(SeekType, int, rocksdb::PinnableSlice&&, rocksdb::PinnableSlice&&, rocksdb::PinnableSlice&&, int)'
  cargo:warning=  186 |   IteratorSeekQueryTraceRecord(SeekType seekType, uint32_t column_family_id,
  cargo:warning=      |   ^~~~~~~~~~~~~~~~~~~~~~~~~~~~
  cargo:warning=rocksdb/include/rocksdb/trace_record.h:183:3: note:                 'rocksdb::IteratorSeekQueryTraceRecord::IteratorSeekQueryTraceRecord(SeekType, int, const std::string&, int)'
  cargo:warning=  183 |   IteratorSeekQueryTraceRecord(SeekType seekType, uint32_t column_family_id,
  cargo:warning=      |   ^~~~~~~~~~~~~~~~~~~~~~~~~~~~
  cargo:warning=rocksdb/include/rocksdb/trace_record.h:180:3: note:                 'rocksdb::IteratorSeekQueryTraceRecord::IteratorSeekQueryTraceRecord(SeekType, int, rocksdb::PinnableSlice&&, int)'
  cargo:warning=  180 |   IteratorSeekQueryTraceRecord(SeekType seekType, uint32_t column_family_id,
  cargo:warning=      |   ^~~~~~~~~~~~~~~~~~~~~~~~~~~~
  cargo:warning=rocksdb/include/rocksdb/trace_record.h:172:7: note: 'class rocksdb::IteratorSeekQueryTraceRecord' defined here
  cargo:warning=  172 | class IteratorSeekQueryTraceRecord : public IteratorQueryTraceRecord {
  cargo:warning=      |       ^~~~~~~~~~~~~~~~~~~~~~~~~~~~
  cargo:warning=rocksdb/trace_replay/trace_record.cc:134:1: error: no declaration matches 'rocksdb::IteratorSeekQueryTraceRecord::IteratorSeekQueryTraceRecord(SeekType, uint32_t, const std::string&, const std::string&, const std::string&, uint64_t)'
  cargo:warning=  134 | IteratorSeekQueryTraceRecord::IteratorSeekQueryTraceRecord(
  cargo:warning=      | ^~~~~~~~~~~~~~~~~~~~~~~~~~~~
  cargo:warning=rocksdb/include/rocksdb/trace_record.h:172:7: note: candidates are: 'rocksdb::IteratorSeekQueryTraceRecord::IteratorSeekQueryTraceRecord(rocksdb::IteratorSeekQueryTraceRecord&)'
  cargo:warning=  172 | class IteratorSeekQueryTraceRecord : public IteratorQueryTraceRecord {
  cargo:warning=      |       ^~~~~~~~~~~~~~~~~~~~~~~~~~~~
  cargo:warning=rocksdb/include/rocksdb/trace_record.h:190:3: note:                 'rocksdb::IteratorSeekQueryTraceRecord::IteratorSeekQueryTraceRecord(SeekType, int, const std::string&, const std::string&, const std::string&, int)'
  cargo:warning=  190 |   IteratorSeekQueryTraceRecord(SeekType seekType, uint32_t column_family_id,
  cargo:warning=      |   ^~~~~~~~~~~~~~~~~~~~~~~~~~~~
  cargo:warning=rocksdb/include/rocksdb/trace_record.h:186:3: note:                 'rocksdb::IteratorSeekQueryTraceRecord::IteratorSeekQueryTraceRecord(SeekType, int, rocksdb::PinnableSlice&&, rocksdb::PinnableSlice&&, rocksdb::PinnableSlice&&, int)'
  cargo:warning=  186 |   IteratorSeekQueryTraceRecord(SeekType seekType, uint32_t column_family_id,
  cargo:warning=      |   ^~~~~~~~~~~~~~~~~~~~~~~~~~~~
  cargo:warning=rocksdb/include/rocksdb/trace_record.h:183:3: note:                 'rocksdb::IteratorSeekQueryTraceRecord::IteratorSeekQueryTraceRecord(SeekType, int, const std::string&, int)'
  cargo:warning=  183 |   IteratorSeekQueryTraceRecord(SeekType seekType, uint32_t column_family_id,
  cargo:warning=      |   ^~~~~~~~~~~~~~~~~~~~~~~~~~~~
  cargo:warning=rocksdb/include/rocksdb/trace_record.h:180:3: note:                 'rocksdb::IteratorSeekQueryTraceRecord::IteratorSeekQueryTraceRecord(SeekType, int, rocksdb::PinnableSlice&&, int)'
  cargo:warning=  180 |   IteratorSeekQueryTraceRecord(SeekType seekType, uint32_t column_family_id,
  cargo:warning=      |   ^~~~~~~~~~~~~~~~~~~~~~~~~~~~
  cargo:warning=rocksdb/include/rocksdb/trace_record.h:172:7: note: 'class rocksdb::IteratorSeekQueryTraceRecord' defined here
  cargo:warning=  172 | class IteratorSeekQueryTraceRecord : public IteratorQueryTraceRecord {
  cargo:warning=      |       ^~~~~~~~~~~~~~~~~~~~~~~~~~~~
  cargo:warning=rocksdb/trace_replay/trace_record.cc:155:10: error: no declaration matches 'uint32_t rocksdb::IteratorSeekQueryTraceRecord::GetColumnFamilyID() const'
  cargo:warning=  155 | uint32_t IteratorSeekQueryTraceRecord::GetColumnFamilyID() const {
  cargo:warning=      |          ^~~~~~~~~~~~~~~~~~~~~~~~~~~~
  cargo:warning=rocksdb/trace_replay/trace_record.cc:155:10: note: no functions named 'uint32_t rocksdb::IteratorSeekQueryTraceRecord::GetColumnFamilyID() const'
  cargo:warning=rocksdb/include/rocksdb/trace_record.h:172:7: note: 'class rocksdb::IteratorSeekQueryTraceRecord' defined here
  cargo:warning=  172 | class IteratorSeekQueryTraceRecord : public IteratorQueryTraceRecord {
  cargo:warning=      |       ^~~~~~~~~~~~~~~~~~~~~~~~~~~~
  cargo:warning=rocksdb/trace_replay/trace_record.cc:168:1: error: no declaration matches 'rocksdb::MultiGetQueryTraceRecord::MultiGetQueryTraceRecord(std::vector<unsigned int>, std::vector<rocksdb::PinnableSlice>&&, uint64_t)'
  cargo:warning=  168 | MultiGetQueryTraceRecord::MultiGetQueryTraceRecord(
  cargo:warning=      | ^~~~~~~~~~~~~~~~~~~~~~~~
  cargo:warning=rocksdb/include/rocksdb/trace_record.h:220:7: note: candidates are: 'rocksdb::MultiGetQueryTraceRecord::MultiGetQueryTraceRecord(const rocksdb::MultiGetQueryTraceRecord&)'
  cargo:warning=  220 | class MultiGetQueryTraceRecord : public QueryTraceRecord {
  cargo:warning=      |       ^~~~~~~~~~~~~~~~~~~~~~~~
  cargo:warning=rocksdb/include/rocksdb/trace_record.h:226:3: note:                 'rocksdb::MultiGetQueryTraceRecord::MultiGetQueryTraceRecord(int, const std::vector<std::__cxx11::basic_string<char> >&, int)'
  cargo:warning=  226 |   MultiGetQueryTraceRecord(std::vector<uint32_t> column_family_ids,
  cargo:warning=      |   ^~~~~~~~~~~~~~~~~~~~~~~~
  cargo:warning=rocksdb/include/rocksdb/trace_record.h:222:3: note:                 'rocksdb::MultiGetQueryTraceRecord::MultiGetQueryTraceRecord(int, std::vector<rocksdb::PinnableSlice>&&, int)'
  cargo:warning=  222 |   MultiGetQueryTraceRecord(std::vector<uint32_t> column_family_ids,
  cargo:warning=      |   ^~~~~~~~~~~~~~~~~~~~~~~~
  cargo:warning=rocksdb/include/rocksdb/trace_record.h:220:7: note: 'class rocksdb::MultiGetQueryTraceRecord' defined here
  cargo:warning=  220 | class MultiGetQueryTraceRecord : public QueryTraceRecord {
  cargo:warning=      |       ^~~~~~~~~~~~~~~~~~~~~~~~
  cargo:warning=rocksdb/trace_replay/trace_record.cc:175:1: error: no declaration matches 'rocksdb::MultiGetQueryTraceRecord::MultiGetQueryTraceRecord(std::vector<unsigned int>, const std::vector<std::__cxx11::basic_string<char> >&, uint64_t)'
  cargo:warning=  175 | MultiGetQueryTraceRecord::MultiGetQueryTraceRecord(
  cargo:warning=      | ^~~~~~~~~~~~~~~~~~~~~~~~
  cargo:warning=rocksdb/include/rocksdb/trace_record.h:220:7: note: candidates are: 'rocksdb::MultiGetQueryTraceRecord::MultiGetQueryTraceRecord(const rocksdb::MultiGetQueryTraceRecord&)'
  cargo:warning=  220 | class MultiGetQueryTraceRecord : public QueryTraceRecord {
  cargo:warning=      |       ^~~~~~~~~~~~~~~~~~~~~~~~
  cargo:warning=rocksdb/include/rocksdb/trace_record.h:226:3: note:                 'rocksdb::MultiGetQueryTraceRecord::MultiGetQueryTraceRecord(int, const std::vector<std::__cxx11::basic_string<char> >&, int)'
  cargo:warning=  226 |   MultiGetQueryTraceRecord(std::vector<uint32_t> column_family_ids,
  cargo:warning=      |   ^~~~~~~~~~~~~~~~~~~~~~~~
  cargo:warning=rocksdb/include/rocksdb/trace_record.h:222:3: note:                 'rocksdb::MultiGetQueryTraceRecord::MultiGetQueryTraceRecord(int, std::vector<rocksdb::PinnableSlice>&&, int)'
  cargo:warning=  222 |   MultiGetQueryTraceRecord(std::vector<uint32_t> column_family_ids,
  cargo:warning=      |   ^~~~~~~~~~~~~~~~~~~~~~~~
  cargo:warning=rocksdb/include/rocksdb/trace_record.h:220:7: note: 'class rocksdb::MultiGetQueryTraceRecord' defined here
  cargo:warning=  220 | class MultiGetQueryTraceRecord : public QueryTraceRecord {
  cargo:warning=      |       ^~~~~~~~~~~~~~~~~~~~~~~~
  cargo:warning=rocksdb/trace_replay/trace_record.cc: In destructor 'virtual rocksdb::MultiGetQueryTraceRecord::~MultiGetQueryTraceRecord()':
  cargo:warning=rocksdb/trace_replay/trace_record.cc:188:11: error: request for member 'clear' in '((rocksdb::MultiGetQueryTraceRecord*)this)->rocksdb::MultiGetQueryTraceRecord::cf_ids_', which is of non-class type 'int'
  cargo:warning=  188 |   cf_ids_.clear();
  cargo:warning=      |           ^~~~~
  cargo:warning=rocksdb/trace_replay/trace_record.cc: At global scope:
  cargo:warning=rocksdb/trace_replay/trace_record.cc:192:23: error: no declaration matches 'std::vector<unsigned int> rocksdb::MultiGetQueryTraceRecord::GetColumnFamilyIDs() const'
  cargo:warning=  192 | std::vector<uint32_t> MultiGetQueryTraceRecord::GetColumnFamilyIDs() const {
  cargo:warning=      |                       ^~~~~~~~~~~~~~~~~~~~~~~~
  cargo:warning=rocksdb/include/rocksdb/trace_record.h:235:33: note: candidate is: 'virtual int rocksdb::MultiGetQueryTraceRecord::GetColumnFamilyIDs() const'
  cargo:warning=  235 |   virtual std::vector<uint32_t> GetColumnFamilyIDs() const;
  cargo:warning=      |                                 ^~~~~~~~~~~~~~~~~~
  cargo:warning=rocksdb/include/rocksdb/trace_record.h:220:7: note: 'class rocksdb::MultiGetQueryTraceRecord' defined here
  cargo:warning=  220 | class MultiGetQueryTraceRecord : public QueryTraceRecord {
  cargo:warning=      |       ^~~~~~~~~~~~~~~~~~~~~~~~

  exit status: 0
  exit status: 0
  exit status: 0
  exit status: 1
  cargo:warning=ToolExecError: command did not execute successfully (status code exit status: 1): LC_ALL="C" "c++" "-O0" "-ffunction-sections" "-fdata-sections" "-fPIC" "-gdwarf-4" "-fno-omit-frame-pointer" "-m64" "-I" "rocksdb/include/" "-I" "rocksdb/" "-I" "rocksdb/third-party/gtest-1.8.1/fused-src/" "-I" "snappy/" "-I" "/home/bruno/projects/atlasDb/target/debug/build/lz4-sys-ce6294e8d7090448/out/include" "-I" "/home/bruno/.cargo/registry/src/index.crates.io-1949cf8c6b5b557f/zstd-sys-2.0.16+zstd.1.5.7/zstd/lib" "-I" "/home/bruno/projects/atlasDb/target/debug/build/libz-sys-9281dd73ab8e6346/out/include" "-I" "/home/bruno/projects/atlasDb/target/debug/build/bzip2-sys-39f611a8c5d4f030/out/include" "-I" "." "-Wall" "-Wextra" "-std=c++17" "-Wsign-compare" "-Wshadow" "-Wno-unused-parameter" "-Wno-unused-variable" "-Woverloaded-virtual" "-Wnon-virtual-dtor" "-Wno-missing-field-initializers" "-Wno-strict-aliasing" "-Wno-invalid-offsetof" "-msse2" "-std=c++17" "-DSNAPPY=1" "-DLZ4=1" "-DZSTD=1" "-DZLIB=1" "-DBZIP2=1" "-DNDEBUG=1" "-DOS_LINUX" "-DROCKSDB_PLATFORM_POSIX" "-DROCKSDB_LIB_IO_POSIX" "-DROCKSDB_SUPPORT_THREAD_LOCAL" "-o" "/home/bruno/projects/atlasDb/target/debug/build/librocksdb-sys-ce9d7f62af75fe0e/out/6c7cb00c5af69c91-trace_record.o" "-c" "rocksdb/trace_replay/trace_record.cc"
  exit status: 0
  exit status: 0
  exit status: 0
  exit status: 0
  exit status: 0
  exit status: 0
  exit status: 0
  exit status: 0
  exit status: 0
  exit status: 0
  exit status: 0
  exit status: 0
  exit status: 0
  exit status: 0
  exit status: 0
  exit status: 0
  exit status: 0
  exit status: 0
  exit status: 0
  exit status: 0
  exit status: 0
  exit status: 0
  exit status: 0
  exit status: 0
  exit status: 0
  exit status: 0
  exit status: 0
  exit status: 0
  exit status: 0
  exit status: 0
  exit status: 0
  exit status: 0
  exit status: 0
  exit status: 0
  exit status: 0
  exit status: 0
  exit status: 0
  exit status: 0
  exit status: 0
  exit status: 0
  exit status: 0
  exit status: 0
  exit status: 0
  exit status: 0
  exit status: 0
  exit status: 0
  exit status: 0
  exit status: 0
  exit status: 0
  exit status: 0
  exit status: 0
  exit status: 0
  exit status: 0
  exit status: 0
  exit status: 0
  exit status: 0
  exit status: 0
  exit status: 0
  exit status: 0
  exit status: 0
  exit status: 0
  exit status: 0
  exit status: 0
  exit status: 0
  exit status: 0
  exit status: 0
  exit status: 0
  exit status: 0
  exit status: 0
  exit status: 0
  exit status: 0
  exit status: 0
  exit status: 0
  exit status: 0
  exit status: 0
  exit status: 0
  exit status: 0
  exit status: 0
  exit status: 0
  exit status: 0
  exit status: 0
  exit status: 0
  exit status: 0
  exit status: 0
  exit status: 0
  exit status: 0
  exit status: 0
  exit status: 0
  exit status: 0
  exit status: 0
  exit status: 0
  exit status: 0

  --- stderr


  error occurred in cc-rs: command did not execute successfully (status code exit status: 1): LC_ALL="C" "c++" "-O0" "-ffunction-sections" "-fdata-sections" "-fPIC" "-gdwarf-4" "-fno-omit-frame-pointer" "-m64" "-I" "rocksdb/include/" "-I" "rocksdb/" "-I" "rocksdb/third-party/gtest-1.8.1/fused-src/" "-I" "snappy/" "-I" "/home/bruno/projects/atlasDb/target/debug/build/lz4-sys-ce6294e8d7090448/out/include" "-I" "/home/bruno/.cargo/registry/src/index.crates.io-1949cf8c6b5b557f/zstd-sys-2.0.16+zstd.1.5.7/zstd/lib" "-I" "/home/bruno/projects/atlasDb/target/debug/build/libz-sys-9281dd73ab8e6346/out/include" "-I" "/home/bruno/projects/atlasDb/target/debug/build/bzip2-sys-39f611a8c5d4f030/out/include" "-I" "." "-Wall" "-Wextra" "-std=c++17" "-Wsign-compare" "-Wshadow" "-Wno-unused-parameter" "-Wno-unused-variable" "-Woverloaded-virtual" "-Wnon-virtual-dtor" "-Wno-missing-field-initializers" "-Wno-strict-aliasing" "-Wno-invalid-offsetof" "-msse2" "-std=c++17" "-DSNAPPY=1" "-DLZ4=1" "-DZSTD=1" "-DZLIB=1" "-DBZIP2=1" "-DNDEBUG=1" "-DOS_LINUX" "-DROCKSDB_PLATFORM_POSIX" "-DROCKSDB_LIB_IO_POSIX" "-DROCKSDB_SUPPORT_THREAD_LOCAL" "-o" "/home/bruno/projects/atlasDb/target/debug/build/librocksdb-sys-ce9d7f62af75fe0e/out/6c7cb00c5af69c91-trace_record.o" "-c" "rocksdb/trace_replay/trace_record.cc"


